This is pdfTeX, Version 3.14159265-2.6-1.40.20 (TeX Live 2019/Debian) (preloaded format=pdflatex 2020.9.26)  24 JAN 2021 12:03
entering extended mode
 restricted \write18 enabled.
 %&-line parsing enabled.
**tema_4.tex
(./tema_4.tex
LaTeX2e <2020-02-02> patch level 2
L3 programming layer <2020-02-14>
(/usr/share/texlive/texmf-dist/tex/latex/base/article.cls
Document Class: article 2019/12/20 v1.4l Standard LaTeX document class
(/usr/share/texlive/texmf-dist/tex/latex/base/size11.clo
File: size11.clo 2019/12/20 v1.4l Standard LaTeX file (size option)
)
\c@part=\count167
\c@section=\count168
\c@subsection=\count169
\c@subsubsection=\count170
\c@paragraph=\count171
\c@subparagraph=\count172
\c@figure=\count173
\c@table=\count174
\abovecaptionskip=\skip47
\belowcaptionskip=\skip48
\bibindent=\dimen134
)
(/usr/share/texlive/texmf-dist/tex/generic/babel/babel.sty
Package: babel 2020/02/14 3.40 The Babel package

(/usr/share/texlive/texmf-dist/tex/generic/babel/switch.def
File: switch.def 2020/02/14 3.40 Babel switching mechanism
)
(/usr/share/texlive/texmf-dist/tex/generic/babel-spanish/spanish.ldf
Language: spanish.ldf 2016/03/03 v5.0p Spanish support from the babel system

(/usr/share/texlive/texmf-dist/tex/generic/babel/babel.def
File: babel.def 2020/02/14 3.40 Babel common definitions
\babel@savecnt=\count175
\U@D=\dimen135

(/usr/share/texlive/texmf-dist/tex/generic/babel/txtbabel.def)
\bbl@readstream=\read2
\bbl@dirlevel=\count176
)
\es@quottoks=\toks14
\es@quotdepth=\count177
Package babel Info: Making " an active character on input line 561.
Package babel Info: Making . an active character on input line 662.
Package babel Info: Making < an active character on input line 707.
Package babel Info: Making > an active character on input line 707.
))
(/usr/share/texlive/texmf-dist/tex/latex/base/inputenc.sty
Package: inputenc 2018/08/11 v1.3c Input encoding file
\inpenc@prehook=\toks15
\inpenc@posthook=\toks16
)
(/usr/share/texlive/texmf-dist/tex/latex/hyperref/hyperref.sty
Package: hyperref 2020/01/14 v7.00d Hypertext links for LaTeX

(/usr/share/texlive/texmf-dist/tex/generic/ltxcmds/ltxcmds.sty
Package: ltxcmds 2019/12/15 v1.24 LaTeX kernel commands for general use (HO)
)
(/usr/share/texlive/texmf-dist/tex/generic/iftex/iftex.sty
Package: iftex 2019/11/07 v1.0c TeX engine tests
)
(/usr/share/texlive/texmf-dist/tex/latex/pdftexcmds/pdftexcmds.sty
Package: pdftexcmds 2019/11/24 v0.31 Utility functions of pdfTeX for LuaTeX (HO
)

(/usr/share/texlive/texmf-dist/tex/generic/infwarerr/infwarerr.sty
Package: infwarerr 2019/12/03 v1.5 Providing info/warning/error messages (HO)
)
Package pdftexcmds Info: \pdf@primitive is available.
Package pdftexcmds Info: \pdf@ifprimitive is available.
Package pdftexcmds Info: \pdfdraftmode found.
)
(/usr/share/texlive/texmf-dist/tex/latex/graphics/keyval.sty
Package: keyval 2014/10/28 v1.15 key=value parser (DPC)
\KV@toks@=\toks17
)
(/usr/share/texlive/texmf-dist/tex/generic/kvsetkeys/kvsetkeys.sty
Package: kvsetkeys 2019/12/15 v1.18 Key value parser (HO)
)
(/usr/share/texlive/texmf-dist/tex/generic/kvdefinekeys/kvdefinekeys.sty
Package: kvdefinekeys 2019-12-19 v1.6 Define keys (HO)
)
(/usr/share/texlive/texmf-dist/tex/generic/pdfescape/pdfescape.sty
Package: pdfescape 2019/12/09 v1.15 Implements pdfTeX's escape features (HO)
)
(/usr/share/texlive/texmf-dist/tex/latex/hycolor/hycolor.sty
Package: hycolor 2020-01-27 v1.10 Color options for hyperref/bookmark (HO)
)
(/usr/share/texlive/texmf-dist/tex/latex/letltxmacro/letltxmacro.sty
Package: letltxmacro 2019/12/03 v1.6 Let assignment for LaTeX macros (HO)
)
(/usr/share/texlive/texmf-dist/tex/latex/auxhook/auxhook.sty
Package: auxhook 2019-12-17 v1.6 Hooks for auxiliary files (HO)
)
(/usr/share/texlive/texmf-dist/tex/latex/kvoptions/kvoptions.sty
Package: kvoptions 2019/11/29 v3.13 Key value format for package options (HO)
)
\@linkdim=\dimen136
\Hy@linkcounter=\count178
\Hy@pagecounter=\count179

(/usr/share/texlive/texmf-dist/tex/latex/hyperref/pd1enc.def
File: pd1enc.def 2020/01/14 v7.00d Hyperref: PDFDocEncoding definition (HO)
Now handling font encoding PD1 ...
... no UTF-8 mapping file for font encoding PD1
)
(/usr/share/texlive/texmf-dist/tex/generic/intcalc/intcalc.sty
Package: intcalc 2019/12/15 v1.3 Expandable calculations with integers (HO)
)
(/usr/share/texlive/texmf-dist/tex/generic/etexcmds/etexcmds.sty
Package: etexcmds 2019/12/15 v1.7 Avoid name clashes with e-TeX commands (HO)
)
\Hy@SavedSpaceFactor=\count180
\pdfmajorversion=\count181
Package hyperref Info: Hyper figures OFF on input line 4547.
Package hyperref Info: Link nesting OFF on input line 4552.
Package hyperref Info: Hyper index ON on input line 4555.
Package hyperref Info: Plain pages OFF on input line 4562.
Package hyperref Info: Backreferencing OFF on input line 4567.
Package hyperref Info: Implicit mode ON; LaTeX internals redefined.
Package hyperref Info: Bookmarks ON on input line 4800.
\c@Hy@tempcnt=\count182

(/usr/share/texlive/texmf-dist/tex/latex/url/url.sty
\Urlmuskip=\muskip16
Package: url 2013/09/16  ver 3.4  Verb mode for urls, etc.
)
LaTeX Info: Redefining \url on input line 5159.
\XeTeXLinkMargin=\dimen137

(/usr/share/texlive/texmf-dist/tex/generic/bitset/bitset.sty
Package: bitset 2019/12/09 v1.3 Handle bit-vector datatype (HO)

(/usr/share/texlive/texmf-dist/tex/generic/bigintcalc/bigintcalc.sty
Package: bigintcalc 2019/12/15 v1.5 Expandable calculations on big integers (HO
)
))
\Fld@menulength=\count183
\Field@Width=\dimen138
\Fld@charsize=\dimen139
Package hyperref Info: Hyper figures OFF on input line 6430.
Package hyperref Info: Link nesting OFF on input line 6435.
Package hyperref Info: Hyper index ON on input line 6438.
Package hyperref Info: backreferencing OFF on input line 6445.
Package hyperref Info: Link coloring OFF on input line 6450.
Package hyperref Info: Link coloring with OCG OFF on input line 6455.
Package hyperref Info: PDF/A mode OFF on input line 6460.
LaTeX Info: Redefining \ref on input line 6500.
LaTeX Info: Redefining \pageref on input line 6504.

(/usr/share/texlive/texmf-dist/tex/generic/atbegshi/atbegshi.sty
Package: atbegshi 2019/12/05 v1.19 At begin shipout hook (HO)
)
\Hy@abspage=\count184
\c@Item=\count185
\c@Hfootnote=\count186
)
Package hyperref Info: Driver (autodetected): hpdftex.

(/usr/share/texlive/texmf-dist/tex/latex/hyperref/hpdftex.def
File: hpdftex.def 2020/01/14 v7.00d Hyperref driver for pdfTeX

(/usr/share/texlive/texmf-dist/tex/latex/atveryend/atveryend.sty
Package: atveryend 2019-12-11 v1.11 Hooks at the very end of document (HO)
Package atveryend Info: \enddocument detected (standard20110627).
)
\Fld@listcount=\count187
\c@bookmark@seq@number=\count188

(/usr/share/texlive/texmf-dist/tex/latex/rerunfilecheck/rerunfilecheck.sty
Package: rerunfilecheck 2019/12/05 v1.9 Rerun checks for auxiliary files (HO)

(/usr/share/texlive/texmf-dist/tex/generic/uniquecounter/uniquecounter.sty
Package: uniquecounter 2019/12/15 v1.4 Provide unlimited unique counter (HO)
)
Package uniquecounter Info: New unique counter `rerunfilecheck' on input line 2
86.
)
\Hy@SectionHShift=\skip49
)
(/usr/share/texlive/texmf-dist/tex/latex/amsfonts/amssymb.sty
Package: amssymb 2013/01/14 v3.01 AMS font symbols

(/usr/share/texlive/texmf-dist/tex/latex/amsfonts/amsfonts.sty
Package: amsfonts 2013/01/14 v3.01 Basic AMSFonts support
\@emptytoks=\toks18
\symAMSa=\mathgroup4
\symAMSb=\mathgroup5
LaTeX Font Info:    Redeclaring math symbol \hbar on input line 98.
LaTeX Font Info:    Overwriting math alphabet `\mathfrak' in version `bold'
(Font)                  U/euf/m/n --> U/euf/b/n on input line 106.
))
(/usr/share/texlive/texmf-dist/tex/latex/graphics/graphicx.sty
Package: graphicx 2019/11/30 v1.2a Enhanced LaTeX Graphics (DPC,SPQR)

(/usr/share/texlive/texmf-dist/tex/latex/graphics/graphics.sty
Package: graphics 2019/11/30 v1.4a Standard LaTeX Graphics (DPC,SPQR)

(/usr/share/texlive/texmf-dist/tex/latex/graphics/trig.sty
Package: trig 2016/01/03 v1.10 sin cos tan (DPC)
)
(/usr/share/texlive/texmf-dist/tex/latex/graphics-cfg/graphics.cfg
File: graphics.cfg 2016/06/04 v1.11 sample graphics configuration
)
Package graphics Info: Driver file: pdftex.def on input line 105.

(/usr/share/texlive/texmf-dist/tex/latex/graphics-def/pdftex.def
File: pdftex.def 2018/01/08 v1.0l Graphics/color driver for pdftex
))
\Gin@req@height=\dimen140
\Gin@req@width=\dimen141
)
(/usr/share/texlive/texmf-dist/tex/latex/amsmath/amsmath.sty
Package: amsmath 2020/01/20 v2.17e AMS math features
\@mathmargin=\skip50

For additional information on amsmath, use the `?' option.
(/usr/share/texlive/texmf-dist/tex/latex/amsmath/amstext.sty
Package: amstext 2000/06/29 v2.01 AMS text

(/usr/share/texlive/texmf-dist/tex/latex/amsmath/amsgen.sty
File: amsgen.sty 1999/11/30 v2.0 generic functions
\@emptytoks=\toks19
\ex@=\dimen142
))
(/usr/share/texlive/texmf-dist/tex/latex/amsmath/amsbsy.sty
Package: amsbsy 1999/11/29 v1.2d Bold Symbols
\pmbraise@=\dimen143
)
(/usr/share/texlive/texmf-dist/tex/latex/amsmath/amsopn.sty
Package: amsopn 2016/03/08 v2.02 operator names
)
\inf@bad=\count189
LaTeX Info: Redefining \frac on input line 227.
\uproot@=\count190
\leftroot@=\count191
LaTeX Info: Redefining \overline on input line 389.
\classnum@=\count192
\DOTSCASE@=\count193
LaTeX Info: Redefining \ldots on input line 486.
LaTeX Info: Redefining \dots on input line 489.
LaTeX Info: Redefining \cdots on input line 610.
\Mathstrutbox@=\box45
\strutbox@=\box46
\big@size=\dimen144
LaTeX Font Info:    Redeclaring font encoding OML on input line 733.
LaTeX Font Info:    Redeclaring font encoding OMS on input line 734.
\macc@depth=\count194
\c@MaxMatrixCols=\count195
\dotsspace@=\muskip17
\c@parentequation=\count196
\dspbrk@lvl=\count197
\tag@help=\toks20
\row@=\count198
\column@=\count199
\maxfields@=\count266
\andhelp@=\toks21
\eqnshift@=\dimen145
\alignsep@=\dimen146
\tagshift@=\dimen147
\tagwidth@=\dimen148
\totwidth@=\dimen149
\lineht@=\dimen150
\@envbody=\toks22
\multlinegap=\skip51
\multlinetaggap=\skip52
\mathdisplay@stack=\toks23
LaTeX Info: Redefining \[ on input line 2859.
LaTeX Info: Redefining \] on input line 2860.
)
(/usr/share/texlive/texmf-dist/tex/latex/l3backend/l3backend-pdfmode.def
File: l3backend-pdfmode.def 2020-02-03 L3 backend support: PDF mode
\l__kernel_color_stack_int=\count267
\l__pdf_internal_box=\box47
)
(./tema_4.aux
LaTeX Info: Redefining \. on input line 24.
LaTeX Info: Redefining \% on input line 24.
)
\openout1 = `tema_4.aux'.

LaTeX Font Info:    Checking defaults for OML/cmm/m/it on input line 14.
LaTeX Font Info:    ... okay on input line 14.
LaTeX Font Info:    Checking defaults for OMS/cmsy/m/n on input line 14.
LaTeX Font Info:    ... okay on input line 14.
LaTeX Font Info:    Checking defaults for OT1/cmr/m/n on input line 14.
LaTeX Font Info:    ... okay on input line 14.
LaTeX Font Info:    Checking defaults for T1/cmr/m/n on input line 14.
LaTeX Font Info:    ... okay on input line 14.
LaTeX Font Info:    Checking defaults for TS1/cmr/m/n on input line 14.
LaTeX Font Info:    ... okay on input line 14.
LaTeX Font Info:    Checking defaults for OMX/cmex/m/n on input line 14.
LaTeX Font Info:    ... okay on input line 14.
LaTeX Font Info:    Checking defaults for U/cmr/m/n on input line 14.
LaTeX Font Info:    ... okay on input line 14.
LaTeX Font Info:    Checking defaults for PD1/pdf/m/n on input line 14.
LaTeX Font Info:    ... okay on input line 14.
LaTeX Info: Redefining \. on input line 14.
LaTeX Info: Redefining \% on input line 14.
\AtBeginShipoutBox=\box48
Package hyperref Info: Link coloring OFF on input line 14.
 (/usr/share/texlive/texmf-dist/tex/latex/hyperref/nameref.sty
Package: nameref 2019/09/16 v2.46 Cross-referencing by name of section

(/usr/share/texlive/texmf-dist/tex/latex/refcount/refcount.sty
Package: refcount 2019/12/15 v3.6 Data extraction from label references (HO)
)
(/usr/share/texlive/texmf-dist/tex/generic/gettitlestring/gettitlestring.sty
Package: gettitlestring 2019/12/15 v1.6 Cleanup title references (HO)
)
\c@section@level=\count268
)
LaTeX Info: Redefining \ref on input line 14.
LaTeX Info: Redefining \pageref on input line 14.
LaTeX Info: Redefining \nameref on input line 14.

(./tema_4.out) (./tema_4.out)
\@outlinefile=\write3
\openout3 = `tema_4.out'.


(/usr/share/texlive/texmf-dist/tex/context/base/mkii/supp-pdf.mkii
[Loading MPS to PDF converter (version 2006.09.02).]
\scratchcounter=\count269
\scratchdimen=\dimen151
\scratchbox=\box49
\nofMPsegments=\count270
\nofMParguments=\count271
\everyMPshowfont=\toks24
\MPscratchCnt=\count272
\MPscratchDim=\dimen152
\MPnumerator=\count273
\makeMPintoPDFobject=\count274
\everyMPtoPDFconversion=\toks25
) (/usr/share/texlive/texmf-dist/tex/latex/epstopdf-pkg/epstopdf-base.sty
Package: epstopdf-base 2020-01-24 v2.11 Base part for package epstopdf
Package epstopdf-base Info: Redefining graphics rule for `.eps' on input line 4
85.

(/usr/share/texlive/texmf-dist/tex/latex/latexconfig/epstopdf-sys.cfg
File: epstopdf-sys.cfg 2010/07/13 v1.3 Configuration of (r)epstopdf for TeX Liv
e
))
<images/bases_datos.jpg, id=56, 642.4pt x 374.39874pt>
File: images/bases_datos.jpg Graphic file (type jpg)
<use images/bases_datos.jpg>
Package pdftex.def Info: images/bases_datos.jpg  used on input line 26.
(pdftex.def)             Requested size: 369.88582pt x 215.58038pt.

Overfull \hbox (9.88582pt too wide) in paragraph at lines 26--27
 [][] 
 []

[1

{/var/lib/texmf/fonts/map/pdftex/updmap/pdftex.map} <./images/bases_datos.jpg>]
 (./tema_4.toc
LaTeX Info: Redefining \. on input line 1.
LaTeX Info: Redefining \% on input line 1.
LaTeX Font Info:    Trying to load font information for U+msa on input line 11.

 (/usr/share/texlive/texmf-dist/tex/latex/amsfonts/umsa.fd
File: umsa.fd 2013/01/14 v3.01 AMS symbols A
)
LaTeX Font Info:    Trying to load font information for U+msb on input line 11.


(/usr/share/texlive/texmf-dist/tex/latex/amsfonts/umsb.fd
File: umsb.fd 2013/01/14 v3.01 AMS symbols B
))
\tf@toc=\write4
\openout4 = `tema_4.toc'.

pdfTeX warning (ext4): destination with the same identifier (name{page.1}) has 
been already used, duplicate ignored
<to be read again> 
                   \relax 
l.33 \newpage
              [1]
Underfull \hbox (badness 10000) in paragraph at lines 37--38

 []

<images/jerarquia_memoria.png, id=82, 1218.5525pt x 530.98375pt>
File: images/jerarquia_memoria.png Graphic file (type png)
<use images/jerarquia_memoria.png>
Package pdftex.def Info: images/jerarquia_memoria.png  used on input line 62.
(pdftex.def)             Requested size: 1218.54953pt x 530.98244pt.

Underfull \hbox (badness 10000) in paragraph at lines 67--68

 []

[2 <./images/jerarquia_memoria.png>]
Underfull \hbox (badness 10000) in paragraph at lines 69--70

 []


Underfull \hbox (badness 10000) in paragraph at lines 71--72

 []


Underfull \hbox (badness 10000) in paragraph at lines 73--74

 []


Underfull \hbox (badness 10000) in paragraph at lines 77--78

 []

<images/disco_duro.png, id=90, 620.3175pt x 489.83pt>
File: images/disco_duro.png Graphic file (type png)
<use images/disco_duro.png>
Package pdftex.def Info: images/disco_duro.png  used on input line 107.
(pdftex.def)             Requested size: 620.316pt x 489.8288pt.

LaTeX Warning: `h' float specifier changed to `ht'.

<images/transformacion.png, id=91, 1191.45125pt x 379.4175pt>
File: images/transformacion.png Graphic file (type png)
<use images/transformacion.png>
Package pdftex.def Info: images/transformacion.png  used on input line 114.
(pdftex.def)             Requested size: 1191.44835pt x 379.41656pt.
[3]
Underfull \hbox (badness 10000) in paragraph at lines 117--118

 []


Underfull \hbox (badness 10000) in paragraph at lines 119--120

 []


Underfull \hbox (badness 10000) in paragraph at lines 121--122

 []


Underfull \hbox (badness 10000) in paragraph at lines 123--124

 []

[4 <./images/disco_duro.png> <./images/transformacion.png>]
Underfull \hbox (badness 10000) in paragraph at lines 125--126

 []


Overfull \hbox (44.40536pt too wide) in paragraph at lines 127--128
[]$[]$ 
 []


Underfull \hbox (badness 10000) in paragraph at lines 127--128

 []

<images/rid.png, id=105, 694.595pt x 544.0325pt>
File: images/rid.png Graphic file (type png)
<use images/rid.png>
Package pdftex.def Info: images/rid.png  used on input line 132.
(pdftex.def)             Requested size: 694.5933pt x 544.03117pt.

Underfull \hbox (badness 10000) in paragraph at lines 137--138

 []


Underfull \hbox (badness 10000) in paragraph at lines 139--140

 []


Underfull \hbox (badness 10000) in paragraph at lines 141--142

 []

[5 <./images/rid.png>]
Underfull \hbox (badness 10000) in paragraph at lines 156--157

 []


Underfull \hbox (badness 10000) in paragraph at lines 176--177

 []


Underfull \hbox (badness 10000) in paragraph at lines 178--179

 []

[6]
Underfull \hbox (badness 10000) in paragraph at lines 193--194

 []


Underfull \hbox (badness 10000) in paragraph at lines 205--206

 []


Underfull \hbox (badness 10000) in paragraph at lines 207--208

 []


Underfull \hbox (badness 10000) in paragraph at lines 209--210

 []

[7]
Underfull \hbox (badness 10000) in paragraph at lines 211--212

 []

<images/organizacion_secuencial.png, id=121, 836.12375pt x 677.53125pt>
File: images/organizacion_secuencial.png Graphic file (type png)
<use images/organizacion_secuencial.png>
Package pdftex.def Info: images/organizacion_secuencial.png  used on input line
 217.
(pdftex.def)             Requested size: 836.1217pt x 677.52959pt.
[8 <./images/organizacion_secuencial.png>]
Underfull \hbox (badness 10000) in paragraph at lines 237--238

 []


Underfull \hbox (badness 10000) in paragraph at lines 246--247

 []


Underfull \hbox (badness 10000) in paragraph at lines 249--250

 []

<images/ejemplo_indexado.png, id=127, 1069.9975pt x 642.4pt>
File: images/ejemplo_indexado.png Graphic file (type png)
<use images/ejemplo_indexado.png>
Package pdftex.def Info: images/ejemplo_indexado.png  used on input line 269.
(pdftex.def)             Requested size: 1069.99489pt x 642.39844pt.
[9]
Underfull \hbox (badness 10000) in paragraph at lines 286--287

 []


Underfull \hbox (badness 10000) in paragraph at lines 288--289

 []


Underfull \hbox (badness 10000) in paragraph at lines 290--291

 []

[10 <./images/ejemplo_indexado.png>]
<images/ejemplo_secundario.png, id=138, 1113.15875pt x 579.16376pt>
File: images/ejemplo_secundario.png Graphic file (type png)
<use images/ejemplo_secundario.png>
Package pdftex.def Info: images/ejemplo_secundario.png  used on input line 298.

(pdftex.def)             Requested size: 1113.15605pt x 579.16234pt.

Underfull \hbox (badness 10000) in paragraph at lines 301--303

 []


Underfull \hbox (badness 10000) in paragraph at lines 304--305

 []


Underfull \hbox (badness 10000) in paragraph at lines 306--307

 []


Underfull \hbox (badness 10000) in paragraph at lines 308--309

 []


Underfull \hbox (badness 10000) in paragraph at lines 310--311

 []


Underfull \hbox (badness 10000) in paragraph at lines 312--313

 []

[11 <./images/ejemplo_secundario.png>]
<images/indice_no_denso.png, id=145, 1004.75375pt x 625.33624pt>
File: images/indice_no_denso.png Graphic file (type png)
<use images/indice_no_denso.png>
Package pdftex.def Info: images/indice_no_denso.png  used on input line 317.
(pdftex.def)             Requested size: 1004.75131pt x 625.33472pt.

Underfull \hbox (badness 10000) in paragraph at lines 320--322

 []


Underfull \hbox (badness 10000) in paragraph at lines 323--324

 []


Underfull \hbox (badness 10000) in paragraph at lines 325--326

 []

<images/indice_jerarquico.png, id=146, 1142.2675pt x 538.01pt>
File: images/indice_jerarquico.png Graphic file (type png)
<use images/indice_jerarquico.png>
Package pdftex.def Info: images/indice_jerarquico.png  used on input line 330.
(pdftex.def)             Requested size: 1142.26472pt x 538.00868pt.

LaTeX Warning: `h' float specifier changed to `ht'.


Underfull \hbox (badness 10000) in paragraph at lines 333--334

 []


Underfull \hbox (badness 10000) in paragraph at lines 335--336

 []

[12 <./images/indice_no_denso.png>]
<images/compendio_restricciones.png, id=155, 626.34pt x 190.7125pt>
File: images/compendio_restricciones.png Graphic file (type png)
<use images/compendio_restricciones.png>
Package pdftex.def Info: images/compendio_restricciones.png  used on input line
 372.
(pdftex.def)             Requested size: 626.33846pt x 190.71202pt.

Underfull \hbox (badness 10000) in paragraph at lines 375--376

 []


Underfull \hbox (badness 10000) in paragraph at lines 377--378

 []

[13 <./images/indice_jerarquico.png>]
Underfull \hbox (badness 10000) in paragraph at lines 379--380

 []


Underfull \hbox (badness 10000) in paragraph at lines 381--382

 []

<images/recorrido_arbol.png, id=164, 771.88374pt x 360.34625pt>
File: images/recorrido_arbol.png Graphic file (type png)
<use images/recorrido_arbol.png>
Package pdftex.def Info: images/recorrido_arbol.png  used on input line 388.
(pdftex.def)             Requested size: 771.88185pt x 360.34537pt.

Underfull \hbox (badness 10000) in paragraph at lines 391--392

 []


Underfull \hbox (badness 10000) in paragraph at lines 393--394

 []


Underfull \hbox (badness 10000) in paragraph at lines 395--396

 []

[14 <./images/compendio_restricciones.png> <./images/recorrido_arbol.png>]
Underfull \hbox (badness 10000) in paragraph at lines 399--400

 []


Underfull \hbox (badness 10000) in paragraph at lines 401--402

 []

<images/ejemplo_arbol_b+.png, id=174, 747.79375pt x 525.965pt>
File: images/ejemplo_arbol_b+.png Graphic file (type png)
<use images/ejemplo_arbol_b+.png>
Package pdftex.def Info: images/ejemplo_arbol_b+.png  used on input line 406.
(pdftex.def)             Requested size: 747.79192pt x 525.9637pt.

Underfull \hbox (badness 10000) in paragraph at lines 409--410

 []

<images/ejemplo_iot.png, id=175, 582.175pt x 420.57124pt>
File: images/ejemplo_iot.png Graphic file (type png)
<use images/ejemplo_iot.png>
Package pdftex.def Info: images/ejemplo_iot.png  used on input line 414.
(pdftex.def)             Requested size: 582.17358pt x 420.57022pt.

Underfull \hbox (badness 10000) in paragraph at lines 417--418

 []


Underfull \hbox (badness 10000) in paragraph at lines 419--420

 []


Underfull \hbox (badness 10000) in paragraph at lines 421--422

 []

[15 <./images/ejemplo_arbol_b+.png>]
Underfull \hbox (badness 10000) in paragraph at lines 423--424

 []

<images/tabla_emp.png, id=182, 850.17625pt x 498.86375pt>
File: images/tabla_emp.png Graphic file (type png)
<use images/tabla_emp.png>
Package pdftex.def Info: images/tabla_emp.png  used on input line 428.
(pdftex.def)             Requested size: 850.17418pt x 498.86253pt.

Underfull \hbox (badness 10000) in paragraph at lines 431--432

 []


Underfull \hbox (badness 10000) in paragraph at lines 433--434

 []

[16 <./images/ejemplo_iot.png> <./images/tabla_emp.png>]
Underfull \hbox (badness 10000) in paragraph at lines 435--436

 []

<images/ejemplo_BITMAP.png, id=191, 838.13126pt x 504.88625pt>
File: images/ejemplo_BITMAP.png Graphic file (type png)
<use images/ejemplo_BITMAP.png>
Package pdftex.def Info: images/ejemplo_BITMAP.png  used on input line 442.
(pdftex.def)             Requested size: 838.12921pt x 504.885pt.

Underfull \hbox (badness 10000) in paragraph at lines 446--447

 []


Underfull \hbox (badness 10000) in paragraph at lines 448--449

 []

[17 <./images/ejemplo_BITMAP.png>]
<images/acceso_directo.png, id=198, 915.42pt x 288.07625pt>
File: images/acceso_directo.png Graphic file (type png)
<use images/acceso_directo.png>
Package pdftex.def Info: images/acceso_directo.png  used on input line 455.
(pdftex.def)             Requested size: 915.41777pt x 288.07553pt.

Underfull \hbox (badness 10000) in paragraph at lines 458--459

 []


Underfull \hbox (badness 10000) in paragraph at lines 472--473

 []


Underfull \hbox (badness 10000) in paragraph at lines 474--475

 []

[18 <./images/acceso_directo.png>]
<images/zona_desbordamiento.png, id=206, 494.84875pt x 498.86375pt>
File: images/zona_desbordamiento.png Graphic file (type png)
<use images/zona_desbordamiento.png>
Package pdftex.def Info: images/zona_desbordamiento.png  used on input line 487
.
(pdftex.def)             Requested size: 494.84755pt x 498.86253pt.

Underfull \hbox (badness 10000) in paragraph at lines 494--495

 []

[19 <./images/zona_desbordamiento.png>]
Underfull \hbox (badness 10000) in paragraph at lines 514--515

 []


Underfull \hbox (badness 10000) in paragraph at lines 516--517

 []


Underfull \hbox (badness 10000) in paragraph at lines 518--519

 []


Underfull \hbox (badness 10000) in paragraph at lines 520--521

 []

[20]
<images/hashing_dinamico.png, id=217, 550.055pt x 495.8525pt>
File: images/hashing_dinamico.png Graphic file (type png)
<use images/hashing_dinamico.png>
Package pdftex.def Info: images/hashing_dinamico.png  used on input line 544.
(pdftex.def)             Requested size: 550.05365pt x 495.85129pt.
 [21 <./images/hashing_dinamico.png>]
Underfull \hbox (badness 10000) in paragraph at lines 557--558

 []


Underfull \hbox (badness 10000) in paragraph at lines 563--564

 []


Underfull \hbox (badness 10000) in paragraph at lines 565--566

 []


Underfull \hbox (badness 10000) in paragraph at lines 567--568

 []

<images/operaciones_algebra.png, id=224, 622.325pt x 493.845pt>
File: images/operaciones_algebra.png Graphic file (type png)
<use images/operaciones_algebra.png>
Package pdftex.def Info: images/operaciones_algebra.png  used on input line 580
.
(pdftex.def)             Requested size: 622.32347pt x 493.84378pt.

LaTeX Warning: `h' float specifier changed to `ht'.

[22] [23 <./images/operaciones_algebra.png>]
Underfull \hbox (badness 10000) in paragraph at lines 643--644

 []


Underfull \hbox (badness 10000) in paragraph at lines 645--646

 []


Underfull \hbox (badness 10000) in paragraph at lines 647--648

 []


Underfull \hbox (badness 10000) in paragraph at lines 651--652

 []


Underfull \hbox (badness 10000) in paragraph at lines 653--654

 []

[24]
Overfull \hbox (22.01445pt too wide) in paragraph at lines 658--659
\OT1/cmr/m/n/10.95 ces pa-ra $\OML/cmm/m/it/10.95 W\OT1/cmr/m/n/10.95 [\OML/cmm
/m/it/10.95 A[] [] A[]; B[] [] B[]\OT1/cmr/m/n/10.95 ]$ se tie-ne que $\OML/cmm
/m/it/10.95 esquema\OT1/cmr/m/n/10.95 (\OML/cmm/m/it/10.95 W\OT1/cmr/m/n/10.95 
) = \OML/cmm/m/it/10.95 esquema\OT1/cmr/m/n/10.95 (\OML/cmm/m/it/10.95 R\OT1/cm
r/m/n/10.95 ) \OMS/cmsy/m/n/10.95 [
 []


Underfull \hbox (badness 10000) in paragraph at lines 663--664

 []


Underfull \hbox (badness 10000) in paragraph at lines 665--666

 []


Underfull \hbox (badness 10000) in paragraph at lines 675--676

 []


Overfull \hbox (95.2845pt too wide) in paragraph at lines 677--678
\OT1/cmr/m/n/10.95 la reuni^^Son na-tu-ral de R y S equi-va-le a $\OML/cmm/m/it
/10.95 ^^Y[]\OT1/cmr/m/n/10.95 (\OML/cmm/m/it/10.95 ^^[[]\OT1/cmr/m/n/10.95 (\O
ML/cmm/m/it/10.95 R \OMS/cmsy/m/n/10.95 ^^B
 []


Underfull \hbox (badness 10000) in paragraph at lines 677--678

 []


Underfull \hbox (badness 10000) in paragraph at lines 679--680

 []

[25]
Underfull \hbox (badness 10000) in paragraph at lines 702--703

 []


Underfull \hbox (badness 10000) in paragraph at lines 705--706

 []


Underfull \hbox (badness 10000) in paragraph at lines 707--708

 []

[26]
<images/ejer1.png, id=252, 575.14874pt x 92.345pt>
File: images/ejer1.png Graphic file (type png)
<use images/ejer1.png>
Package pdftex.def Info: images/ejer1.png  used on input line 720.
(pdftex.def)             Requested size: 575.14734pt x 92.34476pt.
 [27 <./images/ejer1.png>]
Overfull \hbox (24.15012pt too wide) detected at line 769
\OML/cmm/m/it/10.95 ^^Y[]\OT1/cmr/m/n/10.95 (\OML/cmm/m/it/10.95 ^^[[]\OT1/cmr/
m/n/10.95 (\OML/cmm/m/it/10.95 SPJ \OMS/cmsy/m/n/10.95 ^^B \OML/cmm/m/it/10.95 
J \OMS/cmsy/m/n/10.95 ^^B \OML/cmm/m/it/10.95 S\OT1/cmr/m/n/10.95 ))
 []


Overfull \hbox (34.63403pt too wide) detected at line 780
\OML/cmm/m/it/10.95 ^^Y[]\OT1/cmr/m/n/10.95 (\OML/cmm/m/it/10.95 ^^[[]\OT1/cmr/
m/n/10.95 (\OML/cmm/m/it/10.95 SPJ \OMS/cmsy/m/n/10.95 ^^B \OML/cmm/m/it/10.95 
J \OMS/cmsy/m/n/10.95 ^^B \OML/cmm/m/it/10.95 S\OT1/cmr/m/n/10.95 ))
 []

[28]
Overfull \hbox (83.1313pt too wide) detected at line 838
\OML/cmm/m/it/10.95 ^^Y[]\OT1/cmr/m/n/10.95 (\OML/cmm/m/it/10.95 J\OT1/cmr/m/n/
10.95 ) \OMS/cmsy/m/n/10.95 ^^@ \OML/cmm/m/it/10.95 ^^Y[]\OT1/cmr/m/n/10.95 (\O
ML/cmm/m/it/10.95 ^^[[]\OT1/cmr/m/n/10.95 (\OML/cmm/m/it/10.95 SPJ [] \OT1/cmr/
m/n/10.95 (\OML/cmm/m/it/10.95 ^^[[]\OT1/cmr/m/n/10.95 (\OML/cmm/m/it/10.95 P\O
T1/cmr/m/n/10.95 )) [] (\OML/cmm/m/it/10.95 ^^[[]\OT1/cmr/m/n/10.95 (\OML/cmm/m
/it/10.95 S\OT1/cmr/m/n/10.95 ))))
 []

[29]
<images/ejer_2.png, id=266, 567.11874pt x 81.30376pt>
File: images/ejer_2.png Graphic file (type png)
<use images/ejer_2.png>
Package pdftex.def Info: images/ejer_2.png  used on input line 876.
(pdftex.def)             Requested size: 567.11736pt x 81.30354pt.
<images/ejer3.png, id=267, 565.11125pt x 95.35625pt>
File: images/ejer3.png Graphic file (type png)
<use images/ejer3.png>
Package pdftex.def Info: images/ejer3.png  used on input line 908.
(pdftex.def)             Requested size: 565.10986pt x 95.356pt.
 [30 <./images/ejer_2.png> <./images/ejer3.png>]
<images/ejer4.png, id=275, 568.1225pt x 97.36375pt>
File: images/ejer4.png Graphic file (type png)
<use images/ejer4.png>
Package pdftex.def Info: images/ejer4.png  used on input line 958.
(pdftex.def)             Requested size: 568.1211pt x 97.3635pt.

Overfull \hbox (42.93967pt too wide) detected at line 979
\OML/cmm/m/it/10.95 ^^R \OT1/cmr/m/n/10.95 = (\OML/cmm/m/it/10.95 CS \OT1/cmr/m
/n/10.95 = \OML/cmm/m/it/10.95 Sevilla AND CLL \OT1/cmr/m/n/10.95 = \OML/cmm/m/
it/10.95 Granada\OT1/cmr/m/n/10.95 ) \OML/cmm/m/it/10.95 OR \OT1/cmr/m/n/10.95 
(\OML/cmm/m/it/10.95 CS \OT1/cmr/m/n/10.95 = \OML/cmm/m/it/10.95 Granada AND CL
L \OT1/cmr/m/n/10.95 = \OML/cmm/m/it/10.95 Sevilla\OT1/cmr/m/n/10.95 )
 []

[31 <./images/ejer4.png>]
<images/ejer5.png, id=281, 558.085pt x 76.285pt>
File: images/ejer5.png Graphic file (type png)
<use images/ejer5.png>
Package pdftex.def Info: images/ejer5.png  used on input line 998.
(pdftex.def)             Requested size: 558.08365pt x 76.2848pt.
<images/ejer6.png, id=282, 557.08125pt x 81.30376pt>
File: images/ejer6.png Graphic file (type png)
<use images/ejer6.png>
Package pdftex.def Info: images/ejer6.png  used on input line 1041.
(pdftex.def)             Requested size: 557.0799pt x 81.30354pt.


LaTeX Warning: `h' float specifier changed to `ht'.

[32 <./images/ejer5.png>]
Package atveryend Info: Empty hook `BeforeClearDocument' on input line 1080.
 [33 <./images/ejer6.png>]
Package atveryend Info: Empty hook `AfterLastShipout' on input line 1080.
 (./tema_4.aux
LaTeX Info: Redefining \. on input line 24.
LaTeX Info: Redefining \% on input line 24.
)
Package atveryend Info: Executing hook `AtVeryEndDocument' on input line 1080.
Package atveryend Info: Executing hook `AtEndAfterFileList' on input line 1080.

Package rerunfilecheck Info: File `tema_4.out' has not changed.
(rerunfilecheck)             Checksum: 9E2919A0FB171D5CBF3A21672D5F1659;825.
Package atveryend Info: Empty hook `AtVeryVeryEnd' on input line 1080.
 ) 
Here is how much of TeX's memory you used:
 7540 strings out of 481239
 110872 string characters out of 5920377
 379626 words of memory out of 5000000
 22587 multiletter control sequences out of 15000+600000
 538845 words of font info for 48 fonts, out of 8000000 for 9000
 1141 hyphenation exceptions out of 8191
 34i,6n,35p,547b,528s stack positions out of 5000i,500n,10000p,200000b,80000s
{/usr/share/texmf/fonts/enc/dvips/cm-super/cm-super-ts1.enc}</usr/share/texli
ve/texmf-dist/fonts/type1/public/amsfonts/cm/cmbx10.pfb></usr/share/texlive/tex
mf-dist/fonts/type1/public/amsfonts/cm/cmbx12.pfb></usr/share/texlive/texmf-dis
t/fonts/type1/public/amsfonts/cm/cmmi10.pfb></usr/share/texlive/texmf-dist/font
s/type1/public/amsfonts/cm/cmmi6.pfb></usr/share/texlive/texmf-dist/fonts/type1
/public/amsfonts/cm/cmmi8.pfb></usr/share/texlive/texmf-dist/fonts/type1/public
/amsfonts/cm/cmr10.pfb></usr/share/texlive/texmf-dist/fonts/type1/public/amsfon
ts/cm/cmr6.pfb></usr/share/texlive/texmf-dist/fonts/type1/public/amsfonts/cm/cm
r8.pfb></usr/share/texlive/texmf-dist/fonts/type1/public/amsfonts/cm/cmsy10.pfb
></usr/share/texlive/texmf-dist/fonts/type1/public/amsfonts/cm/cmsy8.pfb></usr/
share/texlive/texmf-dist/fonts/type1/public/amsfonts/symbols/msbm10.pfb></usr/s
hare/texmf/fonts/type1/public/cm-super/sfrm1095.pfb>
Output written on tema_4.pdf (34 pages, 1970788 bytes).
PDF statistics:
 351 PDF objects out of 1000 (max. 8388607)
 249 compressed objects within 3 object streams
 66 named destinations out of 1000 (max. 500000)
 235 words of extra memory for PDF output out of 10000 (max. 10000000)

