

*******************************************************************************
Tue Mar 10 19:11:31 2020


FIT:    data read from 'salida_graf.dat'
        format = z
        #datapoints = 25
        residuals are weighted equally (unit weight)

function used for fitting: f(x)
	f(x)=a*x*log(x)+b
fitted parameters initialized with current variable values

iter      chisq       delta/lim  lambda   a             b            
   0 2.2089856781e+17   0.00e+00  6.65e+07    1.000000e+00   1.000000e+00
   4 6.4444174946e+00  -2.11e-01  6.65e+03   -3.904804e-09   1.000000e+00

After 4 iterations the fit converged.
final sum of squares of residuals : 6.44442
rel. change during last iteration : -2.11057e-06

degrees of freedom    (FIT_NDF)                        : 23
rms of residuals      (FIT_STDFIT) = sqrt(WSSR/ndf)    : 0.529332
variance of residuals (reduced chisquare) = WSSR/ndf   : 0.280192

Final set of parameters            Asymptotic Standard Error
=======================            ==========================
a               = -3.9048e-09      +/- 2.246e-09    (57.51%)
b               = 1                +/- 0.2111       (21.11%)

correlation matrix of the fit parameters:
                a      b      
a               1.000 
b              -0.865  1.000 


*******************************************************************************
Tue Mar 10 19:12:10 2020


FIT:    data read from 'salida_graf.dat'
        format = z
        #datapoints = 25
        residuals are weighted equally (unit weight)

function used for fitting: f(x)
	f(x)=a*x+b
fitted parameters initialized with current variable values

iter      chisq       delta/lim  lambda   a             b            
   0 9.3887362018e+00   0.00e+00  7.07e-01   -3.904804e-09   1.000000e+00
   5 6.4240878813e-03  -6.13e-05  7.07e-06    8.835076e-08  -3.152620e-02

After 5 iterations the fit converged.
final sum of squares of residuals : 0.00642409
rel. change during last iteration : -6.13153e-10

degrees of freedom    (FIT_NDF)                        : 23
rms of residuals      (FIT_STDFIT) = sqrt(WSSR/ndf)    : 0.0167125
variance of residuals (reduced chisquare) = WSSR/ndf   : 0.000279308

Final set of parameters            Asymptotic Standard Error
=======================            ==========================
a               = 8.83508e-08      +/- 1.159e-09    (1.312%)
b               = -0.0315262       +/- 0.006891     (21.86%)

correlation matrix of the fit parameters:
                a      b      
a               1.000 
b              -0.874  1.000 
