This is pdfTeX, Version 3.14159265-2.6-1.40.20 (TeX Live 2019/Debian) (preloaded format=pdflatex 2020.9.26)  13 JUN 2021 19:44
entering extended mode
 restricted \write18 enabled.
 %&-line parsing enabled.
**apuntes_algebra_ii.tex
(./apuntes_algebra_ii.tex
LaTeX2e <2020-02-02> patch level 2
L3 programming layer <2020-02-14>
(/usr/share/texlive/texmf-dist/tex/latex/base/article.cls
Document Class: article 2019/12/20 v1.4l Standard LaTeX document class
(/usr/share/texlive/texmf-dist/tex/latex/base/size10.clo
File: size10.clo 2019/12/20 v1.4l Standard LaTeX file (size option)
)
\c@part=\count167
\c@section=\count168
\c@subsection=\count169
\c@subsubsection=\count170
\c@paragraph=\count171
\c@subparagraph=\count172
\c@figure=\count173
\c@table=\count174
\abovecaptionskip=\skip47
\belowcaptionskip=\skip48
\bibindent=\dimen134
)
(/usr/share/texlive/texmf-dist/tex/latex/amsfonts/amsfonts.sty
Package: amsfonts 2013/01/14 v3.01 Basic AMSFonts support
\@emptytoks=\toks14
\symAMSa=\mathgroup4
\symAMSb=\mathgroup5
LaTeX Font Info:    Redeclaring math symbol \hbar on input line 98.
LaTeX Font Info:    Overwriting math alphabet `\mathfrak' in version `bold'
(Font)                  U/euf/m/n --> U/euf/b/n on input line 106.
)
(/usr/share/texlive/texmf-dist/tex/latex/amsmath/amsmath.sty
Package: amsmath 2020/01/20 v2.17e AMS math features
\@mathmargin=\skip49

For additional information on amsmath, use the `?' option.
(/usr/share/texlive/texmf-dist/tex/latex/amsmath/amstext.sty
Package: amstext 2000/06/29 v2.01 AMS text

(/usr/share/texlive/texmf-dist/tex/latex/amsmath/amsgen.sty
File: amsgen.sty 1999/11/30 v2.0 generic functions
\@emptytoks=\toks15
\ex@=\dimen135
))
(/usr/share/texlive/texmf-dist/tex/latex/amsmath/amsbsy.sty
Package: amsbsy 1999/11/29 v1.2d Bold Symbols
\pmbraise@=\dimen136
)
(/usr/share/texlive/texmf-dist/tex/latex/amsmath/amsopn.sty
Package: amsopn 2016/03/08 v2.02 operator names
)
\inf@bad=\count175
LaTeX Info: Redefining \frac on input line 227.
\uproot@=\count176
\leftroot@=\count177
LaTeX Info: Redefining \overline on input line 389.
\classnum@=\count178
\DOTSCASE@=\count179
LaTeX Info: Redefining \ldots on input line 486.
LaTeX Info: Redefining \dots on input line 489.
LaTeX Info: Redefining \cdots on input line 610.
\Mathstrutbox@=\box45
\strutbox@=\box46
\big@size=\dimen137
LaTeX Font Info:    Redeclaring font encoding OML on input line 733.
LaTeX Font Info:    Redeclaring font encoding OMS on input line 734.
\macc@depth=\count180
\c@MaxMatrixCols=\count181
\dotsspace@=\muskip16
\c@parentequation=\count182
\dspbrk@lvl=\count183
\tag@help=\toks16
\row@=\count184
\column@=\count185
\maxfields@=\count186
\andhelp@=\toks17
\eqnshift@=\dimen138
\alignsep@=\dimen139
\tagshift@=\dimen140
\tagwidth@=\dimen141
\totwidth@=\dimen142
\lineht@=\dimen143
\@envbody=\toks18
\multlinegap=\skip50
\multlinetaggap=\skip51
\mathdisplay@stack=\toks19
LaTeX Info: Redefining \[ on input line 2859.
LaTeX Info: Redefining \] on input line 2860.
)
(/usr/share/texlive/texmf-dist/tex/latex/hyperref/hyperref.sty
Package: hyperref 2020/01/14 v7.00d Hypertext links for LaTeX

(/usr/share/texlive/texmf-dist/tex/generic/ltxcmds/ltxcmds.sty
Package: ltxcmds 2019/12/15 v1.24 LaTeX kernel commands for general use (HO)
)
(/usr/share/texlive/texmf-dist/tex/generic/iftex/iftex.sty
Package: iftex 2019/11/07 v1.0c TeX engine tests
)
(/usr/share/texlive/texmf-dist/tex/latex/pdftexcmds/pdftexcmds.sty
Package: pdftexcmds 2019/11/24 v0.31 Utility functions of pdfTeX for LuaTeX (HO
)

(/usr/share/texlive/texmf-dist/tex/generic/infwarerr/infwarerr.sty
Package: infwarerr 2019/12/03 v1.5 Providing info/warning/error messages (HO)
)
Package pdftexcmds Info: \pdf@primitive is available.
Package pdftexcmds Info: \pdf@ifprimitive is available.
Package pdftexcmds Info: \pdfdraftmode found.
)
(/usr/share/texlive/texmf-dist/tex/latex/graphics/keyval.sty
Package: keyval 2014/10/28 v1.15 key=value parser (DPC)
\KV@toks@=\toks20
)
(/usr/share/texlive/texmf-dist/tex/generic/kvsetkeys/kvsetkeys.sty
Package: kvsetkeys 2019/12/15 v1.18 Key value parser (HO)
)
(/usr/share/texlive/texmf-dist/tex/generic/kvdefinekeys/kvdefinekeys.sty
Package: kvdefinekeys 2019-12-19 v1.6 Define keys (HO)
)
(/usr/share/texlive/texmf-dist/tex/generic/pdfescape/pdfescape.sty
Package: pdfescape 2019/12/09 v1.15 Implements pdfTeX's escape features (HO)
)
(/usr/share/texlive/texmf-dist/tex/latex/hycolor/hycolor.sty
Package: hycolor 2020-01-27 v1.10 Color options for hyperref/bookmark (HO)
)
(/usr/share/texlive/texmf-dist/tex/latex/letltxmacro/letltxmacro.sty
Package: letltxmacro 2019/12/03 v1.6 Let assignment for LaTeX macros (HO)
)
(/usr/share/texlive/texmf-dist/tex/latex/auxhook/auxhook.sty
Package: auxhook 2019-12-17 v1.6 Hooks for auxiliary files (HO)
)
(/usr/share/texlive/texmf-dist/tex/latex/kvoptions/kvoptions.sty
Package: kvoptions 2019/11/29 v3.13 Key value format for package options (HO)
)
\@linkdim=\dimen144
\Hy@linkcounter=\count187
\Hy@pagecounter=\count188

(/usr/share/texlive/texmf-dist/tex/latex/hyperref/pd1enc.def
File: pd1enc.def 2020/01/14 v7.00d Hyperref: PDFDocEncoding definition (HO)
Now handling font encoding PD1 ...
... no UTF-8 mapping file for font encoding PD1
)
(/usr/share/texlive/texmf-dist/tex/generic/intcalc/intcalc.sty
Package: intcalc 2019/12/15 v1.3 Expandable calculations with integers (HO)
)
(/usr/share/texlive/texmf-dist/tex/generic/etexcmds/etexcmds.sty
Package: etexcmds 2019/12/15 v1.7 Avoid name clashes with e-TeX commands (HO)
)
\Hy@SavedSpaceFactor=\count189
\pdfmajorversion=\count190
Package hyperref Info: Hyper figures OFF on input line 4547.
Package hyperref Info: Link nesting OFF on input line 4552.
Package hyperref Info: Hyper index ON on input line 4555.
Package hyperref Info: Plain pages OFF on input line 4562.
Package hyperref Info: Backreferencing OFF on input line 4567.
Package hyperref Info: Implicit mode ON; LaTeX internals redefined.
Package hyperref Info: Bookmarks ON on input line 4800.
\c@Hy@tempcnt=\count191

(/usr/share/texlive/texmf-dist/tex/latex/url/url.sty
\Urlmuskip=\muskip17
Package: url 2013/09/16  ver 3.4  Verb mode for urls, etc.
)
LaTeX Info: Redefining \url on input line 5159.
\XeTeXLinkMargin=\dimen145

(/usr/share/texlive/texmf-dist/tex/generic/bitset/bitset.sty
Package: bitset 2019/12/09 v1.3 Handle bit-vector datatype (HO)

(/usr/share/texlive/texmf-dist/tex/generic/bigintcalc/bigintcalc.sty
Package: bigintcalc 2019/12/15 v1.5 Expandable calculations on big integers (HO
)
))
\Fld@menulength=\count192
\Field@Width=\dimen146
\Fld@charsize=\dimen147
Package hyperref Info: Hyper figures OFF on input line 6430.
Package hyperref Info: Link nesting OFF on input line 6435.
Package hyperref Info: Hyper index ON on input line 6438.
Package hyperref Info: backreferencing OFF on input line 6445.
Package hyperref Info: Link coloring OFF on input line 6450.
Package hyperref Info: Link coloring with OCG OFF on input line 6455.
Package hyperref Info: PDF/A mode OFF on input line 6460.
LaTeX Info: Redefining \ref on input line 6500.
LaTeX Info: Redefining \pageref on input line 6504.

(/usr/share/texlive/texmf-dist/tex/generic/atbegshi/atbegshi.sty
Package: atbegshi 2019/12/05 v1.19 At begin shipout hook (HO)
)
\Hy@abspage=\count193
\c@Item=\count194
\c@Hfootnote=\count195
)
Package hyperref Info: Driver (autodetected): hpdftex.

(/usr/share/texlive/texmf-dist/tex/latex/hyperref/hpdftex.def
File: hpdftex.def 2020/01/14 v7.00d Hyperref driver for pdfTeX

(/usr/share/texlive/texmf-dist/tex/latex/atveryend/atveryend.sty
Package: atveryend 2019-12-11 v1.11 Hooks at the very end of document (HO)
Package atveryend Info: \enddocument detected (standard20110627).
)
\Fld@listcount=\count196
\c@bookmark@seq@number=\count197

(/usr/share/texlive/texmf-dist/tex/latex/rerunfilecheck/rerunfilecheck.sty
Package: rerunfilecheck 2019/12/05 v1.9 Rerun checks for auxiliary files (HO)

(/usr/share/texlive/texmf-dist/tex/generic/uniquecounter/uniquecounter.sty
Package: uniquecounter 2019/12/15 v1.4 Provide unlimited unique counter (HO)
)
Package uniquecounter Info: New unique counter `rerunfilecheck' on input line 2
86.
)
\Hy@SectionHShift=\skip52
)
(/usr/share/texlive/texmf-dist/tex/latex/tools/enumerate.sty
Package: enumerate 2015/07/23 v3.00 enumerate extensions (DPC)
\@enLab=\toks21
)
(/usr/share/texlive/texmf-dist/tex/generic/babel/babel.sty
Package: babel 2020/02/14 3.40 The Babel package

(/usr/share/texlive/texmf-dist/tex/generic/babel/switch.def
File: switch.def 2020/02/14 3.40 Babel switching mechanism
)
(/usr/share/texlive/texmf-dist/tex/generic/babel-spanish/spanish.ldf
Language: spanish.ldf 2016/03/03 v5.0p Spanish support from the babel system

(/usr/share/texlive/texmf-dist/tex/generic/babel/babel.def
File: babel.def 2020/02/14 3.40 Babel common definitions
\babel@savecnt=\count198
\U@D=\dimen148

(/usr/share/texlive/texmf-dist/tex/generic/babel/txtbabel.def)
\bbl@readstream=\read2
\bbl@dirlevel=\count199
)
\es@quottoks=\toks22
\es@quotdepth=\count266
Package babel Info: Making " an active character on input line 561.
Package babel Info: Making . an active character on input line 662.
Package babel Info: Making < an active character on input line 707.
Package babel Info: Making > an active character on input line 707.
))
(/usr/share/texlive/texmf-dist/tex/latex/graphics/graphicx.sty
Package: graphicx 2019/11/30 v1.2a Enhanced LaTeX Graphics (DPC,SPQR)

(/usr/share/texlive/texmf-dist/tex/latex/graphics/graphics.sty
Package: graphics 2019/11/30 v1.4a Standard LaTeX Graphics (DPC,SPQR)

(/usr/share/texlive/texmf-dist/tex/latex/graphics/trig.sty
Package: trig 2016/01/03 v1.10 sin cos tan (DPC)
)
(/usr/share/texlive/texmf-dist/tex/latex/graphics-cfg/graphics.cfg
File: graphics.cfg 2016/06/04 v1.11 sample graphics configuration
)
Package graphics Info: Driver file: pdftex.def on input line 105.

(/usr/share/texlive/texmf-dist/tex/latex/graphics-def/pdftex.def
File: pdftex.def 2018/01/08 v1.0l Graphics/color driver for pdftex
))
\Gin@req@height=\dimen149
\Gin@req@width=\dimen150
)
(/usr/share/texlive/texmf-dist/tex/latex/cancel/cancel.sty
Package: cancel 2013/04/12 v2.2 Cancel math terms
)
(/usr/share/texlive/texmf-dist/tex/latex/amsfonts/amssymb.sty
Package: amssymb 2013/01/14 v3.01 AMS font symbols
)
(/usr/share/texlive/texmf-dist/tex/latex/pgf/frontendlayer/tikz.sty
(/usr/share/texlive/texmf-dist/tex/latex/pgf/basiclayer/pgf.sty
(/usr/share/texlive/texmf-dist/tex/latex/pgf/utilities/pgfrcs.sty
(/usr/share/texlive/texmf-dist/tex/generic/pgf/utilities/pgfutil-common.tex
\pgfutil@everybye=\toks23
\pgfutil@tempdima=\dimen151
\pgfutil@tempdimb=\dimen152

(/usr/share/texlive/texmf-dist/tex/generic/pgf/utilities/pgfutil-common-lists.t
ex)) (/usr/share/texlive/texmf-dist/tex/generic/pgf/utilities/pgfutil-latex.def
\pgfutil@abb=\box47
(/usr/share/texlive/texmf-dist/tex/latex/ms/everyshi.sty
Package: everyshi 2001/05/15 v3.00 EveryShipout Package (MS)
))
(/usr/share/texlive/texmf-dist/tex/generic/pgf/utilities/pgfrcs.code.tex
(/usr/share/texlive/texmf-dist/tex/generic/pgf/pgf.revision.tex)
Package: pgfrcs 2020/01/08 v3.1.5b (3.1.5b)
))
Package: pgf 2020/01/08 v3.1.5b (3.1.5b)

(/usr/share/texlive/texmf-dist/tex/latex/pgf/basiclayer/pgfcore.sty
(/usr/share/texlive/texmf-dist/tex/latex/pgf/systemlayer/pgfsys.sty
(/usr/share/texlive/texmf-dist/tex/generic/pgf/systemlayer/pgfsys.code.tex
Package: pgfsys 2020/01/08 v3.1.5b (3.1.5b)

(/usr/share/texlive/texmf-dist/tex/generic/pgf/utilities/pgfkeys.code.tex
\pgfkeys@pathtoks=\toks24
\pgfkeys@temptoks=\toks25

(/usr/share/texlive/texmf-dist/tex/generic/pgf/utilities/pgfkeysfiltered.code.t
ex
\pgfkeys@tmptoks=\toks26
))
\pgf@x=\dimen153
\pgf@y=\dimen154
\pgf@xa=\dimen155
\pgf@ya=\dimen156
\pgf@xb=\dimen157
\pgf@yb=\dimen158
\pgf@xc=\dimen159
\pgf@yc=\dimen160
\pgf@xd=\dimen161
\pgf@yd=\dimen162
\w@pgf@writea=\write3
\r@pgf@reada=\read3
\c@pgf@counta=\count267
\c@pgf@countb=\count268
\c@pgf@countc=\count269
\c@pgf@countd=\count270
\t@pgf@toka=\toks27
\t@pgf@tokb=\toks28
\t@pgf@tokc=\toks29
\pgf@sys@id@count=\count271
 (/usr/share/texlive/texmf-dist/tex/generic/pgf/systemlayer/pgf.cfg
File: pgf.cfg 2020/01/08 v3.1.5b (3.1.5b)
)
Driver file for pgf: pgfsys-pdftex.def

(/usr/share/texlive/texmf-dist/tex/generic/pgf/systemlayer/pgfsys-pdftex.def
File: pgfsys-pdftex.def 2020/01/08 v3.1.5b (3.1.5b)

(/usr/share/texlive/texmf-dist/tex/generic/pgf/systemlayer/pgfsys-common-pdf.de
f
File: pgfsys-common-pdf.def 2020/01/08 v3.1.5b (3.1.5b)
)))
(/usr/share/texlive/texmf-dist/tex/generic/pgf/systemlayer/pgfsyssoftpath.code.
tex
File: pgfsyssoftpath.code.tex 2020/01/08 v3.1.5b (3.1.5b)
\pgfsyssoftpath@smallbuffer@items=\count272
\pgfsyssoftpath@bigbuffer@items=\count273
)
(/usr/share/texlive/texmf-dist/tex/generic/pgf/systemlayer/pgfsysprotocol.code.
tex
File: pgfsysprotocol.code.tex 2020/01/08 v3.1.5b (3.1.5b)
)) (/usr/share/texlive/texmf-dist/tex/latex/xcolor/xcolor.sty
Package: xcolor 2016/05/11 v2.12 LaTeX color extensions (UK)

(/usr/share/texlive/texmf-dist/tex/latex/graphics-cfg/color.cfg
File: color.cfg 2016/01/02 v1.6 sample color configuration
)
Package xcolor Info: Driver file: pdftex.def on input line 225.
Package xcolor Info: Model `cmy' substituted by `cmy0' on input line 1348.
Package xcolor Info: Model `hsb' substituted by `rgb' on input line 1352.
Package xcolor Info: Model `RGB' extended on input line 1364.
Package xcolor Info: Model `HTML' substituted by `rgb' on input line 1366.
Package xcolor Info: Model `Hsb' substituted by `hsb' on input line 1367.
Package xcolor Info: Model `tHsb' substituted by `hsb' on input line 1368.
Package xcolor Info: Model `HSB' substituted by `hsb' on input line 1369.
Package xcolor Info: Model `Gray' substituted by `gray' on input line 1370.
Package xcolor Info: Model `wave' substituted by `hsb' on input line 1371.
)
(/usr/share/texlive/texmf-dist/tex/generic/pgf/basiclayer/pgfcore.code.tex
Package: pgfcore 2020/01/08 v3.1.5b (3.1.5b)

(/usr/share/texlive/texmf-dist/tex/generic/pgf/math/pgfmath.code.tex
(/usr/share/texlive/texmf-dist/tex/generic/pgf/math/pgfmathcalc.code.tex
(/usr/share/texlive/texmf-dist/tex/generic/pgf/math/pgfmathutil.code.tex)
(/usr/share/texlive/texmf-dist/tex/generic/pgf/math/pgfmathparser.code.tex
\pgfmath@dimen=\dimen163
\pgfmath@count=\count274
\pgfmath@box=\box48
\pgfmath@toks=\toks30
\pgfmath@stack@operand=\toks31
\pgfmath@stack@operation=\toks32
)
(/usr/share/texlive/texmf-dist/tex/generic/pgf/math/pgfmathfunctions.code.tex
(/usr/share/texlive/texmf-dist/tex/generic/pgf/math/pgfmathfunctions.basic.code
.tex)
(/usr/share/texlive/texmf-dist/tex/generic/pgf/math/pgfmathfunctions.trigonomet
ric.code.tex)
(/usr/share/texlive/texmf-dist/tex/generic/pgf/math/pgfmathfunctions.random.cod
e.tex)
(/usr/share/texlive/texmf-dist/tex/generic/pgf/math/pgfmathfunctions.comparison
.code.tex)
(/usr/share/texlive/texmf-dist/tex/generic/pgf/math/pgfmathfunctions.base.code.
tex)
(/usr/share/texlive/texmf-dist/tex/generic/pgf/math/pgfmathfunctions.round.code
.tex)
(/usr/share/texlive/texmf-dist/tex/generic/pgf/math/pgfmathfunctions.misc.code.
tex)
(/usr/share/texlive/texmf-dist/tex/generic/pgf/math/pgfmathfunctions.integerari
thmetics.code.tex)))
(/usr/share/texlive/texmf-dist/tex/generic/pgf/math/pgfmathfloat.code.tex
\c@pgfmathroundto@lastzeros=\count275
))
(/usr/share/texlive/texmf-dist/tex/generic/pgf/math/pgfint.code.tex)
(/usr/share/texlive/texmf-dist/tex/generic/pgf/basiclayer/pgfcorepoints.code.te
x
File: pgfcorepoints.code.tex 2020/01/08 v3.1.5b (3.1.5b)
\pgf@picminx=\dimen164
\pgf@picmaxx=\dimen165
\pgf@picminy=\dimen166
\pgf@picmaxy=\dimen167
\pgf@pathminx=\dimen168
\pgf@pathmaxx=\dimen169
\pgf@pathminy=\dimen170
\pgf@pathmaxy=\dimen171
\pgf@xx=\dimen172
\pgf@xy=\dimen173
\pgf@yx=\dimen174
\pgf@yy=\dimen175
\pgf@zx=\dimen176
\pgf@zy=\dimen177
)
(/usr/share/texlive/texmf-dist/tex/generic/pgf/basiclayer/pgfcorepathconstruct.
code.tex
File: pgfcorepathconstruct.code.tex 2020/01/08 v3.1.5b (3.1.5b)
\pgf@path@lastx=\dimen178
\pgf@path@lasty=\dimen179
)
(/usr/share/texlive/texmf-dist/tex/generic/pgf/basiclayer/pgfcorepathusage.code
.tex
File: pgfcorepathusage.code.tex 2020/01/08 v3.1.5b (3.1.5b)
\pgf@shorten@end@additional=\dimen180
\pgf@shorten@start@additional=\dimen181
)
(/usr/share/texlive/texmf-dist/tex/generic/pgf/basiclayer/pgfcorescopes.code.te
x
File: pgfcorescopes.code.tex 2020/01/08 v3.1.5b (3.1.5b)
\pgfpic=\box49
\pgf@hbox=\box50
\pgf@layerbox@main=\box51
\pgf@picture@serial@count=\count276
)
(/usr/share/texlive/texmf-dist/tex/generic/pgf/basiclayer/pgfcoregraphicstate.c
ode.tex
File: pgfcoregraphicstate.code.tex 2020/01/08 v3.1.5b (3.1.5b)
\pgflinewidth=\dimen182
)
(/usr/share/texlive/texmf-dist/tex/generic/pgf/basiclayer/pgfcoretransformation
s.code.tex
File: pgfcoretransformations.code.tex 2020/01/08 v3.1.5b (3.1.5b)
\pgf@pt@x=\dimen183
\pgf@pt@y=\dimen184
\pgf@pt@temp=\dimen185
)
(/usr/share/texlive/texmf-dist/tex/generic/pgf/basiclayer/pgfcorequick.code.tex
File: pgfcorequick.code.tex 2020/01/08 v3.1.5b (3.1.5b)
)
(/usr/share/texlive/texmf-dist/tex/generic/pgf/basiclayer/pgfcoreobjects.code.t
ex
File: pgfcoreobjects.code.tex 2020/01/08 v3.1.5b (3.1.5b)
)
(/usr/share/texlive/texmf-dist/tex/generic/pgf/basiclayer/pgfcorepathprocessing
.code.tex
File: pgfcorepathprocessing.code.tex 2020/01/08 v3.1.5b (3.1.5b)
)
(/usr/share/texlive/texmf-dist/tex/generic/pgf/basiclayer/pgfcorearrows.code.te
x
File: pgfcorearrows.code.tex 2020/01/08 v3.1.5b (3.1.5b)
\pgfarrowsep=\dimen186
)
(/usr/share/texlive/texmf-dist/tex/generic/pgf/basiclayer/pgfcoreshade.code.tex
File: pgfcoreshade.code.tex 2020/01/08 v3.1.5b (3.1.5b)
\pgf@max=\dimen187
\pgf@sys@shading@range@num=\count277
\pgf@shadingcount=\count278
)
(/usr/share/texlive/texmf-dist/tex/generic/pgf/basiclayer/pgfcoreimage.code.tex
File: pgfcoreimage.code.tex 2020/01/08 v3.1.5b (3.1.5b)

(/usr/share/texlive/texmf-dist/tex/generic/pgf/basiclayer/pgfcoreexternal.code.
tex
File: pgfcoreexternal.code.tex 2020/01/08 v3.1.5b (3.1.5b)
\pgfexternal@startupbox=\box52
))
(/usr/share/texlive/texmf-dist/tex/generic/pgf/basiclayer/pgfcorelayers.code.te
x
File: pgfcorelayers.code.tex 2020/01/08 v3.1.5b (3.1.5b)
)
(/usr/share/texlive/texmf-dist/tex/generic/pgf/basiclayer/pgfcoretransparency.c
ode.tex
File: pgfcoretransparency.code.tex 2020/01/08 v3.1.5b (3.1.5b)
)
(/usr/share/texlive/texmf-dist/tex/generic/pgf/basiclayer/pgfcorepatterns.code.
tex
File: pgfcorepatterns.code.tex 2020/01/08 v3.1.5b (3.1.5b)
)
(/usr/share/texlive/texmf-dist/tex/generic/pgf/basiclayer/pgfcorerdf.code.tex
File: pgfcorerdf.code.tex 2020/01/08 v3.1.5b (3.1.5b)
)))
(/usr/share/texlive/texmf-dist/tex/generic/pgf/modules/pgfmoduleshapes.code.tex
File: pgfmoduleshapes.code.tex 2020/01/08 v3.1.5b (3.1.5b)
\pgfnodeparttextbox=\box53
) (/usr/share/texlive/texmf-dist/tex/generic/pgf/modules/pgfmoduleplot.code.tex
File: pgfmoduleplot.code.tex 2020/01/08 v3.1.5b (3.1.5b)
)
(/usr/share/texlive/texmf-dist/tex/latex/pgf/compatibility/pgfcomp-version-0-65
.sty
Package: pgfcomp-version-0-65 2020/01/08 v3.1.5b (3.1.5b)
\pgf@nodesepstart=\dimen188
\pgf@nodesepend=\dimen189
)
(/usr/share/texlive/texmf-dist/tex/latex/pgf/compatibility/pgfcomp-version-1-18
.sty
Package: pgfcomp-version-1-18 2020/01/08 v3.1.5b (3.1.5b)
)) (/usr/share/texlive/texmf-dist/tex/latex/pgf/utilities/pgffor.sty
(/usr/share/texlive/texmf-dist/tex/latex/pgf/utilities/pgfkeys.sty
(/usr/share/texlive/texmf-dist/tex/generic/pgf/utilities/pgfkeys.code.tex))
(/usr/share/texlive/texmf-dist/tex/latex/pgf/math/pgfmath.sty
(/usr/share/texlive/texmf-dist/tex/generic/pgf/math/pgfmath.code.tex))
(/usr/share/texlive/texmf-dist/tex/generic/pgf/utilities/pgffor.code.tex
Package: pgffor 2020/01/08 v3.1.5b (3.1.5b)

(/usr/share/texlive/texmf-dist/tex/generic/pgf/math/pgfmath.code.tex)
\pgffor@iter=\dimen190
\pgffor@skip=\dimen191
\pgffor@stack=\toks33
\pgffor@toks=\toks34
))
(/usr/share/texlive/texmf-dist/tex/generic/pgf/frontendlayer/tikz/tikz.code.tex
Package: tikz 2020/01/08 v3.1.5b (3.1.5b)

(/usr/share/texlive/texmf-dist/tex/generic/pgf/libraries/pgflibraryplothandlers
.code.tex
File: pgflibraryplothandlers.code.tex 2020/01/08 v3.1.5b (3.1.5b)
\pgf@plot@mark@count=\count279
\pgfplotmarksize=\dimen192
)
\tikz@lastx=\dimen193
\tikz@lasty=\dimen194
\tikz@lastxsaved=\dimen195
\tikz@lastysaved=\dimen196
\tikz@lastmovetox=\dimen197
\tikz@lastmovetoy=\dimen198
\tikzleveldistance=\dimen199
\tikzsiblingdistance=\dimen256
\tikz@figbox=\box54
\tikz@figbox@bg=\box55
\tikz@tempbox=\box56
\tikz@tempbox@bg=\box57
\tikztreelevel=\count280
\tikznumberofchildren=\count281
\tikznumberofcurrentchild=\count282
\tikz@fig@count=\count283

(/usr/share/texlive/texmf-dist/tex/generic/pgf/modules/pgfmodulematrix.code.tex
File: pgfmodulematrix.code.tex 2020/01/08 v3.1.5b (3.1.5b)
\pgfmatrixcurrentrow=\count284
\pgfmatrixcurrentcolumn=\count285
\pgf@matrix@numberofcolumns=\count286
)
\tikz@expandcount=\count287

(/usr/share/texlive/texmf-dist/tex/generic/pgf/frontendlayer/tikz/libraries/tik
zlibrarytopaths.code.tex
File: tikzlibrarytopaths.code.tex 2020/01/08 v3.1.5b (3.1.5b)
)))
(/usr/share/texlive/texmf-dist/tex/latex/l3backend/l3backend-pdfmode.def
File: l3backend-pdfmode.def 2020-02-03 L3 backend support: PDF mode
\l__kernel_color_stack_int=\count288
\l__pdf_internal_box=\box58
)
(./apuntes_algebra_ii.aux
LaTeX Info: Redefining \. on input line 24.
LaTeX Info: Redefining \% on input line 24.
)
\openout1 = `apuntes_algebra_ii.aux'.

LaTeX Font Info:    Checking defaults for OML/cmm/m/it on input line 28.
LaTeX Font Info:    ... okay on input line 28.
LaTeX Font Info:    Checking defaults for OMS/cmsy/m/n on input line 28.
LaTeX Font Info:    ... okay on input line 28.
LaTeX Font Info:    Checking defaults for OT1/cmr/m/n on input line 28.
LaTeX Font Info:    ... okay on input line 28.
LaTeX Font Info:    Checking defaults for T1/cmr/m/n on input line 28.
LaTeX Font Info:    ... okay on input line 28.
LaTeX Font Info:    Checking defaults for TS1/cmr/m/n on input line 28.
LaTeX Font Info:    ... okay on input line 28.
LaTeX Font Info:    Checking defaults for OMX/cmex/m/n on input line 28.
LaTeX Font Info:    ... okay on input line 28.
LaTeX Font Info:    Checking defaults for U/cmr/m/n on input line 28.
LaTeX Font Info:    ... okay on input line 28.
LaTeX Font Info:    Checking defaults for PD1/pdf/m/n on input line 28.
LaTeX Font Info:    ... okay on input line 28.
\AtBeginShipoutBox=\box59
Package hyperref Info: Link coloring OFF on input line 28.

(/usr/share/texlive/texmf-dist/tex/latex/hyperref/nameref.sty
Package: nameref 2019/09/16 v2.46 Cross-referencing by name of section

(/usr/share/texlive/texmf-dist/tex/latex/refcount/refcount.sty
Package: refcount 2019/12/15 v3.6 Data extraction from label references (HO)
)
(/usr/share/texlive/texmf-dist/tex/generic/gettitlestring/gettitlestring.sty
Package: gettitlestring 2019/12/15 v1.6 Cleanup title references (HO)
)
\c@section@level=\count289
)
LaTeX Info: Redefining \ref on input line 28.
LaTeX Info: Redefining \pageref on input line 28.
LaTeX Info: Redefining \nameref on input line 28.

(./apuntes_algebra_ii.out) (./apuntes_algebra_ii.out)
\@outlinefile=\write4
\openout4 = `apuntes_algebra_ii.out'.

LaTeX Info: Redefining \. on input line 28.
LaTeX Info: Redefining \% on input line 28.

(/usr/share/texlive/texmf-dist/tex/context/base/mkii/supp-pdf.mkii
[Loading MPS to PDF converter (version 2006.09.02).]
\scratchcounter=\count290
\scratchdimen=\dimen257
\scratchbox=\box60
\nofMPsegments=\count291
\nofMParguments=\count292
\everyMPshowfont=\toks35
\MPscratchCnt=\count293
\MPscratchDim=\dimen258
\MPnumerator=\count294
\makeMPintoPDFobject=\count295
\everyMPtoPDFconversion=\toks36
) (/usr/share/texlive/texmf-dist/tex/latex/epstopdf-pkg/epstopdf-base.sty
Package: epstopdf-base 2020-01-24 v2.11 Base part for package epstopdf
Package epstopdf-base Info: Redefining graphics rule for `.eps' on input line 4
85.

(/usr/share/texlive/texmf-dist/tex/latex/latexconfig/epstopdf-sys.cfg
File: epstopdf-sys.cfg 2010/07/13 v1.3 Configuration of (r)epstopdf for TeX Liv
e
))
ABD: EveryShipout initializing macros
LaTeX Font Info:    Trying to load font information for U+msa on input line 30.


(/usr/share/texlive/texmf-dist/tex/latex/amsfonts/umsa.fd
File: umsa.fd 2013/01/14 v3.01 AMS symbols A
)
LaTeX Font Info:    Trying to load font information for U+msb on input line 30.


(/usr/share/texlive/texmf-dist/tex/latex/amsfonts/umsb.fd
File: umsb.fd 2013/01/14 v3.01 AMS symbols B
) [1

{/var/lib/texmf/fonts/map/pdftex/updmap/pdftex.map}] (./apuntes_algebra_ii.toc
LaTeX Info: Redefining \. on input line 1.
LaTeX Info: Redefining \% on input line 1.
)
\tf@toc=\write5
\openout5 = `apuntes_algebra_ii.toc'.

 [2]
Underfull \hbox (badness 10000) in paragraph at lines 37--38

 []


Overfull \hbox (5.28044pt too wide) in paragraph at lines 55--56
[]$[]$ \OT1/cmr/m/n/10 Pa-ra ca-da $\OML/cmm/m/it/10 a \OMS/cmsy/m/n/10 2 \OML/
cmm/m/it/10 G$ \OT1/cmr/m/n/10 exis-
 []


Underfull \hbox (badness 10000) in paragraph at lines 64--65

 []


LaTeX Font Warning: Font shape `OT1/cmr/bx/sc' undefined
(Font)              using `OT1/cmr/bx/n' instead on input line 68.


Package spanish Warning: Replacing `OT1/cmr/bx/sc' by 
(spanish)                faked small caps on input line 68.


Package spanish Warning: Replacing `OT1/cmr/bx/sc' by 
(spanish)                faked small caps on input line 69.


Package spanish Warning: Replacing `OT1/cmr/bx/sc' by 
(spanish)                faked small caps on input line 70.


Package spanish Warning: Replacing `OT1/cmr/bx/sc' by 
(spanish)                faked small caps on input line 71.


Package spanish Warning: Replacing `OT1/cmr/bx/sc' by 
(spanish)                faked small caps on input line 72.


Package spanish Warning: Replacing `OT1/cmr/bx/sc' by 
(spanish)                faked small caps on input line 80.


Package spanish Warning: Replacing `OT1/cmr/bx/sc' by 
(spanish)                faked small caps on input line 81.

[3]

Package spanish Warning: Replacing `OT1/cmr/bx/sc' by 
(spanish)                faked small caps on input line 91.


Package spanish Warning: Replacing `OT1/cmr/bx/sc' by 
(spanish)                faked small caps on input line 101.


Package spanish Warning: Replacing `OT1/cmr/bx/sc' by 
(spanish)                faked small caps on input line 102.


Package spanish Warning: Replacing `OT1/cmr/bx/sc' by 
(spanish)                faked small caps on input line 110.

[4]

Package spanish Warning: Replacing `OT1/cmr/bx/sc' by 
(spanish)                faked small caps on input line 153.


Package spanish Warning: Replacing `OT1/cmr/bx/sc' by 
(spanish)                faked small caps on input line 154.


Package spanish Warning: Replacing `OT1/cmr/bx/sc' by 
(spanish)                faked small caps on input line 160.


Package spanish Warning: Replacing `OT1/cmr/bx/sc' by 
(spanish)                faked small caps on input line 166.


Package spanish Warning: Replacing `OT1/cmr/bx/sc' by 
(spanish)                faked small caps on input line 168.


Package spanish Warning: Replacing `OT1/cmr/bx/sc' by 
(spanish)                faked small caps on input line 170.


Package spanish Warning: Replacing `OT1/cmr/bx/sc' by 
(spanish)                faked small caps on input line 172.


Package spanish Warning: Replacing `OT1/cmr/bx/sc' by 
(spanish)                faked small caps on input line 174.


Package spanish Warning: Replacing `OT1/cmr/bx/sc' by 
(spanish)                faked small caps on input line 185.


Package spanish Warning: Replacing `OT1/cmr/bx/sc' by 
(spanish)                faked small caps on input line 188.


Package spanish Warning: Replacing `OT1/cmr/bx/sc' by 
(spanish)                faked small caps on input line 189.


Underfull \hbox (badness 10000) in paragraph at lines 189--190

 []

[5]
Underfull \hbox (badness 10000) in paragraph at lines 218--219

 []


Underfull \hbox (badness 10000) in paragraph at lines 237--238

 []


Underfull \hbox (badness 10000) in paragraph at lines 239--240

 []

[6]
Underfull \hbox (badness 10000) in paragraph at lines 259--260

 []


Underfull \hbox (badness 10000) in paragraph at lines 261--262

 []


Underfull \hbox (badness 10000) in paragraph at lines 271--272

 []


Underfull \hbox (badness 10000) in paragraph at lines 292--293

 []


Underfull \hbox (badness 10000) in paragraph at lines 294--295

 []


Underfull \hbox (badness 10000) in paragraph at lines 302--303

 []

[7]
Underfull \hbox (badness 10000) in paragraph at lines 331--332

 []


Underfull \hbox (badness 10000) in paragraph at lines 335--336

 []


Overfull \hbox (14.16476pt too wide) detected at line 341
\OML/cmm/m/it/10 GL[]\OT1/cmr/m/n/10 (\OML/cmm/m/it/10 K\OT1/cmr/m/n/10 ) = \OM
S/cmsy/m/n/10 M[]\OT1/cmr/m/n/10 (\OML/cmm/m/it/10 K\OT1/cmr/m/n/10 )[] = \OMS/
cmsy/m/n/10 f\OML/cmm/m/it/10 B \OMS/cmsy/m/n/10 2 M[]\OT1/cmr/m/n/10 (\OML/cmm
/m/it/10 K\OT1/cmr/m/n/10 )\OML/cmm/m/it/10 =B []es []regular\OMS/cmsy/m/n/10 g
 \OT1/cmr/m/n/10 = \OMS/cmsy/m/n/10 f\OML/cmm/m/it/10 B \OMS/cmsy/m/n/10 2 M[]\
OT1/cmr/m/n/10 (\OML/cmm/m/it/10 K\OT1/cmr/m/n/10 )\OML/cmm/m/it/10 =det\OT1/cm
r/m/n/10 (\OML/cmm/m/it/10 B\OT1/cmr/m/n/10 ) \OMS/cmsy/m/n/10 6\OT1/cmr/m/n/10
 = 0\OMS/cmsy/m/n/10 g
 []


Underfull \hbox (badness 10000) in paragraph at lines 343--344

 []


Underfull \hbox (badness 10000) in paragraph at lines 345--346

 []


Underfull \hbox (badness 10000) in paragraph at lines 347--348

 []


Underfull \hbox (badness 10000) in paragraph at lines 349--350

 []

[8]
Underfull \hbox (badness 10000) in paragraph at lines 374--375

 []

[9]
Underfull \hbox (badness 10000) in paragraph at lines 419--420

 []


Underfull \hbox (badness 10000) in paragraph at lines 427--428

 []

[10]
Underfull \hbox (badness 10000) in paragraph at lines 539--540

 []


Underfull \hbox (badness 10000) in paragraph at lines 541--542

 []

[11]
Underfull \hbox (badness 10000) in paragraph at lines 575--576

 []


Underfull \hbox (badness 10000) in paragraph at lines 577--578

 []


Underfull \hbox (badness 10000) in paragraph at lines 596--597

 []


Underfull \hbox (badness 10000) in paragraph at lines 633--634

 []

[12]
Underfull \hbox (badness 10000) in paragraph at lines 652--653

 []


Underfull \hbox (badness 10000) in paragraph at lines 660--661

 []


Underfull \hbox (badness 10000) in paragraph at lines 662--663

 []


Underfull \hbox (badness 10000) in paragraph at lines 664--665

 []


Underfull \hbox (badness 10000) in paragraph at lines 679--680

 []


Underfull \hbox (badness 10000) in paragraph at lines 681--682

 []


Underfull \hbox (badness 10000) in paragraph at lines 683--684

 []

[13]
Underfull \hbox (badness 10000) in paragraph at lines 698--699

 []

[14]
Overfull \hbox (20.61482pt too wide) in paragraph at lines 792--793
[]\OT1/cmr/m/n/10 Ciclos de lon-gi-tud 3: $(1 []2 []3)\OML/cmm/m/it/10 ; \OT1/c
mr/m/n/10 (1 []3 []2)\OML/cmm/m/it/10 ; \OT1/cmr/m/n/10 (1 []2 []4)\OML/cmm/m/i
t/10 ; \OT1/cmr/m/n/10 (1 []4 []2)\OML/cmm/m/it/10 ; \OT1/cmr/m/n/10 (2 []3 []4
)\OML/cmm/m/it/10 ; \OT1/cmr/m/n/10 (2 []4 []3)\OML/cmm/m/it/10 ; \OT1/cmr/m/n/
10 (1 []3 []4)\OML/cmm/m/it/10 ; \OT1/cmr/m/n/10 (1 []4 []3)$. 
 []


Underfull \hbox (badness 10000) in paragraph at lines 796--797

 []


Underfull \hbox (badness 10000) in paragraph at lines 798--799

 []


Overfull \hbox (19.57104pt too wide) in paragraph at lines 811--812
[]\OT1/cmr/m/n/10 Dado un r-ciclo $(\OML/cmm/m/it/10 x[] [] x[]\OT1/cmr/m/n/10 
)$ se ve-ri-fi-ca que pa-ra to-do $1 \OMS/cmsy/m/n/10 ^^T \OML/cmm/m/it/10 k < 
r$\OT1/cmr/m/n/10 , $(\OML/cmm/m/it/10 x[] [] x[]\OT1/cmr/m/n/10 )[] [] \OMS/cm
sy/m/n/10 6\OT1/cmr/m/n/10 =  []\OML/cmm/m/it/10 id$
 []

[15]
Underfull \hbox (badness 10000) in paragraph at lines 816--817

 []


Underfull \hbox (badness 10000) in paragraph at lines 818--819

 []


Underfull \hbox (badness 10000) in paragraph at lines 839--840

 []

<images/triangulo_n_3.png, id=233, 653.44125pt x 666.49pt>
File: images/triangulo_n_3.png Graphic file (type png)
<use images/triangulo_n_3.png>
Package pdftex.def Info: images/triangulo_n_3.png  used on input line 864.
(pdftex.def)             Requested size: 653.43965pt x 666.48837pt.

LaTeX Warning: `h' float specifier changed to `ht'.

<images/cuadrado_n_4.png, id=235, 320.19624pt x 311.1625pt>
File: images/cuadrado_n_4.png Graphic file (type png)
<use images/cuadrado_n_4.png>
Package pdftex.def Info: images/cuadrado_n_4.png  used on input line 870.
(pdftex.def)             Requested size: 320.19545pt x 311.16174pt.

LaTeX Warning: `h' float specifier changed to `ht'.


Underfull \hbox (badness 10000) in paragraph at lines 873--874

 []

[16]
Underfull \hbox (badness 10000) in paragraph at lines 875--876

 []

[17 <./images/triangulo_n_3.png>]
Underfull \hbox (badness 10000) in paragraph at lines 906--907

 []

[18 <./images/cuadrado_n_4.png>]
Underfull \hbox (badness 10000) in paragraph at lines 967--968

 []


Underfull \hbox (badness 10000) in paragraph at lines 982--983

 []

[19]
Underfull \hbox (badness 10000) in paragraph at lines 994--995

 []

<images/ejemplo_simetrias.png, id=271, 895.345pt x 812.03375pt>
File: images/ejemplo_simetrias.png Graphic file (type png)
<use images/ejemplo_simetrias.png>
Package pdftex.def Info: images/ejemplo_simetrias.png  used on input line 1001.

(pdftex.def)             Requested size: 895.34282pt x 812.03177pt.

LaTeX Warning: Command \textordmasculine invalid in math mode on input line 100
6.


LaTeX Warning: Command \textordmasculine invalid in math mode on input line 100
6.

Missing character: There is no º in font cmr10!

LaTeX Warning: Command \textordmasculine invalid in math mode on input line 100
7.


LaTeX Warning: Command \textordmasculine invalid in math mode on input line 100
7.

Missing character: There is no º in font cmr10!

LaTeX Warning: Command \textordmasculine invalid in math mode on input line 100
8.


LaTeX Warning: Command \textordmasculine invalid in math mode on input line 100
8.

Missing character: There is no º in font cmr10!
[20 <./images/ejemplo_simetrias.png>]
Underfull \hbox (badness 10000) in paragraph at lines 1020--1021

 []


Underfull \hbox (badness 10000) in paragraph at lines 1052--1053

 []


Underfull \hbox (badness 10000) in paragraph at lines 1088--1089

 []

[21]
Underfull \hbox (badness 10000) in paragraph at lines 1107--1108

 []


Underfull \hbox (badness 10000) in paragraph at lines 1139--1140

 []

[22]
Underfull \hbox (badness 10000) in paragraph at lines 1212--1213

 []


Underfull \hbox (badness 10000) in paragraph at lines 1220--1221

 []

[23]
Underfull \hbox (badness 10000) in paragraph at lines 1277--1278

 []

[24]
Underfull \hbox (badness 10000) in paragraph at lines 1334--1335

 []


Underfull \hbox (badness 10000) in paragraph at lines 1343--1344

 []


Underfull \hbox (badness 10000) in paragraph at lines 1345--1346

 []

[25]
Underfull \hbox (badness 10000) in paragraph at lines 1363--1364

 []


Underfull \hbox (badness 10000) in paragraph at lines 1365--1366

 []


Underfull \hbox (badness 10000) in paragraph at lines 1367--1368

 []


Underfull \hbox (badness 10000) in paragraph at lines 1369--1370

 []


Underfull \hbox (badness 10000) in paragraph at lines 1385--1386

 []


Underfull \hbox (badness 10000) in paragraph at lines 1389--1390

 []


Underfull \hbox (badness 10000) in paragraph at lines 1391--1392

 []


Underfull \hbox (badness 10000) in paragraph at lines 1393--1394

 []


Underfull \hbox (badness 10000) in paragraph at lines 1395--1396

 []

[26]
Underfull \hbox (badness 10000) in paragraph at lines 1411--1412

 []


Underfull \hbox (badness 10000) in paragraph at lines 1413--1419

 []


Overfull \hbox (9.62558pt too wide) detected at line 1427
[]
 []


Underfull \hbox (badness 10000) in paragraph at lines 1433--1434

 []

[27]
Overfull \hbox (12.6495pt too wide) detected at line 1510
\OML/cmm/m/it/10 GL[]\OT1/cmr/m/n/10 (\OMS/cmsy/m/n/10 M[]\OT1/cmr/m/n/10 ) = [
]
 []


Underfull \hbox (badness 10000) in paragraph at lines 1525--1526

 []

[28]

LaTeX Warning: Command \textasciiacute invalid in math mode on input line 1566.



LaTeX Warning: Command \textasciiacute invalid in math mode on input line 1566.


Missing character: There is no ´ in font cmr10!

LaTeX Warning: Command \textasciiacute invalid in math mode on input line 1566.



LaTeX Warning: Command \textasciiacute invalid in math mode on input line 1566.


Missing character: There is no ´ in font cmr10!
[29]
Underfull \hbox (badness 10000) in paragraph at lines 1644--1645

 []


Underfull \hbox (badness 10000) in paragraph at lines 1658--1659

 []

[30]
Underfull \hbox (badness 10000) in paragraph at lines 1672--1673

 []


Underfull \hbox (badness 10000) in paragraph at lines 1674--1675

 []


Underfull \hbox (badness 10000) in paragraph at lines 1676--1677

 []


Underfull \hbox (badness 10000) in paragraph at lines 1678--1679

 []


Underfull \hbox (badness 10000) in paragraph at lines 1682--1683

 []


Underfull \hbox (badness 10000) in paragraph at lines 1684--1685

 []


Underfull \hbox (badness 10000) in paragraph at lines 1686--1687

 []


Underfull \hbox (badness 10000) in paragraph at lines 1688--1689

 []


Underfull \hbox (badness 10000) in paragraph at lines 1692--1693

 []


Underfull \hbox (badness 10000) in paragraph at lines 1696--1697

 []

[31]
Underfull \hbox (badness 10000) in paragraph at lines 1704--1706

 []


Underfull \hbox (badness 10000) in paragraph at lines 1707--1708

 []


Underfull \hbox (badness 10000) in paragraph at lines 1709--1715

 []


Overfull \hbox (12.93225pt too wide) in paragraph at lines 1722--1743
[]\OT1/cmr/m/n/10 En $\OML/cmm/m/it/10 S[]$\OT1/cmr/m/n/10 , $\OML/cmm/m/it/10 
K \OT1/cmr/m/n/10 = \OMS/cmsy/m/n/10 f\OML/cmm/m/it/10 id; [] \OT1/cmr/m/n/10 
= [] [] \OML/cmm/m/it/10 ;  [] \OT1/cmr/m/n/10 = [] [] \OML/cmm/m/it/10 ;  []
 \OT1/cmr/m/n/10 = [] []\OMS/cmsy/m/n/10 g$ 
 []


Underfull \hbox (badness 10000) in paragraph at lines 1745--1746

 []


Underfull \hbox (badness 10000) in paragraph at lines 1747--1755

 []


Underfull \hbox (badness 10000) in paragraph at lines 1756--1757

 []


Package spanish Warning: Replacing `OT1/cmr/bx/sc' by 
(spanish)                faked small caps on input line 1775.


Package spanish Warning: Replacing `OT1/cmr/bx/sc' by 
(spanish)                faked small caps on input line 1776.


Overfull \hbox (30.69267pt too wide) in paragraph at lines 1776--1777
[]$\OML/cmm/m/it/10 H \OMS/cmsy/m/n/10 ^^T \OML/cmm/m/it/10 G \OMS/cmsy/m/n/10 
) \OML/cmm/m/it/10 f[]\OT1/cmr/m/n/10 (\OML/cmm/m/it/10 H\OT1/cmr/m/n/10 ) \OMS
/cmsy/m/n/10 ^^Z \OML/cmm/m/it/10 G[]$ \OT1/cmr/m/n/10 y $\OML/cmm/m/it/10 f[]\
OT1/cmr/m/n/10 (\OML/cmm/m/it/10 H\OT1/cmr/m/n/10 ) \OMS/cmsy/m/n/10 6\OT1/cmr/
m/n/10 = \OMS/cmsy/m/n/10 ;$ \OT1/cmr/m/n/10 pues $\OML/cmm/m/it/10 H \OMS/cmsy
/m/n/10 6\OT1/cmr/m/n/10 = \OMS/cmsy/m/n/10 ;$\OT1/cmr/m/n/10 . Sean $\OML/cmm/
m/it/10 x[]; y[] \OMS/cmsy/m/n/10 2 \OML/cmm/m/it/10 f[]\OT1/cmr/m/n/10 (\OML/c
mm/m/it/10 H\OT1/cmr/m/n/10 ) \OMS/cmsy/m/n/10 )  []9\OML/cmm/m/it/10 x; y \OMS
/cmsy/m/n/10 2  []\OML/cmm/m/it/10 H$
 []

[32]

Package spanish Warning: Replacing `OT1/cmr/bx/sc' by 
(spanish)                faked small caps on input line 1784.


Package spanish Warning: Replacing `OT1/cmr/bx/sc' by 
(spanish)                faked small caps on input line 1788.


Package spanish Warning: Replacing `OT1/cmr/bx/sc' by 
(spanish)                faked small caps on input line 1792.


Underfull \hbox (badness 10000) in paragraph at lines 1795--1796

 []


Underfull \hbox (badness 10000) in paragraph at lines 1811--1812

 []


Underfull \hbox (badness 10000) in paragraph at lines 1819--1820

 []

[33]
Underfull \hbox (badness 10000) in paragraph at lines 1876--1877

 []


Underfull \hbox (badness 10000) in paragraph at lines 1878--1879

 []

[34]
Underfull \hbox (badness 10000) in paragraph at lines 1888--1889

 []


Underfull \hbox (badness 10000) in paragraph at lines 1899--1900

 []


Underfull \hbox (badness 10000) in paragraph at lines 1901--1902

 []


Underfull \hbox (badness 10000) in paragraph at lines 1903--1904

 []


Underfull \hbox (badness 10000) in paragraph at lines 1912--1913

 []


Underfull \hbox (badness 10000) in paragraph at lines 1920--1921

 []


Underfull \hbox (badness 10000) in paragraph at lines 1922--1923

 []

[35]
Underfull \hbox (badness 10000) in paragraph at lines 1946--1947

 []


Overfull \hbox (15.97432pt too wide) in paragraph at lines 1960--1961
[]\OT1/cmr/m/n/10 pues sig-ma es im-par $\OMS/cmsy/m/n/10 ) \OT1/cmr/m/n/10 (1 
2)\OML/cmm/m/it/10 ^^[ \OMS/cmsy/m/n/10 2 \OML/cmm/m/it/10 A[] \OMS/cmsy/m/n/10
 ) \OT1/cmr/m/n/10 (\OML/cmm/m/it/10 s\OT1/cmr/m/n/10 ((1 2)\OML/cmm/m/it/10 ^^
[\OT1/cmr/m/n/10 )) = \OML/cmm/m/it/10 s\OT1/cmr/m/n/10 (1 2)\OML/cmm/m/it/10 s
\OT1/cmr/m/n/10 (\OML/cmm/m/it/10 ^^[\OT1/cmr/m/n/10 ) = (\OMS/cmsy/m/n/10 ^^@\
OT1/cmr/m/n/10 1)(\OMS/cmsy/m/n/10 ^^@\OT1/cmr/m/n/10 1) =  []1$. 
 []


Underfull \hbox (badness 10000) in paragraph at lines 1960--1961

 []


Underfull \hbox (badness 10000) in paragraph at lines 1983--1984

 []


Underfull \hbox (badness 10000) in paragraph at lines 1991--1992

 []


Underfull \hbox (badness 10000) in paragraph at lines 1993--1994

 []


Underfull \hbox (badness 10000) in paragraph at lines 2000--2001

 []


Underfull \hbox (badness 10000) in paragraph at lines 2002--2003

 []

[36]
Underfull \hbox (badness 10000) in paragraph at lines 2004--2005

 []


Underfull \hbox (badness 10000) in paragraph at lines 2018--2019

 []


Underfull \hbox (badness 10000) in paragraph at lines 2034--2035

 []


Underfull \hbox (badness 10000) in paragraph at lines 2042--2043

 []


Underfull \hbox (badness 10000) in paragraph at lines 2052--2053

 []


Underfull \hbox (badness 10000) in paragraph at lines 2062--2063

 []

[37]
Underfull \hbox (badness 10000) in paragraph at lines 2096--2101

 []


Underfull \hbox (badness 10000) in paragraph at lines 2104--2105

 []


Overfull \hbox (4.50375pt too wide) detected at line 2122
[]
 []


Underfull \hbox (badness 10000) in paragraph at lines 2124--2125

 []


Underfull \hbox (badness 10000) in paragraph at lines 2138--2139

 []

[38]
Underfull \hbox (badness 10000) in paragraph at lines 2167--2168

 []


Underfull \hbox (badness 10000) in paragraph at lines 2169--2170

 []


Underfull \hbox (badness 10000) in paragraph at lines 2184--2185

 []


Underfull \hbox (badness 10000) in paragraph at lines 2186--2187

 []

[39]
Underfull \hbox (badness 10000) in paragraph at lines 2200--2201

 []


Underfull \hbox (badness 10000) in paragraph at lines 2232--2233

 []

[40] [41]
Underfull \hbox (badness 10000) in paragraph at lines 2326--2327

 []


Underfull \hbox (badness 10000) in paragraph at lines 2328--2329

 []


Underfull \hbox (badness 10000) in paragraph at lines 2330--2331

 []

[42]
Overfull \hbox (30.20769pt too wide) in paragraph at lines 2356--2357
[]\OT1/cmr/m/n/10 Si $\OML/cmm/m/it/10 y \OMS/cmsy/m/n/10 2 \OML/cmm/m/it/10 xH
$ \OT1/cmr/m/n/10 en-ton-ces $\OMS/cmsy/m/n/10 9\OML/cmm/m/it/10 h \OMS/cmsy/m/
n/10 2 \OML/cmm/m/it/10 H$ \OT1/cmr/m/n/10 tal que $\OML/cmm/m/it/10 y \OT1/cmr
/m/n/10 = \OML/cmm/m/it/10 xh \OMS/cmsy/m/n/10 ) \OML/cmm/m/it/10 x[]y \OT1/cmr
/m/n/10 = \OML/cmm/m/it/10 x[]xh \OT1/cmr/m/n/10 = \OML/cmm/m/it/10 h \OMS/cmsy
/m/n/10 2  []\OML/cmm/m/it/10 H [] \OMS/cmsy/m/n/10 )  []\OML/cmm/m/it/10 y \OM
S/cmsy/m/n/10 2  []\OT1/cmr/m/n/10 [\OML/cmm/m/it/10 x\OT1/cmr/m/n/10 ][]$.
 []


Underfull \hbox (badness 10000) in paragraph at lines 2356--2357

 []


Underfull \hbox (badness 10000) in paragraph at lines 2390--2394

 []


Underfull \hbox (badness 10000) in paragraph at lines 2406--2407

 []


Underfull \hbox (badness 10000) in paragraph at lines 2408--2409

 []

[43]
Underfull \hbox (badness 10000) in paragraph at lines 2412--2413

 []


Underfull \hbox (badness 10000) in paragraph at lines 2435--2436

 []

[44]
Underfull \hbox (badness 10000) in paragraph at lines 2459--2460

 []


Underfull \hbox (badness 10000) in paragraph at lines 2461--2462

 []


Underfull \hbox (badness 10000) in paragraph at lines 2467--2468

 []


Underfull \hbox (badness 10000) in paragraph at lines 2494--2495

 []


Overfull \hbox (30.21068pt too wide) in paragraph at lines 2496--2497
[]\OT1/cmr/bx/sc/10 Ejercicio 15(Rel 2):$\OML/cmm/m/it/10 f \OT1/cmr/m/n/10 : \
OML/cmm/m/it/10 G \OMS/cmsy/m/n/10 ! \OML/cmm/m/it/10 G[]$ \OT1/cmr/m/n/10 es u
n isomorfismo$\OMS/cmsy/m/n/10 ) \OML/cmm/m/it/10 ord\OT1/cmr/m/n/10 (\OML/cmm/
m/it/10 f\OT1/cmr/m/n/10 (\OML/cmm/m/it/10 a\OT1/cmr/m/n/10 )) = \OML/cmm/m/it/
10 ord\OT1/cmr/m/n/10 (\OML/cmm/m/it/10 a\OT1/cmr/m/n/10 ) \OMS/cmsy/m/n/10 8\O
ML/cmm/m/it/10 a \OMS/cmsy/m/n/10 2  []\OML/cmm/m/it/10 G$ 
 []


Underfull \hbox (badness 10000) in paragraph at lines 2496--2497

 []

[45]
Underfull \hbox (badness 10000) in paragraph at lines 2541--2542

 []


Underfull \hbox (badness 10000) in paragraph at lines 2550--2551

 []


Underfull \hbox (badness 10000) in paragraph at lines 2560--2561

 []

[46]
Underfull \hbox (badness 10000) in paragraph at lines 2569--2570

 []


Underfull \hbox (badness 10000) in paragraph at lines 2582--2583

 []


LaTeX Warning: Command \textquestiondown invalid in math mode on input line 261
8.


LaTeX Warning: Command \textquestiondown invalid in math mode on input line 261
8.

[47]
Underfull \hbox (badness 10000) in paragraph at lines 2642--2643

 []


Underfull \hbox (badness 10000) in paragraph at lines 2644--2645

 []

[48]
Underfull \hbox (badness 10000) in paragraph at lines 2687--2688

 []


Underfull \hbox (badness 10000) in paragraph at lines 2702--2703

 []


Underfull \hbox (badness 10000) in paragraph at lines 2727--2728

 []

[49]
Underfull \hbox (badness 10000) in paragraph at lines 2740--2741

 []


Underfull \hbox (badness 10000) in paragraph at lines 2796--2797

 []

[50]
Underfull \hbox (badness 10000) in paragraph at lines 2808--2809

 []


Underfull \hbox (badness 10000) in paragraph at lines 2826--2827

 []

[51]
Underfull \hbox (badness 10000) in paragraph at lines 2884--2885

 []

[52]
<images/grafo.png, id=503, 322.95656pt x 353.82187pt>
File: images/grafo.png Graphic file (type png)
<use images/grafo.png>
Package pdftex.def Info: images/grafo.png  used on input line 2914.
(pdftex.def)             Requested size: 322.95576pt x 353.821pt.

Underfull \hbox (badness 10000) in paragraph at lines 2924--2925

 []

[53 <./images/grafo.png>]
Underfull \hbox (badness 10000) in paragraph at lines 2940--2941

 []


Underfull \hbox (badness 10000) in paragraph at lines 2979--2980

 []

[54]
Overfull \hbox (31.07872pt too wide) detected at line 2994
\OML/cmm/m/it/10 C[] \OT1/cmr/m/n/10 = [] = \OMS/cmsy/m/n/10 f\OML/cmm/m/it/10 
id; \OT1/cmr/m/n/10 (1 2)\OMS/cmsy/m/n/10 g\OML/cmm/m/it/10 ;  C[] \OT1/cmr/m/n
/10 = [] = \OMS/cmsy/m/n/10 f\OML/cmm/m/it/10 id; \OT1/cmr/m/n/10 (1 3)\OMS/cms
y/m/n/10 g\OML/cmm/m/it/10 ;  C[] \OT1/cmr/m/n/10 = [] = \OMS/cmsy/m/n/10 f\OML
/cmm/m/it/10 id; \OT1/cmr/m/n/10 (2 3)\OMS/cmsy/m/n/10 g
 []

[55]
Underfull \hbox (badness 10000) in paragraph at lines 3045--3046

 []


Underfull \hbox (badness 10000) in paragraph at lines 3088--3089

 []

[56]
Underfull \hbox (badness 10000) in paragraph at lines 3123--3124

 []


Underfull \hbox (badness 10000) in paragraph at lines 3130--3131

 []


Underfull \hbox (badness 10000) in paragraph at lines 3139--3140

 []

[57]
Underfull \hbox (badness 10000) in paragraph at lines 3141--3142

 []


Underfull \hbox (badness 10000) in paragraph at lines 3143--3144

 []


Underfull \hbox (badness 10000) in paragraph at lines 3147--3148

 []


Underfull \hbox (badness 10000) in paragraph at lines 3174--3175

 []


Underfull \hbox (badness 10000) in paragraph at lines 3190--3191

 []

[58]
Underfull \hbox (badness 10000) in paragraph at lines 3205--3206

 []


Overfull \hbox (21.29831pt too wide) in paragraph at lines 3212--3213
[]\OT1/cmr/m/n/10 Sea $\OML/cmm/m/it/10  \OMS/cmsy/m/n/10 2 \OML/cmm/m/it/10 S
[]$ \OT1/cmr/m/n/10 y $(\OML/cmm/m/it/10 x[];  x[];  x[]\OT1/cmr/m/n/10 ) \OMS/
cmsy/m/n/10 2 \OML/cmm/m/it/10 X$\OT1/cmr/m/n/10 , en-ton-ces $\OML/cmm/m/it/10
 \OT1/cmr/m/n/10 (\OML/cmm/m/it/10 x[];  x[];  x[]\OT1/cmr/m/n/10 )\OML/cmm/m/
it/10 [] \OT1/cmr/m/n/10 = (\OML/cmm/m/it/10 \OT1/cmr/m/n/10 (\OML/cmm/m/it/1
0 x[]\OT1/cmr/m/n/10 )\OML/cmm/m/it/10 \OT1/cmr/m/n/10 (\OML/cmm/m/it/10 x[]\O
T1/cmr/m/n/10 )\OML/cmm/m/it/10 \OT1/cmr/m/n/10 (\OML/cmm/m/it/10 x[]\OT1/cmr/
m/n/10 )) \OMS/cmsy/m/n/10 2
 []


Underfull \hbox (badness 10000) in paragraph at lines 3212--3213

 []


Underfull \hbox (badness 10000) in paragraph at lines 3220--3221

 []


Overfull \hbox (40.80513pt too wide) in paragraph at lines 3222--3223
[]\OT1/cmr/bx/sc/10 Ejercicio 3 (Re-la-ci^^Son 3): \OT1/cmr/m/n/10 Sea $\OML/cm
m/m/it/10 G$ \OT1/cmr/m/n/10 un gru-po fi-ni-to y $\OML/cmm/m/it/10 H \OMS/cmsy
/m/n/10 ^^T \OML/cmm/m/it/10 G$ \OT1/cmr/m/n/10 tal que $[] =  []2 \OMS/cmsy/m/
n/10 )  []\OML/cmm/m/it/10 H \U/msa/m/n/10 E
 []


Underfull \hbox (badness 10000) in paragraph at lines 3222--3223

 []


Underfull \hbox (badness 10000) in paragraph at lines 3240--3241

 []


Underfull \hbox (badness 10000) in paragraph at lines 3247--3248

 []

[59]
Underfull \hbox (badness 10000) in paragraph at lines 3278--3279

 []

[60]
Overfull \hbox (6.10301pt too wide) in paragraph at lines 3320--3321
[]\OT1/cmr/m/n/10 Entonces $\OML/cmm/m/it/10 ab \OT1/cmr/m/n/10 = \OML/cmm/m/it
/10 a[]nb[]m \OT1/cmr/m/n/10 = \OML/cmm/m/it/10 a[]b[]n[]m [] \OT1/cmr/m/n/10 (
\OML/cmm/m/it/10 a[]b[]\OT1/cmr/m/n/10 )[](\OML/cmm/m/it/10 ab\OT1/cmr/m/n/10 )
 \OMS/cmsy/m/n/10 2 \OML/cmm/m/it/10 N \OMS/cmsy/m/n/10 ) \OML/cmm/m/it/10 abN 
\OT1/cmr/m/n/10 =  []\OML/cmm/m/it/10 a[]b[]N$\OT1/cmr/m/n/10 . 
 []


Underfull \hbox (badness 10000) in paragraph at lines 3329--3330

 []


Underfull \hbox (badness 10000) in paragraph at lines 3345--3346

 []

[61]
Overfull \hbox (15.93507pt too wide) in paragraph at lines 3377--3378
[]\OT1/cmr/m/n/10 (\OML/cmm/m/it/10 aN\OT1/cmr/m/n/10 ) = \OML/cmm/m/it/10 f\OT
1/cmr/m/n/10 (\OML/cmm/m/it/10 a\OT1/cmr/m/n/10 ) = 1 \OMS/cmsy/m/n/10 ) \OML/c
mm/m/it/10 aN \OMS/cmsy/m/n/10 2 \OML/cmm/m/it/10 Ker\OT1/cmr/m/n/10 ([]) [] \O
MS/cmsy/m/n/10 f\OML/cmm/m/it/10 N\OMS/cmsy/m/n/10 g ) \OML/cmm/m/it/10 aN \OT1
/cmr/m/n/10 =  []\OML/cmm/m/it/10 N \OMS/cmsy/m/n/10 )  []\OML/cmm/m/it/10 a \O
MS/cmsy/m/n/10 2  []\OML/cmm/m/it/10 N$ 
 []


Underfull \hbox (badness 10000) in paragraph at lines 3377--3378

 []


Overfull \hbox (8.48026pt too wide) in paragraph at lines 3379--3380
[]$\OMS/cmsy/m/n/10 (\OT1/cmr/m/n/10 )$ Si $\OML/cmm/m/it/10 N \OT1/cmr/m/n/10 
= \OML/cmm/m/it/10 Ker\OT1/cmr/m/n/10 (\OML/cmm/m/it/10 f\OT1/cmr/m/n/10 )$ $[]
 : \OML/cmm/m/it/10 G=N \OMS/cmsy/m/n/10 ! \OML/cmm/m/it/10 G[]$\OT1/cmr/m/n/10
 . Sea $\OML/cmm/m/it/10 aN \OMS/cmsy/m/n/10 2 \OML/cmm/m/it/10 G=N$ \OT1/cmr/m
/n/10 tal que $[](\OML/cmm/m/it/10 aN\OT1/cmr/m/n/10 ) =  []\OML/cmm/m/it/10 f\
OT1/cmr/m/n/10 (\OML/cmm/m/it/10 a\OT1/cmr/m/n/10 ) =  []1$,
 []


Underfull \hbox (badness 10000) in paragraph at lines 3384--3385

 []


Underfull \hbox (badness 10000) in paragraph at lines 3403--3404

 []


Underfull \hbox (badness 10000) in paragraph at lines 3405--3406

 []

[62]
Underfull \hbox (badness 10000) in paragraph at lines 3420--3421

 []


Overfull \hbox (36.6746pt too wide) in paragraph at lines 3426--3427
[]\OT1/cmr/m/n/10 Si $\OML/cmm/m/it/10 H[];  H[] \OMS/cmsy/m/n/10 2 \OML/cmm/m/
it/10 Sub\OT1/cmr/m/n/10 (\OML/cmm/m/it/10 G\OT1/cmr/m/n/10 )$ tal que $\OML/cm
m/m/it/10 N \U/msa/m/n/10 E \OML/cmm/m/it/10 H[] i \OT1/cmr/m/n/10 = 1\OML/cmm/
m/it/10 ;  \OT1/cmr/m/n/10 2$, en-ton-ces $\OML/cmm/m/it/10 H[]=N \OT1/cmr/m/n/
10 = \OML/cmm/m/it/10 H[]=N \OMS/cmsy/m/n/10 ,  []\OML/cmm/m/it/10 H[] \OT1/cmr
/m/n/10 =  []\OML/cmm/m/it/10 H[]$\OT1/cmr/m/n/10 . 
 []


Overfull \hbox (41.73274pt too wide) in paragraph at lines 3439--3440
[]\OT1/cmr/m/n/10 Sea $\OML/cmm/m/it/10 a \OMS/cmsy/m/n/10 2 \OML/cmm/m/it/10 H
[] \OMS/cmsy/m/n/10 ) \OML/cmm/m/it/10 aN \OMS/cmsy/m/n/10 2 \OML/cmm/m/it/10 H
[]=N \OT1/cmr/m/n/10 = \OML/cmm/m/it/10 H[]=N \OMS/cmsy/m/n/10 ) 9\OML/cmm/m/it
/10 t \OMS/cmsy/m/n/10 2 \OML/cmm/m/it/10 H[]$ \OT1/cmr/m/n/10 tal que $\OML/cm
m/m/it/10 aN \OT1/cmr/m/n/10 = \OML/cmm/m/it/10 tN \OMS/cmsy/m/n/10 ,  []\OML/c
mm/m/it/10 t[]a \OMS/cmsy/m/n/10 2  []\OML/cmm/m/it/10 N \OMS/cmsy/m/n/10 ^^T  
[]\OML/cmm/m/it/10 H[]$ 
 []


Overfull \hbox (20.74274pt too wide) in paragraph at lines 3448--3449
[]\OT1/cmr/m/n/10 Tenemos que $\OML/cmm/m/it/10 H[] \OMS/cmsy/m/n/10 ^^T \OML/c
mm/m/it/10 H[]$\OT1/cmr/m/n/10 . De la mis-ma for-ma ob-te-ne-mos que $\OML/cmm
/m/it/10 H[] \OMS/cmsy/m/n/10 ^^T \OML/cmm/m/it/10 H[] \OMS/cmsy/m/n/10 )  []\O
ML/cmm/m/it/10 H[] \OT1/cmr/m/n/10 =  []\OML/cmm/m/it/10 H[]$ 
 []

[63]
Underfull \hbox (badness 10000) in paragraph at lines 3468--3469

 []


Underfull \hbox (badness 10000) in paragraph at lines 3478--3483

 []


Underfull \hbox (badness 10000) in paragraph at lines 3484--3485

 []


Underfull \hbox (badness 10000) in paragraph at lines 3524--3525

 []

[64]
Underfull \hbox (badness 10000) in paragraph at lines 3541--3542

 []


Underfull \hbox (badness 10000) in paragraph at lines 3555--3556

 []


Underfull \hbox (badness 10000) in paragraph at lines 3570--3571

 []


LaTeX Warning: Command \textordfeminine invalid in math mode on input line 3574
.


LaTeX Warning: Command \textordfeminine invalid in math mode on input line 3574
.

Missing character: There is no ª in font cmr10!

LaTeX Warning: Command \textordfeminine invalid in math mode on input line 3574
.


LaTeX Warning: Command \textordfeminine invalid in math mode on input line 3574
.

Missing character: There is no ª in font cmr10!
[65]
Underfull \hbox (badness 10000) in paragraph at lines 3578--3579

 []


Underfull \hbox (badness 10000) in paragraph at lines 3580--3581

 []


LaTeX Warning: Command \textordfeminine invalid in math mode on input line 3584
.


LaTeX Warning: Command \textordfeminine invalid in math mode on input line 3584
.

Missing character: There is no ª in font cmr10!

Underfull \hbox (badness 10000) in paragraph at lines 3604--3605

 []


Underfull \hbox (badness 10000) in paragraph at lines 3613--3614

 []


Overfull \hbox (51.43864pt too wide) in paragraph at lines 3615--3616
[]\OT1/cmr/bx/sc/10 Ejercicio 8 (Re-la-ci^^Son 3): \OT1/cmr/m/n/10 2) De-mos-tr
ar que $\OML/cmm/m/it/10 Z\OT1/cmr/m/n/10 (\OML/cmm/m/it/10 A[]\OT1/cmr/m/n/10 
) = \OML/cmm/m/it/10 A[]$ \OT1/cmr/m/n/10 y que $\OML/cmm/m/it/10 Z\OT1/cmr/m/n
/10 (\OML/cmm/m/it/10 A[]\OT1/cmr/m/n/10 ) =  []\OMS/cmsy/m/n/10 f\OML/cmm/m/it
/10 id\OMS/cmsy/m/n/10 g 8\OML/cmm/m/it/10 n \OMS/cmsy/m/n/10 ^^U  []\OT1/cmr/m
/n/10 4$ 
 []


Underfull \hbox (badness 10000) in paragraph at lines 3621--3622

 []


Underfull \hbox (badness 10000) in paragraph at lines 3625--3626

 []


Underfull \hbox (badness 10000) in paragraph at lines 3641--3642

 []

[66]
Overfull \hbox (37.76707pt too wide) in paragraph at lines 3643--3644
[]\OT1/cmr/m/n/10 a) $\OML/cmm/m/it/10 n \OT1/cmr/m/n/10 = 2\OML/cmm/m/it/10 m 
D[] \OT1/cmr/m/n/10 = [] = \OMS/cmsy/m/n/10 f\OT1/cmr/m/n/10 1\OML/cmm/m/it/10 
; r; [] ; r[]; s; rs; [] ; r[]s\OMS/cmsy/m/n/10 g$ 
 []


Underfull \hbox (badness 10000) in paragraph at lines 3668--3669

 []


Underfull \hbox (badness 10000) in paragraph at lines 3676--3677

 []


Overfull \hbox (5.91924pt too wide) in paragraph at lines 3678--3679
[]\OT1/cmr/bx/sc/10 Ejercicio 18 (Re-la-cion 3): \OT1/cmr/m/n/10 Sea $\OML/cmm/
m/it/10 n \OMS/cmsy/m/n/10 ^^U \OT1/cmr/m/n/10 2$ y $\OML/cmm/m/it/10 C[] \OT1/
cmr/m/n/10 = [] = \OMS/cmsy/m/n/10 f\OT1/cmr/m/n/10 1\OML/cmm/m/it/10 ; x; [] ;
 x[]\OMS/cmsy/m/n/10 g$\OT1/cmr/m/n/10 . 
 []

[67]
Underfull \hbox (badness 10000) in paragraph at lines 3730--3731

 []


Underfull \hbox (badness 10000) in paragraph at lines 3732--3733

 []


Overfull \hbox (29.937pt too wide) in paragraph at lines 3750--3751
[]\OT1/cmr/m/n/10 Entonces pa-ra $\OML/cmm/m/it/10 r \OMS/cmsy/m/n/10 2 U\OT1/c
mr/m/n/10 (\U/msb/m/n/10 Z[]\OT1/cmr/m/n/10 )$, $\OML/cmm/m/it/10 x[]$ \OT1/cmr
/m/n/10 es un ge-ne-ra-dor de $\OML/cmm/m/it/10 C[]$\OT1/cmr/m/n/10 , pues $\OM
L/cmm/m/it/10 ord\OT1/cmr/m/n/10 (\OML/cmm/m/it/10 x[]\OT1/cmr/m/n/10 ) [] =  [
][] [] =  []\OML/cmm/m/it/10 n$\OT1/cmr/m/n/10 .
 []

[68]
Underfull \hbox (badness 10000) in paragraph at lines 3752--3753

 []


Overfull \hbox (63.72932pt too wide) detected at line 3780
\OT1/cmr/m/n/10 (\OML/cmm/m/it/10 f[]\OT1/cmr/m/n/10 )(\OML/cmm/m/it/10 x\OT1/c
mr/m/n/10 ) = \OML/cmm/m/it/10 f[]\OT1/cmr/m/n/10 (\OML/cmm/m/it/10 f[]\OT1/cmr
/m/n/10 (\OML/cmm/m/it/10 x\OT1/cmr/m/n/10 )) = \OML/cmm/m/it/10 f[]\OT1/cmr/m/
n/10 (\OML/cmm/m/it/10 x[]\OT1/cmr/m/n/10 ) = (\OML/cmm/m/it/10 x[]\OT1/cmr/m/n
/10 )[] = \OML/cmm/m/it/10 x[] \OT1/cmr/m/n/10 = \OML/cmm/m/it/10 x \OMS/cmsy/m
/n/10 ) \OML/cmm/m/it/10 f[] \OT1/cmr/m/n/10 = \OML/cmm/m/it/10 id \OMS/cmsy/m/
n/10 ) \OML/cmm/m/it/10 ord\OT1/cmr/m/n/10 (\OML/cmm/m/it/10 f[]\OT1/cmr/m/n/10
 ) = 2 = \OML/cmm/m/it/10 ord\OT1/cmr/m/n/10 (\OML/cmm/m/it/10 f[]\OT1/cmr/m/n/
10 ) = \OML/cmm/m/it/10 ord\OT1/cmr/m/n/10 (\OML/cmm/m/it/10 f[]\OT1/cmr/m/n/10
 )
 []

[69] [70]
Overfull \hbox (12.5811pt too wide) in paragraph at lines 3863--3864
[]\OT1/cmr/bx/sc/10 Demostraci^^Son: \OT1/cmr/m/n/10 (2) $(\OML/cmm/m/it/10 x[]
; x[]; [] ; x[]\OT1/cmr/m/n/10 ) \OMS/cmsy/m/n/10 2 [][] \OML/cmm/m/it/10 G[]$ 
\OT1/cmr/m/n/10 y sea $\OML/cmm/m/it/10 t[] \OT1/cmr/m/n/10 = \OML/cmm/m/it/10 
ord\OT1/cmr/m/n/10 (\OML/cmm/m/it/10 x[]\OT1/cmr/m/n/10 )$, $\OML/cmm/m/it/10 i
 [] \OT1/cmr/m/n/10 =  []1\OML/cmm/m/it/10 ; [] ; n$\OT1/cmr/m/n/10 . 
 []


Overfull \hbox (13.53534pt too wide) in paragraph at lines 3881--3882
[]\OT1/cmr/m/n/10 como $\OML/cmm/m/it/10 ord\OT1/cmr/m/n/10 (\OML/cmm/m/it/10 x
[]\OT1/cmr/m/n/10 ) = \OML/cmm/m/it/10 t[] \OMS/cmsy/m/n/10 ) \OML/cmm/m/it/10 
t[] \OMS/cmsy/m/n/10 j \OML/cmm/m/it/10 m \OMS/cmsy/m/n/10 8\OML/cmm/m/it/10 i 
\OT1/cmr/m/n/10 = 1\OML/cmm/m/it/10 ; [] ; n$ \OT1/cmr/m/n/10 y co-mo $\OML/cmm
/m/it/10 t \OT1/cmr/m/n/10 = \OML/cmm/m/it/10 mcm\OT1/cmr/m/n/10 (\OML/cmm/m/it
/10 t[]; [] ; t[]\OT1/cmr/m/n/10 ) \OMS/cmsy/m/n/10 )  []\OML/cmm/m/it/10 t \OM
S/cmsy/m/n/10 j  []\OML/cmm/m/it/10 m$ 
 []


Underfull \hbox (badness 10000) in paragraph at lines 3883--3884

 []


Underfull \hbox (badness 10000) in paragraph at lines 3893--3894

 []


Overfull \hbox (14.27031pt too wide) in paragraph at lines 3905--3909
[]\OT1/cmr/m/n/10 Si $(\OML/cmm/m/it/10 x[]; x[]\OT1/cmr/m/n/10 ) \OMS/cmsy/m/n
/10 2 \OML/cmm/m/it/10 L \OMS/cmsy/m/n/10 ) [] ) \OT1/cmr/m/n/10 (\OML/cmm/m/it
/10 x[]; x[]\OT1/cmr/m/n/10 ) \OMS/cmsy/m/n/10 2  []\OML/cmm/m/it/10 H[] \OMS/c
msy/m/n/10 ^^B  []\OML/cmm/m/it/10 H[]$ 
 []

[71]
Underfull \hbox (badness 10000) in paragraph at lines 3910--3911

 []


Underfull \hbox (badness 10000) in paragraph at lines 3921--3922

 []


Underfull \hbox (badness 10000) in paragraph at lines 3945--3946

 []


Overfull \hbox (57.77342pt too wide) in paragraph at lines 3952--3953
[]\OT1/cmr/m/n/10 Supongamos un gru-po $\OML/cmm/m/it/10 G$ \OT1/cmr/m/n/10 y $
\OML/cmm/m/it/10 H[]; H[]; [] ; H[] \OMS/cmsy/m/n/10 2 \OML/cmm/m/it/10 Sub\OT1
/cmr/m/n/10 (\OML/cmm/m/it/10 G\OT1/cmr/m/n/10 )$. Con-si-de-ra-mos $\OML/cmm/m
/it/10 H[] [] \OMS/cmsy/m/n/10 ^^B  []\OML/cmm/m/it/10 H[] [] \OMS/cmsy/m/n/10 
^^B  [] []  [] ^^B  []\OML/cmm/m/it/10 H[]$\OT1/cmr/m/n/10 .
 []


Underfull \hbox (badness 10000) in paragraph at lines 3958--3959

 []

[72]
Underfull \hbox (badness 10000) in paragraph at lines 3974--3975

 []


Underfull \hbox (badness 10000) in paragraph at lines 3981--3982

 []


Underfull \hbox (badness 10000) in paragraph at lines 3988--3989

 []


Underfull \hbox (badness 10000) in paragraph at lines 3990--3991

 []


Underfull \hbox (badness 10000) in paragraph at lines 3996--3997

 []


Underfull \hbox (badness 10000) in paragraph at lines 4010--4011

 []

[73]
Underfull \hbox (badness 10000) in paragraph at lines 4021--4022

 []


Underfull \hbox (badness 10000) in paragraph at lines 4023--4027

 []


Underfull \hbox (badness 10000) in paragraph at lines 4028--4032

 []


Overfull \hbox (25.04561pt too wide) in paragraph at lines 4033--4034
[]\OT1/cmr/m/n/10 Por tan-to $\OML/cmm/m/it/10 a \OMS/cmsy/m/n/10 2 \OML/cmm/m/
it/10 H[] \OMS/cmsy/m/n/10 \ \OML/cmm/m/it/10 H[]$\OT1/cmr/m/n/10 . Si $\OML/cm
m/m/it/10 i < j \OMS/cmsy/m/n/10 ) \OML/cmm/m/it/10 H[] \OMS/cmsy/m/n/10 ^^T \O
ML/cmm/m/it/10 H[]H[] [] H[]\OMS/cmsy/m/n/10 g ) \OML/cmm/m/it/10 a \OMS/cmsy/m
/n/10 2 \OML/cmm/m/it/10 H[]H[] [] H[] \OMS/cmsy/m/n/10 \  []\OML/cmm/m/it/10 H
[]$ 
 []


Underfull \hbox (badness 10000) in paragraph at lines 4033--4034

 []


Underfull \hbox (badness 10000) in paragraph at lines 4035--4039

 []


Overfull \hbox (63.16171pt too wide) in paragraph at lines 4062--4063
[]\OT1/cmr/m/n/10 que por (c) $\OMS/cmsy/m/n/10 ) \OML/cmm/m/it/10 h[] \OT1/cmr
/m/n/10 = 1$ y $\OML/cmm/m/it/10 h[]h[] [] h[] \OT1/cmr/m/n/10 = 1 \OMS/cmsy/m/
n/10 ) \OML/cmm/m/it/10 h[]h[] [] h[] \OT1/cmr/m/n/10 = \OML/cmm/m/it/10 h[] \O
MS/cmsy/m/n/10 2  []\OT1/cmr/m/n/10 (\OML/cmm/m/it/10 H[] [] H[]\OT1/cmr/m/n/10
 ) \OMS/cmsy/m/n/10 \  []\OML/cmm/m/it/10 H[]$\OT1/cmr/m/n/10 ,
 []


Underfull \hbox (badness 10000) in paragraph at lines 4069--4070

 []


Underfull \hbox (badness 10000) in paragraph at lines 4071--4072

 []

[74]
Underfull \hbox (badness 10000) in paragraph at lines 4078--4079

 []


Underfull \hbox (badness 10000) in paragraph at lines 4080--4081

 []


Underfull \hbox (badness 10000) in paragraph at lines 4084--4085

 []


Underfull \hbox (badness 10000) in paragraph at lines 4102--4103

 []


Underfull \hbox (badness 10000) in paragraph at lines 4111--4112

 []


Underfull \hbox (badness 10000) in paragraph at lines 4117--4118

 []

[75]

Package spanish Warning: Replacing `OT1/cmr/bx/sc' by 
(spanish)                faked small caps on input line 4126.


Package spanish Warning: Replacing `OT1/cmr/bx/sc' by 
(spanish)                faked small caps on input line 4127.


Package spanish Warning: Replacing `OT1/cmr/bx/sc' by 
(spanish)                faked small caps on input line 4128.


Underfull \hbox (badness 10000) in paragraph at lines 4131--4132

 []


Underfull \hbox (badness 10000) in paragraph at lines 4146--4147

 []


Underfull \hbox (badness 10000) in paragraph at lines 4153--4154

 []


Underfull \hbox (badness 10000) in paragraph at lines 4157--4158

 []


Underfull \hbox (badness 10000) in paragraph at lines 4173--4174

 []

[76]
Underfull \hbox (badness 10000) in paragraph at lines 4182--4183

 []


Underfull \hbox (badness 10000) in paragraph at lines 4184--4185

 []


Underfull \hbox (badness 10000) in paragraph at lines 4188--4189

 []


Underfull \hbox (badness 10000) in paragraph at lines 4192--4196

 []


Underfull \hbox (badness 10000) in paragraph at lines 4205--4206

 []


Underfull \hbox (badness 10000) in paragraph at lines 4225--4226

 []


Underfull \hbox (badness 10000) in paragraph at lines 4227--4228

 []


Underfull \hbox (badness 10000) in paragraph at lines 4229--4230

 []


Underfull \hbox (badness 10000) in paragraph at lines 4236--4237

 []

[77]
Underfull \hbox (badness 10000) in paragraph at lines 4255--4256

 []


Underfull \hbox (badness 10000) in paragraph at lines 4257--4258

 []


Underfull \hbox (badness 10000) in paragraph at lines 4266--4267

 []


Underfull \hbox (badness 10000) in paragraph at lines 4273--4274

 []


Underfull \hbox (badness 10000) in paragraph at lines 4284--4285

 []

[78]
Underfull \hbox (badness 10000) in paragraph at lines 4307--4308

 []


Underfull \hbox (badness 10000) in paragraph at lines 4309--4310

 []


Underfull \hbox (badness 10000) in paragraph at lines 4313--4314

 []

[79]
Underfull \hbox (badness 10000) in paragraph at lines 4347--4348

 []


Overfull \hbox (26.98708pt too wide) in paragraph at lines 4402--4403
 [] 
 []


Underfull \hbox (badness 10000) in paragraph at lines 4404--4405

 []

[80]
Underfull \hbox (badness 10000) in paragraph at lines 4427--4429

 []


Underfull \hbox (badness 10000) in paragraph at lines 4444--4445

 []


Underfull \hbox (badness 10000) in paragraph at lines 4451--4452

 []


Package spanish Warning: Replacing `OT1/cmr/bx/sc' by 
(spanish)                faked small caps on input line 4460.


Package spanish Warning: Replacing `OT1/cmr/bx/sc' by 
(spanish)                faked small caps on input line 4461.


Package spanish Warning: Replacing `OT1/cmr/bx/sc' by 
(spanish)                faked small caps on input line 4463.


Underfull \hbox (badness 10000) in paragraph at lines 4474--4475

 []


Underfull \hbox (badness 10000) in paragraph at lines 4476--4477

 []

[81]
Underfull \hbox (badness 10000) in paragraph at lines 4502--4503

 []


Underfull \hbox (badness 10000) in paragraph at lines 4504--4505

 []


Underfull \hbox (badness 10000) in paragraph at lines 4508--4509

 []

[82]
Underfull \hbox (badness 10000) in paragraph at lines 4560--4561

 []


Underfull \hbox (badness 10000) in paragraph at lines 4567--4568

 []

[83]
Underfull \hbox (badness 10000) in paragraph at lines 4616--4617

 []


Underfull \hbox (badness 10000) in paragraph at lines 4642--4643

 []


Underfull \hbox (badness 10000) in paragraph at lines 4644--4645

 []

[84]
Underfull \hbox (badness 10000) in paragraph at lines 4666--4667

 []

[85]
Underfull \hbox (badness 10000) in paragraph at lines 4726--4727

 []


Underfull \hbox (badness 10000) in paragraph at lines 4742--4743

 []


Overfull \hbox (4.59477pt too wide) detected at line 4764
\OML/cmm/m/it/10 ^^[\OT1/cmr/m/n/10 (\OML/cmm/m/it/10 x[]\OT1/cmr/m/n/10 ) = \O
ML/cmm/m/it/10 ^^L[][]^^L\OT1/cmr/m/n/10 (\OML/cmm/m/it/10 x[]\OT1/cmr/m/n/10
 ) = \OML/cmm/m/it/10 ^^L[][]^^L\OT1/cmr/m/n/10 (\OML/cmm/m/it/10 x[]\OT1/cmr/
m/n/10 ) = \OML/cmm/m/it/10 ^^L[][]\OT1/cmr/m/n/10 (\OML/cmm/m/it/10 x[]\OT1/c
mr/m/n/10 ) = \OML/cmm/m/it/10 ^^L[]\OT1/cmr/m/n/10 (\OML/cmm/m/it/10 x[]\OT1/c
mr/m/n/10 ) = \OML/cmm/m/it/10 x[]
 []

[86]
Underfull \hbox (badness 10000) in paragraph at lines 4766--4767

 []


Underfull \hbox (badness 10000) in paragraph at lines 4784--4785

 []


Underfull \hbox (badness 10000) in paragraph at lines 4800--4801

 []


Package spanish Warning: Replacing `OT1/cmr/bx/sc' by 
(spanish)                faked small caps on input line 4803.


Package spanish Warning: Replacing `OT1/cmr/bx/sc' by 
(spanish)                faked small caps on input line 4804.


Package spanish Warning: Replacing `OT1/cmr/bx/sc' by 
(spanish)                faked small caps on input line 4806.


Underfull \hbox (badness 10000) in paragraph at lines 4820--4821

 []

[87]
Underfull \hbox (badness 10000) in paragraph at lines 4846--4848

 []


Underfull \hbox (badness 10000) in paragraph at lines 4858--4859

 []


Underfull \hbox (badness 10000) in paragraph at lines 4867--4868

 []

[88]
Underfull \hbox (badness 10000) in paragraph at lines 4895--4896

 []

[89]
Underfull \hbox (badness 10000) in paragraph at lines 4941--4942

 []


Underfull \hbox (badness 10000) in paragraph at lines 4958--4959

 []


Underfull \hbox (badness 10000) in paragraph at lines 4960--4961

 []

[90]

Package spanish Warning: Replacing `OT1/cmr/bx/sc' by 
(spanish)                faked small caps on input line 4983.


Package spanish Warning: Replacing `OT1/cmr/bx/sc' by 
(spanish)                faked small caps on input line 4984.


Package spanish Warning: Replacing `OT1/cmr/bx/sc' by 
(spanish)                faked small caps on input line 4986.


Package spanish Warning: Replacing `OT1/cmr/bx/sc' by 
(spanish)                faked small caps on input line 4988.


Package spanish Warning: Replacing `OT1/cmr/bx/sc' by 
(spanish)                faked small caps on input line 4990.


Underfull \hbox (badness 10000) in paragraph at lines 4993--4994

 []


Package spanish Warning: Replacing `OT1/cmr/bx/sc' by 
(spanish)                faked small caps on input line 4996.


Package spanish Warning: Replacing `OT1/cmr/bx/sc' by 
(spanish)                faked small caps on input line 4997.


Package spanish Warning: Replacing `OT1/cmr/bx/sc' by 
(spanish)                faked small caps on input line 5002.


Package spanish Warning: Replacing `OT1/cmr/bx/sc' by 
(spanish)                faked small caps on input line 5004.


Package spanish Warning: Replacing `OT1/cmr/bx/sc' by 
(spanish)                faked small caps on input line 5024.

[91]
Underfull \hbox (badness 10000) in paragraph at lines 5032--5033

 []


Underfull \hbox (badness 10000) in paragraph at lines 5044--5045

 []


Underfull \hbox (badness 10000) in paragraph at lines 5061--5062

 []


Underfull \hbox (badness 10000) in paragraph at lines 5063--5064

 []


Underfull \hbox (badness 10000) in paragraph at lines 5072--5073

 []


Underfull \hbox (badness 10000) in paragraph at lines 5079--5080

 []

[92]
Underfull \hbox (badness 10000) in paragraph at lines 5093--5094

 []


Underfull \hbox (badness 10000) in paragraph at lines 5095--5096

 []


Underfull \hbox (badness 10000) in paragraph at lines 5112--5113

 []


Underfull \hbox (badness 10000) in paragraph at lines 5116--5117

 []


Underfull \hbox (badness 10000) in paragraph at lines 5128--5129

 []


Underfull \hbox (badness 10000) in paragraph at lines 5130--5131

 []

[93]
Underfull \hbox (badness 10000) in paragraph at lines 5146--5147

 []


Underfull \hbox (badness 10000) in paragraph at lines 5160--5161

 []


Underfull \hbox (badness 10000) in paragraph at lines 5191--5192

 []

[94]
Underfull \hbox (badness 10000) in paragraph at lines 5228--5229

 []

[95]
Underfull \hbox (badness 10000) in paragraph at lines 5293--5294

 []

[96]
<images/grafica_125.png, id=788, 826.08624pt x 761.84625pt>
File: images/grafica_125.png Graphic file (type png)
<use images/grafica_125.png>
Package pdftex.def Info: images/grafica_125.png  used on input line 5351.
(pdftex.def)             Requested size: 826.08421pt x 761.84439pt.

Overfull \hbox (19.9501pt too wide) in paragraph at lines 5358--5359
[]$\OML/cmm/m/it/10 G \OT1/cmr/m/n/10 = \OML/cmm/m/it/10 S[] X$ \OT1/cmr/m/n/10
 cual-quier con-jun-to, con $\OML/cmm/m/it/10 X \OMS/cmsy/m/n/10 6\OT1/cmr/m/n/
10 = \OMS/cmsy/m/n/10 ;$\OT1/cmr/m/n/10 . Con-si-de-re-mos $\OML/cmm/m/it/10 X[
] \OT1/cmr/m/n/10 = \OML/cmm/m/it/10 X \OMS/cmsy/m/n/10 ^^B  [] [] ^^B\OML/cmm/
m/it/10 X$\OT1/cmr/m/n/10 .
 []

[97] [98 <./images/grafica_125.png>]
Underfull \hbox (badness 10000) in paragraph at lines 5383--5384

 []


Underfull \hbox (badness 10000) in paragraph at lines 5406--5407

 []

[99]
Underfull \hbox (badness 10000) in paragraph at lines 5449--5450

 []

[100]
Underfull \hbox (badness 10000) in paragraph at lines 5508--5509

 []


Underfull \hbox (badness 10000) in paragraph at lines 5513--5515

 []


Underfull \hbox (badness 10000) in paragraph at lines 5533--5534

 []


Underfull \hbox (badness 10000) in paragraph at lines 5540--5541

 []

[101]
Underfull \hbox (badness 10000) in paragraph at lines 5555--5556

 []

[102]
Overfull \hbox (0.89494pt too wide) detected at line 5629
\OML/cmm/m/it/10 Stab[]\OT1/cmr/m/n/10 (\OML/cmm/m/it/10 h\OT1/cmr/m/n/10 ) = \
OMS/cmsy/m/n/10 f\OML/cmm/m/it/10 g \OMS/cmsy/m/n/10 2 \OML/cmm/m/it/10 G=g[] \
OT1/cmr/m/n/10 = \OML/cmm/m/it/10 h\OMS/cmsy/m/n/10 g \OT1/cmr/m/n/10 = \OMS/cm
sy/m/n/10 f\OML/cmm/m/it/10 g \OMS/cmsy/m/n/10 2 \OML/cmm/m/it/10 G=ghg[] \OT1/
cmr/m/n/10 = \OML/cmm/m/it/10 h\OMS/cmsy/m/n/10 g \OT1/cmr/m/n/10 = \OMS/cmsy/m
/n/10 f\OML/cmm/m/it/10 g \OMS/cmsy/m/n/10 2 \OML/cmm/m/it/10 G=gh \OT1/cmr/m/n
/10 = \OML/cmm/m/it/10 hg\OMS/cmsy/m/n/10 g ^^T \OML/cmm/m/it/10 G
 []

[103]
Underfull \hbox (badness 10000) in paragraph at lines 5665--5666

 []


Underfull \hbox (badness 10000) in paragraph at lines 5667--5668

 []


Overfull \hbox (8.91203pt too wide) detected at line 5697
[]
 []


Underfull \hbox (badness 10000) in paragraph at lines 5707--5708

 []

[104]
Underfull \hbox (badness 10000) in paragraph at lines 5730--5731

 []


Underfull \hbox (badness 10000) in paragraph at lines 5739--5740

 []


Overfull \hbox (5.97705pt too wide) in paragraph at lines 5755--5756
[]\OT1/cmr/m/n/10 Los ele-men-tos con $\OMS/cmsy/m/n/10 j\OML/cmm/m/it/10 O\OT1
/cmr/m/n/10 (\OML/cmm/m/it/10 x[]; [] ; x[]\OT1/cmr/m/n/10 )\OMS/cmsy/m/n/10 j 
\OT1/cmr/m/n/10 = 1$ son pre-ci-sa-men-te $(\OML/cmm/m/it/10 x[]; [] ; x[]\OT1/
cmr/m/n/10 ) \OMS/cmsy/m/n/10 2 \OML/cmm/m/it/10 Fix\OT1/cmr/m/n/10 (\OML/cmm/m
/it/10 X\OT1/cmr/m/n/10 )$ 
 []


Underfull \hbox (badness 10000) in paragraph at lines 5760--5761

 []

[105]
Overfull \hbox (11.3254pt too wide) in paragraph at lines 5781--5782
[]\OT1/cmr/m/n/10 Entonces co-mo $(\OML/cmm/m/it/10 x; x; [] ; x\OT1/cmr/m/n/10
 ) \OMS/cmsy/m/n/10 2 \OML/cmm/m/it/10 X$\OT1/cmr/m/n/10 , por de-fi-ni-ci^^Son
 de $\OML/cmm/m/it/10 X$\OT1/cmr/m/n/10 , $\OML/cmm/m/it/10 x [] x \OT1/cmr/m/n
/10 = \OML/cmm/m/it/10 x[] \OT1/cmr/m/n/10 =  []1 \OML/cmm/m/it/10 x \OMS/cmsy/
m/n/10 6\OT1/cmr/m/n/10 =  []1$.
 []


Underfull \hbox (badness 10000) in paragraph at lines 5783--5784

 []


Underfull \hbox (badness 10000) in paragraph at lines 5801--5802

 []


Underfull \hbox (badness 10000) in paragraph at lines 5803--5804

 []


Underfull \hbox (badness 10000) in paragraph at lines 5805--5806

 []


Underfull \hbox (badness 10000) in paragraph at lines 5812--5813

 []

[106]
Underfull \hbox (badness 10000) in paragraph at lines 5829--5830

 []


Underfull \hbox (badness 10000) in paragraph at lines 5831--5832

 []


Underfull \hbox (badness 10000) in paragraph at lines 5833--5834

 []


Underfull \hbox (badness 10000) in paragraph at lines 5847--5848

 []


Underfull \hbox (badness 10000) in paragraph at lines 5849--5850

 []


Underfull \hbox (badness 10000) in paragraph at lines 5855--5856

 []


Underfull \hbox (badness 10000) in paragraph at lines 5877--5878

 []

[107]
Underfull \hbox (badness 10000) in paragraph at lines 5879--5880

 []


Underfull \hbox (badness 10000) in paragraph at lines 5881--5882

 []


Underfull \hbox (badness 10000) in paragraph at lines 5885--5886

 []

[108]
Underfull \hbox (badness 10000) in paragraph at lines 5936--5937

 []


Underfull \hbox (badness 10000) in paragraph at lines 5938--5939

 []


Underfull \hbox (badness 10000) in paragraph at lines 5974--5975

 []

[109]
Underfull \hbox (badness 10000) in paragraph at lines 5978--5979

 []


Overfull \hbox (6.38516pt too wide) detected at line 6006
[]
 []


Underfull \hbox (badness 10000) in paragraph at lines 6010--6011

 []

[110]
Overfull \hbox (18.66985pt too wide) detected at line 6051
\OML/cmm/m/it/10 P[] \OMS/cmsy/m/n/10 ^^T \OML/cmm/m/it/10 N[]\OT1/cmr/m/n/10 (
\OML/cmm/m/it/10 P[]\OT1/cmr/m/n/10 ) \OMS/cmsy/m/n/10 ^^T \OML/cmm/m/it/10 G \
OMS/cmsy/m/n/10 ) [] \OT1/cmr/m/n/10 = \OML/cmm/m/it/10 m \OT1/cmr/m/n/10 = [] 
[] = \OMS/cmsy/m/n/10 j\OML/cmm/m/it/10 T\OMS/cmsy/m/n/10 j []
 []

[111]
Underfull \hbox (badness 10000) in paragraph at lines 6135--6136

 []

[112]
Overfull \hbox (60.21469pt too wide) detected at line 6165
[] \OMS/cmsy/m/n/10 ) \OML/cmm/m/it/10 ord\OT1/cmr/m/n/10 (\OML/cmm/m/it/10 x\O
T1/cmr/m/n/10 ) = 1 \OMS/cmsy/m/n/10 ) \OML/cmm/m/it/10 x \OT1/cmr/m/n/10 = 1
 []


Underfull \hbox (badness 10000) in paragraph at lines 6180--6181

 []


LaTeX Warning: Command \textordmasculine invalid in math mode on input line 620
6.


LaTeX Warning: Command \textordmasculine invalid in math mode on input line 620
6.

Missing character: There is no º in font cmr10!

Underfull \hbox (badness 10000) in paragraph at lines 6216--6217

 []

[113]
Overfull \hbox (0.30298pt too wide) in paragraph at lines 6273--6275
[]\OT1/cmr/bx/sc/10 Ejercicio 21 (Re-la-ci^^Son 5): \OT1/cmr/m/n/10 De-mos-trar
 que $\OML/cmm/m/it/10 D[]$ \OT1/cmr/m/n/10 es iso-mor-fo a los 2-subgrupos
 []

[114]
Underfull \hbox (badness 10000) in paragraph at lines 6296--6297

 []


Underfull \hbox (badness 10000) in paragraph at lines 6298--6299

 []

[115]
Underfull \hbox (badness 10000) in paragraph at lines 6360--6361

 []


Overfull \hbox (18.43579pt too wide) in paragraph at lines 6362--6366
[]\OT1/cmr/m/n/10 2) $[] \OMS/cmsy/m/n/10 ) \OML/cmm/m/it/10 G resoluble$ 
 []


Underfull \hbox (badness 10000) in paragraph at lines 6362--6366

 []

[116]
Underfull \hbox (badness 10000) in paragraph at lines 6412--6413

 []


Underfull \hbox (badness 10000) in paragraph at lines 6442--6443

 []

[117]
Underfull \hbox (badness 10000) in paragraph at lines 6477--6478

 []


Underfull \hbox (badness 10000) in paragraph at lines 6479--6480

 []


Underfull \hbox (badness 10000) in paragraph at lines 6492--6493

 []

[118]
Underfull \hbox (badness 10000) in paragraph at lines 6542--6543

 []


Underfull \hbox (badness 10000) in paragraph at lines 6578--6579

 []

[119] [120]
Underfull \hbox (badness 10000) in paragraph at lines 6663--6664

 []


Underfull \hbox (badness 10000) in paragraph at lines 6665--6666

 []

[121]
Underfull \hbox (badness 10000) in paragraph at lines 6745--6746

 []

[122]
Overfull \hbox (28.93344pt too wide) detected at line 6781
[] \OMS/cmsy/m/n/10 ) j\OML/cmm/m/it/10 H \OMS/cmsy/m/n/10 \ \OML/cmm/m/it/10 Z
\OT1/cmr/m/n/10 (\OML/cmm/m/it/10 G\OT1/cmr/m/n/10 )\OMS/cmsy/m/n/10 j \OT1/cmr
/m/n/10 = \OML/cmm/m/it/10 p \OT1/cmr/m/n/10 = \OMS/cmsy/m/n/10 j\OML/cmm/m/it/
10 H\OMS/cmsy/m/n/10 j ) \OML/cmm/m/it/10 H \OMS/cmsy/m/n/10 \ \OML/cmm/m/it/10
 Z\OT1/cmr/m/n/10 (\OML/cmm/m/it/10 G\OT1/cmr/m/n/10 ) = \OML/cmm/m/it/10 H
 []


Underfull \hbox (badness 10000) in paragraph at lines 6783--6784

 []


Underfull \hbox (badness 10000) in paragraph at lines 6800--6801

 []


Overfull \hbox (14.91933pt too wide) in paragraph at lines 6807--6808
[]\OT1/cmr/m/n/10 Por el Teo-re-ma de Burn-si-de $\OMS/cmsy/m/n/10 j\OML/cmm/m/
it/10 Z\OT1/cmr/m/n/10 (\OML/cmm/m/it/10 G\OT1/cmr/m/n/10 )\OMS/cmsy/m/n/10 j ^
^U \OML/cmm/m/it/10 p$\OT1/cmr/m/n/10 , y en-ton-ces $\OMS/cmsy/m/n/10 j\OML/cm
m/m/it/10 Z\OT1/cmr/m/n/10 (\OML/cmm/m/it/10 G\OT1/cmr/m/n/10 )\OMS/cmsy/m/n/10
 j \OT1/cmr/m/n/10 = \OML/cmm/m/it/10 p[] \OT1/cmr/m/n/10 1 \OMS/cmsy/m/n/10 ^^
T  []\OML/cmm/m/it/10 s \OMS/cmsy/m/n/10 ^^T  []\OML/cmm/m/it/10 n \OT1/cmr/m/n
/10 +  []1$. 
 []

[123]
Underfull \hbox (badness 10000) in paragraph at lines 6831--6832

 []

[124]
Underfull \hbox (badness 10000) in paragraph at lines 6891--6892

 []

[125]

LaTeX Warning: Command \textasciiacute invalid in math mode on input line 6936.



LaTeX Warning: Command \textasciiacute invalid in math mode on input line 6936.


Missing character: There is no ´ in font cmr5!
[126]
Underfull \hbox (badness 10000) in paragraph at lines 7042--7043

 []


Underfull \hbox (badness 10000) in paragraph at lines 7054--7055

 []

[127] [128]
Underfull \hbox (badness 10000) in paragraph at lines 7149--7150

 []


Underfull \hbox (badness 10000) in paragraph at lines 7156--7157

 []

[129]
Underfull \hbox (badness 10000) in paragraph at lines 7170--7171

 []


Underfull \hbox (badness 10000) in paragraph at lines 7191--7192

 []


Underfull \hbox (badness 10000) in paragraph at lines 7222--7223

 []

[130]
Underfull \hbox (badness 10000) in paragraph at lines 7230--7231

 []

[131]
Underfull \hbox (badness 10000) in paragraph at lines 7328--7329

 []

[132] [133]
Underfull \hbox (badness 10000) in paragraph at lines 7445--7446

 []

[134]
Overfull \hbox (16.07118pt too wide) in paragraph at lines 7484--7485
[]\OT1/cmr/bx/sc/10 Ejercicio 7 (Re-la-ci^^Son 6): $\OML/cmm/m/it/10 A$ \OT1/cm
r/m/n/10 gru-po abe-liano $\OML/cmm/m/it/10 p\OMS/cmsy/m/n/10 j\OML/cmm/m/it/10
 A\OMS/cmsy/m/n/10 j$ \OT1/cmr/m/n/10 y $\OMS/cmsy/m/n/10 j\OML/cmm/m/it/10 A\O
MS/cmsy/m/n/10 j \OT1/cmr/m/n/10 = \OML/cmm/m/it/10 p[]m mcd\OT1/cmr/m/n/10 (\O
ML/cmm/m/it/10 m; p\OT1/cmr/m/n/10 ) =  []1$,
 []


Overfull \hbox (2.07576pt too wide) detected at line 7506
\OML/cmm/m/it/10 P[] \OT1/cmr/m/n/10 = \OMS/cmsy/m/n/10 f\OT1/cmr/m/n/10 (\OML/
cmm/m/it/10 a; b; c\OT1/cmr/m/n/10 ) \OMS/cmsy/m/n/10 2 \OML/cmm/m/it/10 C[] \O
MS/cmsy/m/n/10 ^^B \OML/cmm/m/it/10 C[] \OMS/cmsy/m/n/10 ^^B \OML/cmm/m/it/10 C
[]=ord\OT1/cmr/m/n/10 (\OML/cmm/m/it/10 a; b; c\OT1/cmr/m/n/10 ) = 2[] 0 \OMS/c
msy/m/n/10 ^^T \OML/cmm/m/it/10 i \OMS/cmsy/m/n/10 ^^T \OT1/cmr/m/n/10 2\OMS/cm
sy/m/n/10 g \OT1/cmr/m/n/10 = \OMS/cmsy/m/n/10 f\OT1/cmr/m/n/10 (\OML/cmm/m/it/
10 a; \OT1/cmr/m/n/10 1\OML/cmm/m/it/10 ; \OT1/cmr/m/n/10 1)\OML/cmm/m/it/10 =a
 \OMS/cmsy/m/n/10 2 \OML/cmm/m/it/10 C[]\OMS/cmsy/m/n/10 g
 []

[135]
Underfull \hbox (badness 10000) in paragraph at lines 7529--7530

 []


Underfull \hbox (badness 10000) in paragraph at lines 7547--7548

 []


Underfull \hbox (badness 10000) in paragraph at lines 7553--7554

 []

[136]
Underfull \hbox (badness 10000) in paragraph at lines 7575--7576

 []


Underfull \hbox (badness 10000) in paragraph at lines 7589--7590

 []


Underfull \hbox (badness 10000) in paragraph at lines 7610--7611

 []

[137]
Underfull \hbox (badness 10000) in paragraph at lines 7642--7643

 []


Underfull \hbox (badness 10000) in paragraph at lines 7661--7662

 []

[138]
Underfull \hbox (badness 10000) in paragraph at lines 7735--7736

 []

[139]
Underfull \hbox (badness 10000) in paragraph at lines 7786--7787

 []

[140] [141]
Underfull \hbox (badness 10000) in paragraph at lines 7862--7863

 []


Overfull \hbox (53.12402pt too wide) detected at line 7873
[]
 []


Underfull \hbox (badness 10000) in paragraph at lines 7880--7881

 []


Overfull \hbox (54.57149pt too wide) detected at line 7891
[]
 []


Underfull \hbox (badness 10000) in paragraph at lines 7894--7895

 []

[142] [143]
Underfull \hbox (badness 10000) in paragraph at lines 7996--7997

 []

[144] [145]
Overfull \hbox (26.81157pt too wide) detected at line 8141
[]
 []

[146]
Package atveryend Info: Empty hook `BeforeClearDocument' on input line 8159.
Package atveryend Info: Empty hook `AfterLastShipout' on input line 8159.
 (./apuntes_algebra_ii.aux
LaTeX Info: Redefining \. on input line 24.
LaTeX Info: Redefining \% on input line 24.
)
Package atveryend Info: Executing hook `AtVeryEndDocument' on input line 8159.
Package atveryend Info: Executing hook `AtEndAfterFileList' on input line 8159.

Package rerunfilecheck Info: File `apuntes_algebra_ii.out' has not changed.
(rerunfilecheck)             Checksum: 6D5A96D84850E255FB7E14DDE5B2DA6F;1654.


LaTeX Font Warning: Some font shapes were not available, defaults substituted.

Package atveryend Info: Empty hook `AtVeryVeryEnd' on input line 8159.
 ) 
Here is how much of TeX's memory you used:
 18255 strings out of 481239
 332882 string characters out of 5920377
 582113 words of memory out of 5000000
 32686 multiletter control sequences out of 15000+600000
 541487 words of font info for 59 fonts, out of 8000000 for 9000
 1141 hyphenation exceptions out of 8191
 60i,24n,68p,476b,657s stack positions out of 5000i,500n,10000p,200000b,80000s
{/usr/share/texmf/fonts/enc/dvips/cm-super/cm-super-ts1.enc}</usr/share/texli
ve/texmf-dist/fonts/type1/public/amsfonts/cm/cmbx10.pfb></usr/share/texlive/tex
mf-dist/fonts/type1/public/amsfonts/cm/cmbx12.pfb></usr/share/texlive/texmf-dis
t/fonts/type1/public/amsfonts/cm/cmbx7.pfb></usr/share/texlive/texmf-dist/fonts
/type1/public/amsfonts/cm/cmcsc10.pfb></usr/share/texlive/texmf-dist/fonts/type
1/public/amsfonts/cm/cmex10.pfb></usr/share/texlive/texmf-dist/fonts/type1/publ
ic/amsfonts/cmextra/cmex7.pfb></usr/share/texlive/texmf-dist/fonts/type1/public
/amsfonts/cm/cmmi10.pfb></usr/share/texlive/texmf-dist/fonts/type1/public/amsfo
nts/cm/cmmi5.pfb></usr/share/texlive/texmf-dist/fonts/type1/public/amsfonts/cm/
cmmi7.pfb></usr/share/texlive/texmf-dist/fonts/type1/public/amsfonts/cm/cmr10.p
fb></usr/share/texlive/texmf-dist/fonts/type1/public/amsfonts/cm/cmr12.pfb></us
r/share/texlive/texmf-dist/fonts/type1/public/amsfonts/cm/cmr17.pfb></usr/share
/texlive/texmf-dist/fonts/type1/public/amsfonts/cm/cmr5.pfb></usr/share/texlive
/texmf-dist/fonts/type1/public/amsfonts/cm/cmr7.pfb></usr/share/texlive/texmf-d
ist/fonts/type1/public/amsfonts/cm/cmsy10.pfb></usr/share/texlive/texmf-dist/fo
nts/type1/public/amsfonts/cm/cmsy5.pfb></usr/share/texlive/texmf-dist/fonts/typ
e1/public/amsfonts/cm/cmsy7.pfb></usr/share/texlive/texmf-dist/fonts/type1/publ
ic/amsfonts/latxfont/line10.pfb></usr/share/texlive/texmf-dist/fonts/type1/publ
ic/amsfonts/symbols/msam10.pfb></usr/share/texlive/texmf-dist/fonts/type1/publi
c/amsfonts/symbols/msam7.pfb></usr/share/texlive/texmf-dist/fonts/type1/public/
amsfonts/symbols/msbm10.pfb></usr/share/texmf/fonts/type1/public/cm-super/sfbx1
000.pfb></usr/share/texmf/fonts/type1/public/cm-super/sfrm1000.pfb>
Output written on apuntes_algebra_ii.pdf (146 pages, 754199 bytes).
PDF statistics:
 1260 PDF objects out of 1440 (max. 8388607)
 1068 compressed objects within 11 object streams
 477 named destinations out of 1000 (max. 500000)
 206 words of extra memory for PDF output out of 10000 (max. 10000000)

