\BOOKMARK [1][-]{section.1}{Tema 2. Grupos: Definici\363n y ejemplos}{}% 1
\BOOKMARK [2][-]{subsection.1.1}{Definciones}{section.1}% 2
\BOOKMARK [2][-]{subsection.1.2}{Ejemplos}{section.1}% 3
\BOOKMARK [2][-]{subsection.1.3}{Grupos Sim\351tricos}{section.1}% 4
\BOOKMARK [2][-]{subsection.1.4}{Los grupos Di\351dricos}{section.1}% 5
\BOOKMARK [2][-]{subsection.1.5}{Grupo de los cuaternios}{section.1}% 6
\BOOKMARK [2][-]{subsection.1.6}{El grupo de Klein}{section.1}% 7
\BOOKMARK [1][-]{section.2}{Tema 3. Subgrupos. Generadores. Ret\355culos}{}% 8
\BOOKMARK [2][-]{subsection.2.1}{Grupos Alternados:}{section.2}% 9
\BOOKMARK [1][-]{section.3}{Tema 4. Grupos Cocientes. Teoremas de Isomorf\355as.}{}% 10
\BOOKMARK [2][-]{subsection.3.1}{Grupo Cociente}{section.3}% 11
\BOOKMARK [2][-]{subsection.3.2}{Producto Directo de Grupos:}{section.3}% 12
\BOOKMARK [1][-]{section.4}{Tema 5. Grupos Resolubles \(Solubles\)}{}% 13
\BOOKMARK [2][-]{subsection.4.1}{Teorema de Jordan-Holder. Teorema de Refinamiento de Shreier.}{section.4}% 14
\BOOKMARK [2][-]{subsection.4.2}{Grupos Resolubles}{section.4}% 15
\BOOKMARK [1][-]{section.5}{Tema 6: G-conjuntos y p-grupos.}{}% 16
\BOOKMARK [2][-]{subsection.5.1}{p-grupos \(p n\372mero primo\)}{section.5}% 17
\BOOKMARK [1][-]{section.6}{Tema 7: Clasificaci\363n de grupos abelianos finitos.}{}% 18
\BOOKMARK [1][-]{section.7}{Tema 8: Presentaciones de grupos. Clasificaci\363n de los grupos de orden menor o igual que 15}{}% 19
\BOOKMARK [2][-]{subsection.7.1}{Clasificaci\363n de los grupos de orden menor o igual que 15.}{section.7}% 20
\BOOKMARK [3][-]{subsubsection.7.1.1}{Grupos de orden 12:}{subsection.7.1}% 21
