This is pdfTeX, Version 3.14159265-2.6-1.40.20 (TeX Live 2019/Debian) (preloaded format=pdflatex 2020.9.26)  21 JAN 2021 20:35
entering extended mode
 restricted \write18 enabled.
 %&-line parsing enabled.
**fr_tema1.tex
(./fr_tema1.tex
LaTeX2e <2020-02-02> patch level 2
L3 programming layer <2020-02-14>
(/usr/share/texlive/texmf-dist/tex/latex/base/article.cls
Document Class: article 2019/12/20 v1.4l Standard LaTeX document class
(/usr/share/texlive/texmf-dist/tex/latex/base/size11.clo
File: size11.clo 2019/12/20 v1.4l Standard LaTeX file (size option)
)
\c@part=\count167
\c@section=\count168
\c@subsection=\count169
\c@subsubsection=\count170
\c@paragraph=\count171
\c@subparagraph=\count172
\c@figure=\count173
\c@table=\count174
\abovecaptionskip=\skip47
\belowcaptionskip=\skip48
\bibindent=\dimen134
)
(/usr/share/texlive/texmf-dist/tex/generic/babel/babel.sty
Package: babel 2020/02/14 3.40 The Babel package

(/usr/share/texlive/texmf-dist/tex/generic/babel/switch.def
File: switch.def 2020/02/14 3.40 Babel switching mechanism
)
(/usr/share/texlive/texmf-dist/tex/generic/babel-spanish/spanish.ldf
Language: spanish.ldf 2016/03/03 v5.0p Spanish support from the babel system

(/usr/share/texlive/texmf-dist/tex/generic/babel/babel.def
File: babel.def 2020/02/14 3.40 Babel common definitions
\babel@savecnt=\count175
\U@D=\dimen135

(/usr/share/texlive/texmf-dist/tex/generic/babel/txtbabel.def)
\bbl@readstream=\read2
\bbl@dirlevel=\count176
)
\es@quottoks=\toks14
\es@quotdepth=\count177
Package babel Info: Making " an active character on input line 561.
Package babel Info: Making . an active character on input line 662.
Package babel Info: Making < an active character on input line 707.
Package babel Info: Making > an active character on input line 707.
))
(/usr/share/texlive/texmf-dist/tex/latex/base/inputenc.sty
Package: inputenc 2018/08/11 v1.3c Input encoding file
\inpenc@prehook=\toks15
\inpenc@posthook=\toks16
)
(/usr/share/texlive/texmf-dist/tex/latex/hyperref/hyperref.sty
Package: hyperref 2020/01/14 v7.00d Hypertext links for LaTeX

(/usr/share/texlive/texmf-dist/tex/generic/ltxcmds/ltxcmds.sty
Package: ltxcmds 2019/12/15 v1.24 LaTeX kernel commands for general use (HO)
)
(/usr/share/texlive/texmf-dist/tex/generic/iftex/iftex.sty
Package: iftex 2019/11/07 v1.0c TeX engine tests
)
(/usr/share/texlive/texmf-dist/tex/latex/pdftexcmds/pdftexcmds.sty
Package: pdftexcmds 2019/11/24 v0.31 Utility functions of pdfTeX for LuaTeX (HO
)

(/usr/share/texlive/texmf-dist/tex/generic/infwarerr/infwarerr.sty
Package: infwarerr 2019/12/03 v1.5 Providing info/warning/error messages (HO)
)
Package pdftexcmds Info: \pdf@primitive is available.
Package pdftexcmds Info: \pdf@ifprimitive is available.
Package pdftexcmds Info: \pdfdraftmode found.
)
(/usr/share/texlive/texmf-dist/tex/latex/graphics/keyval.sty
Package: keyval 2014/10/28 v1.15 key=value parser (DPC)
\KV@toks@=\toks17
)
(/usr/share/texlive/texmf-dist/tex/generic/kvsetkeys/kvsetkeys.sty
Package: kvsetkeys 2019/12/15 v1.18 Key value parser (HO)
)
(/usr/share/texlive/texmf-dist/tex/generic/kvdefinekeys/kvdefinekeys.sty
Package: kvdefinekeys 2019-12-19 v1.6 Define keys (HO)
)
(/usr/share/texlive/texmf-dist/tex/generic/pdfescape/pdfescape.sty
Package: pdfescape 2019/12/09 v1.15 Implements pdfTeX's escape features (HO)
)
(/usr/share/texlive/texmf-dist/tex/latex/hycolor/hycolor.sty
Package: hycolor 2020-01-27 v1.10 Color options for hyperref/bookmark (HO)
)
(/usr/share/texlive/texmf-dist/tex/latex/letltxmacro/letltxmacro.sty
Package: letltxmacro 2019/12/03 v1.6 Let assignment for LaTeX macros (HO)
)
(/usr/share/texlive/texmf-dist/tex/latex/auxhook/auxhook.sty
Package: auxhook 2019-12-17 v1.6 Hooks for auxiliary files (HO)
)
(/usr/share/texlive/texmf-dist/tex/latex/kvoptions/kvoptions.sty
Package: kvoptions 2019/11/29 v3.13 Key value format for package options (HO)
)
\@linkdim=\dimen136
\Hy@linkcounter=\count178
\Hy@pagecounter=\count179

(/usr/share/texlive/texmf-dist/tex/latex/hyperref/pd1enc.def
File: pd1enc.def 2020/01/14 v7.00d Hyperref: PDFDocEncoding definition (HO)
Now handling font encoding PD1 ...
... no UTF-8 mapping file for font encoding PD1
)
(/usr/share/texlive/texmf-dist/tex/generic/intcalc/intcalc.sty
Package: intcalc 2019/12/15 v1.3 Expandable calculations with integers (HO)
)
(/usr/share/texlive/texmf-dist/tex/generic/etexcmds/etexcmds.sty
Package: etexcmds 2019/12/15 v1.7 Avoid name clashes with e-TeX commands (HO)
)
\Hy@SavedSpaceFactor=\count180
\pdfmajorversion=\count181
Package hyperref Info: Hyper figures OFF on input line 4547.
Package hyperref Info: Link nesting OFF on input line 4552.
Package hyperref Info: Hyper index ON on input line 4555.
Package hyperref Info: Plain pages OFF on input line 4562.
Package hyperref Info: Backreferencing OFF on input line 4567.
Package hyperref Info: Implicit mode ON; LaTeX internals redefined.
Package hyperref Info: Bookmarks ON on input line 4800.
\c@Hy@tempcnt=\count182

(/usr/share/texlive/texmf-dist/tex/latex/url/url.sty
\Urlmuskip=\muskip16
Package: url 2013/09/16  ver 3.4  Verb mode for urls, etc.
)
LaTeX Info: Redefining \url on input line 5159.
\XeTeXLinkMargin=\dimen137

(/usr/share/texlive/texmf-dist/tex/generic/bitset/bitset.sty
Package: bitset 2019/12/09 v1.3 Handle bit-vector datatype (HO)

(/usr/share/texlive/texmf-dist/tex/generic/bigintcalc/bigintcalc.sty
Package: bigintcalc 2019/12/15 v1.5 Expandable calculations on big integers (HO
)
))
\Fld@menulength=\count183
\Field@Width=\dimen138
\Fld@charsize=\dimen139
Package hyperref Info: Hyper figures OFF on input line 6430.
Package hyperref Info: Link nesting OFF on input line 6435.
Package hyperref Info: Hyper index ON on input line 6438.
Package hyperref Info: backreferencing OFF on input line 6445.
Package hyperref Info: Link coloring OFF on input line 6450.
Package hyperref Info: Link coloring with OCG OFF on input line 6455.
Package hyperref Info: PDF/A mode OFF on input line 6460.
LaTeX Info: Redefining \ref on input line 6500.
LaTeX Info: Redefining \pageref on input line 6504.

(/usr/share/texlive/texmf-dist/tex/generic/atbegshi/atbegshi.sty
Package: atbegshi 2019/12/05 v1.19 At begin shipout hook (HO)
)
\Hy@abspage=\count184
\c@Item=\count185
\c@Hfootnote=\count186
)
Package hyperref Info: Driver (autodetected): hpdftex.

(/usr/share/texlive/texmf-dist/tex/latex/hyperref/hpdftex.def
File: hpdftex.def 2020/01/14 v7.00d Hyperref driver for pdfTeX

(/usr/share/texlive/texmf-dist/tex/latex/atveryend/atveryend.sty
Package: atveryend 2019-12-11 v1.11 Hooks at the very end of document (HO)
Package atveryend Info: \enddocument detected (standard20110627).
)
\Fld@listcount=\count187
\c@bookmark@seq@number=\count188

(/usr/share/texlive/texmf-dist/tex/latex/rerunfilecheck/rerunfilecheck.sty
Package: rerunfilecheck 2019/12/05 v1.9 Rerun checks for auxiliary files (HO)

(/usr/share/texlive/texmf-dist/tex/generic/uniquecounter/uniquecounter.sty
Package: uniquecounter 2019/12/15 v1.4 Provide unlimited unique counter (HO)
)
Package uniquecounter Info: New unique counter `rerunfilecheck' on input line 2
86.
)
\Hy@SectionHShift=\skip49
)
(/usr/share/texlive/texmf-dist/tex/latex/graphics/graphicx.sty
Package: graphicx 2019/11/30 v1.2a Enhanced LaTeX Graphics (DPC,SPQR)

(/usr/share/texlive/texmf-dist/tex/latex/graphics/graphics.sty
Package: graphics 2019/11/30 v1.4a Standard LaTeX Graphics (DPC,SPQR)

(/usr/share/texlive/texmf-dist/tex/latex/graphics/trig.sty
Package: trig 2016/01/03 v1.10 sin cos tan (DPC)
)
(/usr/share/texlive/texmf-dist/tex/latex/graphics-cfg/graphics.cfg
File: graphics.cfg 2016/06/04 v1.11 sample graphics configuration
)
Package graphics Info: Driver file: pdftex.def on input line 105.

(/usr/share/texlive/texmf-dist/tex/latex/graphics-def/pdftex.def
File: pdftex.def 2018/01/08 v1.0l Graphics/color driver for pdftex
))
\Gin@req@height=\dimen140
\Gin@req@width=\dimen141
)
(/usr/share/texlive/texmf-dist/tex/latex/l3backend/l3backend-pdfmode.def
File: l3backend-pdfmode.def 2020-02-03 L3 backend support: PDF mode
\l__kernel_color_stack_int=\count189
\l__pdf_internal_box=\box45
)
(./fr_tema1.aux
LaTeX Info: Redefining \. on input line 24.
LaTeX Info: Redefining \% on input line 24.
)
\openout1 = `fr_tema1.aux'.

LaTeX Font Info:    Checking defaults for OML/cmm/m/it on input line 12.
LaTeX Font Info:    ... okay on input line 12.
LaTeX Font Info:    Checking defaults for OMS/cmsy/m/n on input line 12.
LaTeX Font Info:    ... okay on input line 12.
LaTeX Font Info:    Checking defaults for OT1/cmr/m/n on input line 12.
LaTeX Font Info:    ... okay on input line 12.
LaTeX Font Info:    Checking defaults for T1/cmr/m/n on input line 12.
LaTeX Font Info:    ... okay on input line 12.
LaTeX Font Info:    Checking defaults for TS1/cmr/m/n on input line 12.
LaTeX Font Info:    ... okay on input line 12.
LaTeX Font Info:    Checking defaults for OMX/cmex/m/n on input line 12.
LaTeX Font Info:    ... okay on input line 12.
LaTeX Font Info:    Checking defaults for U/cmr/m/n on input line 12.
LaTeX Font Info:    ... okay on input line 12.
LaTeX Font Info:    Checking defaults for PD1/pdf/m/n on input line 12.
LaTeX Font Info:    ... okay on input line 12.
LaTeX Info: Redefining \. on input line 12.
LaTeX Info: Redefining \% on input line 12.
\AtBeginShipoutBox=\box46
Package hyperref Info: Link coloring OFF on input line 12.
 (/usr/share/texlive/texmf-dist/tex/latex/hyperref/nameref.sty
Package: nameref 2019/09/16 v2.46 Cross-referencing by name of section

(/usr/share/texlive/texmf-dist/tex/latex/refcount/refcount.sty
Package: refcount 2019/12/15 v3.6 Data extraction from label references (HO)
)
(/usr/share/texlive/texmf-dist/tex/generic/gettitlestring/gettitlestring.sty
Package: gettitlestring 2019/12/15 v1.6 Cleanup title references (HO)
)
\c@section@level=\count190
)
LaTeX Info: Redefining \ref on input line 12.
LaTeX Info: Redefining \pageref on input line 12.
LaTeX Info: Redefining \nameref on input line 12.

(./fr_tema1.out) (./fr_tema1.out)
\@outlinefile=\write3
\openout3 = `fr_tema1.out'.


(/usr/share/texlive/texmf-dist/tex/context/base/mkii/supp-pdf.mkii
[Loading MPS to PDF converter (version 2006.09.02).]
\scratchcounter=\count191
\scratchdimen=\dimen142
\scratchbox=\box47
\nofMPsegments=\count192
\nofMParguments=\count193
\everyMPshowfont=\toks18
\MPscratchCnt=\count194
\MPscratchDim=\dimen143
\MPnumerator=\count195
\makeMPintoPDFobject=\count196
\everyMPtoPDFconversion=\toks19
) (/usr/share/texlive/texmf-dist/tex/latex/epstopdf-pkg/epstopdf-base.sty
Package: epstopdf-base 2020-01-24 v2.11 Base part for package epstopdf
Package epstopdf-base Info: Redefining graphics rule for `.eps' on input line 4
85.

(/usr/share/texlive/texmf-dist/tex/latex/latexconfig/epstopdf-sys.cfg
File: epstopdf-sys.cfg 2010/07/13 v1.3 Configuration of (r)epstopdf for TeX Liv
e
))
<images/redes.jpg, id=24, 246.6816pt x 103.8279pt>
File: images/redes.jpg Graphic file (type jpg)
<use images/redes.jpg>
Package pdftex.def Info: images/redes.jpg  used on input line 24.
(pdftex.def)             Requested size: 426.79134pt x 179.65305pt.

Overfull \hbox (66.79134pt too wide) in paragraph at lines 24--25
 [][] 
 []

[1

{/var/lib/texmf/fonts/map/pdftex/updmap/pdftex.map} <./images/redes.jpg>]
(./fr_tema1.toc
LaTeX Info: Redefining \. on input line 1.
LaTeX Info: Redefining \% on input line 1.
)
\tf@toc=\write4
\openout4 = `fr_tema1.toc'.

pdfTeX warning (ext4): destination with the same identifier (name{page.1}) has 
been already used, duplicate ignored
<to be read again> 
                   \relax 
l.31 \newpage
              [1]
Underfull \hbox (badness 10000) in paragraph at lines 34--35

 []


Underfull \hbox (badness 10000) in paragraph at lines 36--37

 []


Underfull \hbox (badness 10000) in paragraph at lines 38--39

 []


Underfull \hbox (badness 10000) in paragraph at lines 40--41

 []

<images/esquema_canal_comunicacion.png, id=42, 432.61626pt x 151.56625pt>
File: images/esquema_canal_comunicacion.png Graphic file (type png)
<use images/esquema_canal_comunicacion.png>
Package pdftex.def Info: images/esquema_canal_comunicacion.png  used on input l
ine 52.
(pdftex.def)             Requested size: 432.6152pt x 151.56587pt.
[2 <./images/esquema_canal_comunicacion.png>]
<images/cable_coaxial.jpeg, id=51, 259.97125pt x 194.7275pt>
File: images/cable_coaxial.jpeg Graphic file (type jpg)
<use images/cable_coaxial.jpeg>
Package pdftex.def Info: images/cable_coaxial.jpeg  used on input line 77.
(pdftex.def)             Requested size: 259.97061pt x 194.727pt.
<images/ejemplo_cable_utp.jpg, id=52, 743.77875pt x 449.68pt>
File: images/ejemplo_cable_utp.jpg Graphic file (type jpg)
<use images/ejemplo_cable_utp.jpg>
Package pdftex.def Info: images/ejemplo_cable_utp.jpg  used on input line 87.
(pdftex.def)             Requested size: 743.77693pt x 449.6789pt.


LaTeX Warning: `h' float specifier changed to `ht'.

<images/ejemplo_cable_stp.jpg, id=53, 331.2375pt x 323.2075pt>
File: images/ejemplo_cable_stp.jpg Graphic file (type jpg)
<use images/ejemplo_cable_stp.jpg>
Package pdftex.def Info: images/ejemplo_cable_stp.jpg  used on input line 95.
(pdftex.def)             Requested size: 331.23668pt x 323.20671pt.

LaTeX Warning: `h' float specifier changed to `ht'.

[3 <./images/cable_coaxial.jpeg>]
<images/ejemplo_cable_ftp.jpg, id=59, 752.8125pt x 297.11pt>
File: images/ejemplo_cable_ftp.jpg Graphic file (type jpg)
<use images/ejemplo_cable_ftp.jpg>
Package pdftex.def Info: images/ejemplo_cable_ftp.jpg  used on input line 103.
(pdftex.def)             Requested size: 752.81065pt x 297.10927pt.


LaTeX Warning: `h' float specifier changed to `ht'.

[4 <./images/ejemplo_cable_utp.jpg>]
<images/topologia_fisica.png, id=65, 495.8525pt x 155.58125pt>
File: images/topologia_fisica.png Graphic file (type png)
<use images/topologia_fisica.png>
Package pdftex.def Info: images/topologia_fisica.png  used on input line 120.
(pdftex.def)             Requested size: 495.85129pt x 155.58086pt.


LaTeX Warning: `h' float specifier changed to `ht'.

<images/topologia_logica.png, id=66, 497.86pt x 115.43124pt>
File: images/topologia_logica.png Graphic file (type png)
<use images/topologia_logica.png>
Package pdftex.def Info: images/topologia_logica.png  used on input line 128.
(pdftex.def)             Requested size: 497.85878pt x 115.43095pt.

LaTeX Warning: `h' float specifier changed to `ht'.

[5 <./images/ejemplo_cable_stp.jpg> <./images/ejemplo_cable_ftp.jpg>]
<images/topologia_bus.png, id=73, 200.75pt x 174.6525pt>
File: images/topologia_bus.png Graphic file (type png)
<use images/topologia_bus.png>
Package pdftex.def Info: images/topologia_bus.png  used on input line 146.
(pdftex.def)             Requested size: 200.7495pt x 174.65207pt.


LaTeX Warning: `h' float specifier changed to `ht'.

[6 <./images/topologia_fisica.png> <./images/topologia_logica.png>]
<images/topologia_anillo.png, id=83, 220.825pt x 204.765pt>
File: images/topologia_anillo.png Graphic file (type png)
<use images/topologia_anillo.png>
Package pdftex.def Info: images/topologia_anillo.png  used on input line 160.
(pdftex.def)             Requested size: 220.82445pt x 204.76448pt.


LaTeX Warning: `h' float specifier changed to `ht'.

[7 <./images/topologia_bus.png>]
<images/topologia_estrella.png, id=90, 205.76875pt x 200.75pt>
File: images/topologia_estrella.png Graphic file (type png)
<use images/topologia_estrella.png>
Package pdftex.def Info: images/topologia_estrella.png  used on input line 174.

(pdftex.def)             Requested size: 205.76823pt x 200.7495pt.
<images/topologia_arbol.png, id=91, 351.3125pt x 239.89626pt>
File: images/topologia_arbol.png Graphic file (type png)
<use images/topologia_arbol.png>
Package pdftex.def Info: images/topologia_arbol.png  used on input line 189.
(pdftex.def)             Requested size: 351.31163pt x 239.89566pt.


LaTeX Warning: `h' float specifier changed to `ht'.

[8 <./images/topologia_anillo.png>]
<images/topologia_malla.png, id=98, 501.875pt x 501.875pt>
File: images/topologia_malla.png Graphic file (type png)
<use images/topologia_malla.png>
Package pdftex.def Info: images/topologia_malla.png  used on input line 203.
(pdftex.def)             Requested size: 501.87376pt x 501.87376pt.
 [9 <./images/topologia_estrella.png>]
[10 <./images/topologia_arbol.png>]
<images/simplex.jpg, id=111, 165.61874pt x 75.28125pt>
File: images/simplex.jpg Graphic file (type jpg)
<use images/simplex.jpg>
Package pdftex.def Info: images/simplex.jpg  used on input line 239.
(pdftex.def)             Requested size: 165.61833pt x 75.28105pt.


LaTeX Warning: `h' float specifier changed to `ht'.

<images/half_duplex.jpeg, id=112, 207.02344pt x 141.52875pt>
File: images/half_duplex.jpeg Graphic file (type jpg)
<use images/half_duplex.jpeg>
Package pdftex.def Info: images/half_duplex.jpeg  used on input line 247.
(pdftex.def)             Requested size: 207.02292pt x 141.5284pt.

LaTeX Warning: `h' float specifier changed to `ht'.

<images/duplex.jpeg, id=113, 207.02344pt x 59.47218pt>
File: images/duplex.jpeg Graphic file (type jpg)
<use images/duplex.jpeg>
Package pdftex.def Info: images/duplex.jpeg  used on input line 256.
(pdftex.def)             Requested size: 207.02292pt x 59.47203pt.

LaTeX Warning: `h' float specifier changed to `ht'.

[11 <./images/topologia_malla.png>]
Underfull \hbox (badness 10000) in paragraph at lines 271--272

 []

[12 <./images/simplex.jpg> <./images/half_duplex.jpeg>] [13 <./images/duplex.jp
eg>]
<images/modelo_osi.png, id=132, 382.42876pt x 450.68375pt>
File: images/modelo_osi.png Graphic file (type png)
<use images/modelo_osi.png>
Package pdftex.def Info: images/modelo_osi.png  used on input line 289.
(pdftex.def)             Requested size: 382.42781pt x 450.68263pt.


LaTeX Warning: `h' float specifier changed to `ht'.

[14] [15 <./images/modelo_osi.png>]
Underfull \hbox (badness 10000) in paragraph at lines 311--312

 []


Underfull \hbox (badness 10000) in paragraph at lines 313--314

 []

[16]
LaTeX Font Info:    External font `cmex10' loaded for size
(Font)              <10.95> on input line 333.
LaTeX Font Info:    External font `cmex10' loaded for size
(Font)              <8> on input line 333.
LaTeX Font Info:    External font `cmex10' loaded for size
(Font)              <6> on input line 333.

Underfull \hbox (badness 10000) in paragraph at lines 332--336

 []


Underfull \hbox (badness 10000) in paragraph at lines 337--338

 []

[17] [18] [19] [20] [21] [22]
Package atveryend Info: Empty hook `BeforeClearDocument' on input line 492.
 [23]
Package atveryend Info: Empty hook `AfterLastShipout' on input line 492.
 (./fr_tema1.aux
LaTeX Info: Redefining \. on input line 24.
LaTeX Info: Redefining \% on input line 24.
)
Package atveryend Info: Executing hook `AtVeryEndDocument' on input line 492.
Package atveryend Info: Executing hook `AtEndAfterFileList' on input line 492.
Package rerunfilecheck Info: File `fr_tema1.out' has not changed.
(rerunfilecheck)             Checksum: B9D8A4746CF69724ED72BC9F1699F415;339.
Package atveryend Info: Empty hook `AtVeryVeryEnd' on input line 492.
 ) 
Here is how much of TeX's memory you used:
 6344 strings out of 481239
 97127 string characters out of 5920377
 366894 words of memory out of 5000000
 21455 multiletter control sequences out of 15000+600000
 536331 words of font info for 37 fonts, out of 8000000 for 9000
 1141 hyphenation exceptions out of 8191
 34i,6n,35p,1159b,471s stack positions out of 5000i,500n,10000p,200000b,80000s
{/usr/share/texmf/fonts/enc/dvips/cm-super/cm-super-ts1.enc}</usr/share/texli
ve/texmf-dist/fonts/type1/public/amsfonts/cm/cmbx10.pfb></usr/share/texlive/tex
mf-dist/fonts/type1/public/amsfonts/cm/cmbx12.pfb></usr/share/texlive/texmf-dis
t/fonts/type1/public/amsfonts/cm/cmmi10.pfb></usr/share/texlive/texmf-dist/font
s/type1/public/amsfonts/cm/cmmi8.pfb></usr/share/texlive/texmf-dist/fonts/type1
/public/amsfonts/cm/cmr10.pfb></usr/share/texlive/texmf-dist/fonts/type1/public
/amsfonts/cm/cmr8.pfb></usr/share/texlive/texmf-dist/fonts/type1/public/amsfont
s/cm/cmsy10.pfb></usr/share/texmf/fonts/type1/public/cm-super/sfrm1095.pfb>
Output written on fr_tema1.pdf (24 pages, 566160 bytes).
PDF statistics:
 221 PDF objects out of 1000 (max. 8388607)
 159 compressed objects within 2 object streams
 45 named destinations out of 1000 (max. 500000)
 126 words of extra memory for PDF output out of 10000 (max. 10000000)

