

*******************************************************************************
Sun Oct 13 10:52:40 2019


FIT:    data read from "tiempos_busqueda.dat"
        format = z
        #datapoints = 101
        residuals are weighted equally (unit weight)

function used for fitting: f(x)
	f(x)=a*x*log(x)+b
fitted parameters initialized with current variable values

iter      chisq       delta/lim  lambda   a             b            
   0 9.3792758213e+12   0.00e+00  2.15e+05    1.000000e+00   1.000000e+00
   9 8.3236716836e-06  -4.61e-06  2.15e-04    1.539716e-08  -1.192570e-04

After 9 iterations the fit converged.
final sum of squares of residuals : 8.32367e-06
rel. change during last iteration : -4.61468e-11

degrees of freedom    (FIT_NDF)                        : 99
rms of residuals      (FIT_STDFIT) = sqrt(WSSR/ndf)    : 0.000289961
variance of residuals (reduced chisquare) = WSSR/ndf   : 8.40775e-08

Final set of parameters            Asymptotic Standard Error
=======================            ==========================
a               = 1.53972e-08      +/- 1.801e-10    (1.169%)
b               = -0.000119257     +/- 5.487e-05    (46.01%)

correlation matrix of the fit parameters:
                a      b      
a               1.000 
b              -0.851  1.000 


*******************************************************************************
Sun Oct 13 11:00:59 2019


FIT:    data read from "tiempos_busqueda_modificado.dat"
        format = z
        #datapoints = 32
        residuals are weighted equally (unit weight)

function used for fitting: f(x)
	f(x)=a*x**2+b*x+c
fitted parameters initialized with current variable values

iter      chisq       delta/lim  lambda   a             b             c            
   0 7.2516751005e+14   0.00e+00  2.75e+06    1.000000e+00   1.000000e+00   1.000000e+00
  11 5.0466039016e-07  -2.73e-10  2.75e-05    9.398776e-10  -2.385547e-07   1.076308e-04

After 11 iterations the fit converged.
final sum of squares of residuals : 5.0466e-07
rel. change during last iteration : -2.72744e-15

degrees of freedom    (FIT_NDF)                        : 29
rms of residuals      (FIT_STDFIT) = sqrt(WSSR/ndf)    : 0.000131917
variance of residuals (reduced chisquare) = WSSR/ndf   : 1.74021e-08

Final set of parameters            Asymptotic Standard Error
=======================            ==========================
a               = 9.39878e-10      +/- 3.063e-11    (3.259%)
b               = -2.38555e-07     +/- 1.042e-07    (43.67%)
c               = 0.000107631      +/- 7.457e-05    (69.28%)

correlation matrix of the fit parameters:
                a      b      c      
a               1.000 
b              -0.970  1.000 
c               0.768 -0.881  1.000 


*******************************************************************************
Sun Oct 13 11:01:52 2019


FIT:    data read from "tiempos_busqueda_modificado.dat"
        format = z
        #datapoints = 32
        residuals are weighted equally (unit weight)

function used for fitting: f(x)
	f(x)=a*log(x)+b
fitted parameters initialized with current variable values

iter      chisq       delta/lim  lambda   a             b             c            
   0 5.4294993698e-04   0.00e+00  1.38e-07    9.398776e-10  -2.385547e-07   1.076308e-04
BREAK: Singular matrix in Invert_RtR

*******************************************************************************
Sun Oct 13 11:09:19 2019


FIT:    data read from "tiempos_busqueda_modificado.dat"
        format = z
        #datapoints = 32
        residuals are weighted equally (unit weight)

function used for fitting: f(x)
	f(x)=a*x*log(x)+b
fitted parameters initialized with current variable values

iter      chisq       delta/lim  lambda   a             b             c            
   0 6.8897588534e+09   0.00e+00  8.47e+03    1.000000e+00   1.000000e+00   1.000000e+00
BREAK: Singular matrix in Invert_RtR

*******************************************************************************
Sun Oct 13 11:13:21 2019


FIT:    data read from "tiempos_busqueda_modificado.dat"
        format = z
        #datapoints = 32
        residuals are weighted equally (unit weight)

function used for fitting: f(x)
	f(x)=a*x*log(x)+b
fitted parameters initialized with current variable values

iter      chisq       delta/lim  lambda   a             b            
   0 6.8897588534e+09   0.00e+00  1.04e+04    1.000000e+00   1.000000e+00
   8 1.2814251700e-05  -1.64e-07  1.04e-04    3.485680e-07  -1.289532e-03

After 8 iterations the fit converged.
final sum of squares of residuals : 1.28143e-05
rel. change during last iteration : -1.64274e-12

degrees of freedom    (FIT_NDF)                        : 30
rms of residuals      (FIT_STDFIT) = sqrt(WSSR/ndf)    : 0.000653561
variance of residuals (reduced chisquare) = WSSR/ndf   : 4.27142e-07

Final set of parameters            Asymptotic Standard Error
=======================            ==========================
a               = 3.48568e-07      +/- 1.51e-08     (4.331%)
b               = -0.00128953      +/- 0.0002215    (17.18%)

correlation matrix of the fit parameters:
                a      b      
a               1.000 
b              -0.853  1.000 


*******************************************************************************
Sun Oct 13 11:16:20 2019


FIT:    data read from "tiempos_busqueda_modificado.dat"
        format = z
        #datapoints = 32
        residuals are weighted equally (unit weight)

function used for fitting: f(x)
	f(x)=a*x**2+b*x+c
fitted parameters initialized with current variable values

iter      chisq       delta/lim  lambda   a             b             c            
   0 7.2516751005e+14   0.00e+00  2.75e+06    1.000000e+00   1.000000e+00   1.000000e+00
  11 5.0466039016e-07  -2.73e-10  2.75e-05    9.398776e-10  -2.385547e-07   1.076308e-04

After 11 iterations the fit converged.
final sum of squares of residuals : 5.0466e-07
rel. change during last iteration : -2.72744e-15

degrees of freedom    (FIT_NDF)                        : 29
rms of residuals      (FIT_STDFIT) = sqrt(WSSR/ndf)    : 0.000131917
variance of residuals (reduced chisquare) = WSSR/ndf   : 1.74021e-08

Final set of parameters            Asymptotic Standard Error
=======================            ==========================
a               = 9.39878e-10      +/- 3.063e-11    (3.259%)
b               = -2.38555e-07     +/- 1.042e-07    (43.67%)
c               = 0.000107631      +/- 7.457e-05    (69.28%)

correlation matrix of the fit parameters:
                a      b      c      
a               1.000 
b              -0.970  1.000 
c               0.768 -0.881  1.000 
