

*******************************************************************************
Tue Mar 10 19:22:53 2020


FIT:    data read from 'salida_graf.dat'
        format = z
        #datapoints = 25
        residuals are weighted equally (unit weight)

function used for fitting: f(x)
	f(x)=a*x*x*x+b*x*x+c*x+d
fitted parameters initialized with current variable values

iter      chisq       delta/lim  lambda   a             b             c             d            
   0 2.6215074356e+20   0.00e+00  1.62e+09    1.000000e+00   1.000000e+00   1.000000e+00   1.000000e+00
  13 4.2982812496e-02  -3.35e-05  1.62e-04    7.924613e-10  -2.549321e-07   6.129443e-05   3.017271e-03

After 13 iterations the fit converged.
final sum of squares of residuals : 0.0429828
rel. change during last iteration : -3.35259e-10

degrees of freedom    (FIT_NDF)                        : 21
rms of residuals      (FIT_STDFIT) = sqrt(WSSR/ndf)    : 0.0452416
variance of residuals (reduced chisquare) = WSSR/ndf   : 0.0020468

Final set of parameters            Asymptotic Standard Error
=======================            ==========================
a               = 7.92461e-10      +/- 6.053e-11    (7.638%)
b               = -2.54932e-07     +/- 1.913e-07    (75.03%)
c               = 6.12944e-05      +/- 0.000173     (282.3%)
d               = 0.00301727       +/- 0.04238      (1405%)

correlation matrix of the fit parameters:
                a      b      c      d      
a               1.000 
b              -0.987  1.000 
c               0.926 -0.973  1.000 
d              -0.719  0.795 -0.898  1.000 
