This is pdfTeX, Version 3.14159265-2.6-1.40.20 (TeX Live 2019/Debian) (preloaded format=pdflatex 2020.9.26)  30 JAN 2021 00:54
entering extended mode
 restricted \write18 enabled.
 %&-line parsing enabled.
**tema_3_fr.tex
(./tema_3_fr.tex
LaTeX2e <2020-02-02> patch level 2
L3 programming layer <2020-02-14>
(/usr/share/texlive/texmf-dist/tex/latex/base/article.cls
Document Class: article 2019/12/20 v1.4l Standard LaTeX document class
(/usr/share/texlive/texmf-dist/tex/latex/base/size11.clo
File: size11.clo 2019/12/20 v1.4l Standard LaTeX file (size option)
)
\c@part=\count167
\c@section=\count168
\c@subsection=\count169
\c@subsubsection=\count170
\c@paragraph=\count171
\c@subparagraph=\count172
\c@figure=\count173
\c@table=\count174
\abovecaptionskip=\skip47
\belowcaptionskip=\skip48
\bibindent=\dimen134
)
(/usr/share/texlive/texmf-dist/tex/generic/babel/babel.sty
Package: babel 2020/02/14 3.40 The Babel package

(/usr/share/texlive/texmf-dist/tex/generic/babel/switch.def
File: switch.def 2020/02/14 3.40 Babel switching mechanism
)
(/usr/share/texlive/texmf-dist/tex/generic/babel-spanish/spanish.ldf
Language: spanish.ldf 2016/03/03 v5.0p Spanish support from the babel system

(/usr/share/texlive/texmf-dist/tex/generic/babel/babel.def
File: babel.def 2020/02/14 3.40 Babel common definitions
\babel@savecnt=\count175
\U@D=\dimen135

(/usr/share/texlive/texmf-dist/tex/generic/babel/txtbabel.def)
\bbl@readstream=\read2
\bbl@dirlevel=\count176
)
\es@quottoks=\toks14
\es@quotdepth=\count177
Package babel Info: Making " an active character on input line 561.
Package babel Info: Making . an active character on input line 662.
Package babel Info: Making < an active character on input line 707.
Package babel Info: Making > an active character on input line 707.
))
(/usr/share/texlive/texmf-dist/tex/latex/base/inputenc.sty
Package: inputenc 2018/08/11 v1.3c Input encoding file
\inpenc@prehook=\toks15
\inpenc@posthook=\toks16
)
(/usr/share/texlive/texmf-dist/tex/latex/hyperref/hyperref.sty
Package: hyperref 2020/01/14 v7.00d Hypertext links for LaTeX

(/usr/share/texlive/texmf-dist/tex/generic/ltxcmds/ltxcmds.sty
Package: ltxcmds 2019/12/15 v1.24 LaTeX kernel commands for general use (HO)
)
(/usr/share/texlive/texmf-dist/tex/generic/iftex/iftex.sty
Package: iftex 2019/11/07 v1.0c TeX engine tests
)
(/usr/share/texlive/texmf-dist/tex/latex/pdftexcmds/pdftexcmds.sty
Package: pdftexcmds 2019/11/24 v0.31 Utility functions of pdfTeX for LuaTeX (HO
)

(/usr/share/texlive/texmf-dist/tex/generic/infwarerr/infwarerr.sty
Package: infwarerr 2019/12/03 v1.5 Providing info/warning/error messages (HO)
)
Package pdftexcmds Info: \pdf@primitive is available.
Package pdftexcmds Info: \pdf@ifprimitive is available.
Package pdftexcmds Info: \pdfdraftmode found.
)
(/usr/share/texlive/texmf-dist/tex/latex/graphics/keyval.sty
Package: keyval 2014/10/28 v1.15 key=value parser (DPC)
\KV@toks@=\toks17
)
(/usr/share/texlive/texmf-dist/tex/generic/kvsetkeys/kvsetkeys.sty
Package: kvsetkeys 2019/12/15 v1.18 Key value parser (HO)
)
(/usr/share/texlive/texmf-dist/tex/generic/kvdefinekeys/kvdefinekeys.sty
Package: kvdefinekeys 2019-12-19 v1.6 Define keys (HO)
)
(/usr/share/texlive/texmf-dist/tex/generic/pdfescape/pdfescape.sty
Package: pdfescape 2019/12/09 v1.15 Implements pdfTeX's escape features (HO)
)
(/usr/share/texlive/texmf-dist/tex/latex/hycolor/hycolor.sty
Package: hycolor 2020-01-27 v1.10 Color options for hyperref/bookmark (HO)
)
(/usr/share/texlive/texmf-dist/tex/latex/letltxmacro/letltxmacro.sty
Package: letltxmacro 2019/12/03 v1.6 Let assignment for LaTeX macros (HO)
)
(/usr/share/texlive/texmf-dist/tex/latex/auxhook/auxhook.sty
Package: auxhook 2019-12-17 v1.6 Hooks for auxiliary files (HO)
)
(/usr/share/texlive/texmf-dist/tex/latex/kvoptions/kvoptions.sty
Package: kvoptions 2019/11/29 v3.13 Key value format for package options (HO)
)
\@linkdim=\dimen136
\Hy@linkcounter=\count178
\Hy@pagecounter=\count179

(/usr/share/texlive/texmf-dist/tex/latex/hyperref/pd1enc.def
File: pd1enc.def 2020/01/14 v7.00d Hyperref: PDFDocEncoding definition (HO)
Now handling font encoding PD1 ...
... no UTF-8 mapping file for font encoding PD1
)
(/usr/share/texlive/texmf-dist/tex/generic/intcalc/intcalc.sty
Package: intcalc 2019/12/15 v1.3 Expandable calculations with integers (HO)
)
(/usr/share/texlive/texmf-dist/tex/generic/etexcmds/etexcmds.sty
Package: etexcmds 2019/12/15 v1.7 Avoid name clashes with e-TeX commands (HO)
)
\Hy@SavedSpaceFactor=\count180
\pdfmajorversion=\count181
Package hyperref Info: Hyper figures OFF on input line 4547.
Package hyperref Info: Link nesting OFF on input line 4552.
Package hyperref Info: Hyper index ON on input line 4555.
Package hyperref Info: Plain pages OFF on input line 4562.
Package hyperref Info: Backreferencing OFF on input line 4567.
Package hyperref Info: Implicit mode ON; LaTeX internals redefined.
Package hyperref Info: Bookmarks ON on input line 4800.
\c@Hy@tempcnt=\count182

(/usr/share/texlive/texmf-dist/tex/latex/url/url.sty
\Urlmuskip=\muskip16
Package: url 2013/09/16  ver 3.4  Verb mode for urls, etc.
)
LaTeX Info: Redefining \url on input line 5159.
\XeTeXLinkMargin=\dimen137

(/usr/share/texlive/texmf-dist/tex/generic/bitset/bitset.sty
Package: bitset 2019/12/09 v1.3 Handle bit-vector datatype (HO)

(/usr/share/texlive/texmf-dist/tex/generic/bigintcalc/bigintcalc.sty
Package: bigintcalc 2019/12/15 v1.5 Expandable calculations on big integers (HO
)
))
\Fld@menulength=\count183
\Field@Width=\dimen138
\Fld@charsize=\dimen139
Package hyperref Info: Hyper figures OFF on input line 6430.
Package hyperref Info: Link nesting OFF on input line 6435.
Package hyperref Info: Hyper index ON on input line 6438.
Package hyperref Info: backreferencing OFF on input line 6445.
Package hyperref Info: Link coloring OFF on input line 6450.
Package hyperref Info: Link coloring with OCG OFF on input line 6455.
Package hyperref Info: PDF/A mode OFF on input line 6460.
LaTeX Info: Redefining \ref on input line 6500.
LaTeX Info: Redefining \pageref on input line 6504.

(/usr/share/texlive/texmf-dist/tex/generic/atbegshi/atbegshi.sty
Package: atbegshi 2019/12/05 v1.19 At begin shipout hook (HO)
)
\Hy@abspage=\count184
\c@Item=\count185
\c@Hfootnote=\count186
)
Package hyperref Info: Driver (autodetected): hpdftex.

(/usr/share/texlive/texmf-dist/tex/latex/hyperref/hpdftex.def
File: hpdftex.def 2020/01/14 v7.00d Hyperref driver for pdfTeX

(/usr/share/texlive/texmf-dist/tex/latex/atveryend/atveryend.sty
Package: atveryend 2019-12-11 v1.11 Hooks at the very end of document (HO)
Package atveryend Info: \enddocument detected (standard20110627).
)
\Fld@listcount=\count187
\c@bookmark@seq@number=\count188

(/usr/share/texlive/texmf-dist/tex/latex/rerunfilecheck/rerunfilecheck.sty
Package: rerunfilecheck 2019/12/05 v1.9 Rerun checks for auxiliary files (HO)

(/usr/share/texlive/texmf-dist/tex/generic/uniquecounter/uniquecounter.sty
Package: uniquecounter 2019/12/15 v1.4 Provide unlimited unique counter (HO)
)
Package uniquecounter Info: New unique counter `rerunfilecheck' on input line 2
86.
)
\Hy@SectionHShift=\skip49
)
(/usr/share/texlive/texmf-dist/tex/latex/graphics/graphicx.sty
Package: graphicx 2019/11/30 v1.2a Enhanced LaTeX Graphics (DPC,SPQR)

(/usr/share/texlive/texmf-dist/tex/latex/graphics/graphics.sty
Package: graphics 2019/11/30 v1.4a Standard LaTeX Graphics (DPC,SPQR)

(/usr/share/texlive/texmf-dist/tex/latex/graphics/trig.sty
Package: trig 2016/01/03 v1.10 sin cos tan (DPC)
)
(/usr/share/texlive/texmf-dist/tex/latex/graphics-cfg/graphics.cfg
File: graphics.cfg 2016/06/04 v1.11 sample graphics configuration
)
Package graphics Info: Driver file: pdftex.def on input line 105.

(/usr/share/texlive/texmf-dist/tex/latex/graphics-def/pdftex.def
File: pdftex.def 2018/01/08 v1.0l Graphics/color driver for pdftex
))
\Gin@req@height=\dimen140
\Gin@req@width=\dimen141
)
(/usr/share/texlive/texmf-dist/tex/latex/amsmath/amsmath.sty
Package: amsmath 2020/01/20 v2.17e AMS math features
\@mathmargin=\skip50

For additional information on amsmath, use the `?' option.
(/usr/share/texlive/texmf-dist/tex/latex/amsmath/amstext.sty
Package: amstext 2000/06/29 v2.01 AMS text

(/usr/share/texlive/texmf-dist/tex/latex/amsmath/amsgen.sty
File: amsgen.sty 1999/11/30 v2.0 generic functions
\@emptytoks=\toks18
\ex@=\dimen142
))
(/usr/share/texlive/texmf-dist/tex/latex/amsmath/amsbsy.sty
Package: amsbsy 1999/11/29 v1.2d Bold Symbols
\pmbraise@=\dimen143
)
(/usr/share/texlive/texmf-dist/tex/latex/amsmath/amsopn.sty
Package: amsopn 2016/03/08 v2.02 operator names
)
\inf@bad=\count189
LaTeX Info: Redefining \frac on input line 227.
\uproot@=\count190
\leftroot@=\count191
LaTeX Info: Redefining \overline on input line 389.
\classnum@=\count192
\DOTSCASE@=\count193
LaTeX Info: Redefining \ldots on input line 486.
LaTeX Info: Redefining \dots on input line 489.
LaTeX Info: Redefining \cdots on input line 610.
\Mathstrutbox@=\box45
\strutbox@=\box46
\big@size=\dimen144
LaTeX Font Info:    Redeclaring font encoding OML on input line 733.
LaTeX Font Info:    Redeclaring font encoding OMS on input line 734.
\macc@depth=\count194
\c@MaxMatrixCols=\count195
\dotsspace@=\muskip17
\c@parentequation=\count196
\dspbrk@lvl=\count197
\tag@help=\toks19
\row@=\count198
\column@=\count199
\maxfields@=\count266
\andhelp@=\toks20
\eqnshift@=\dimen145
\alignsep@=\dimen146
\tagshift@=\dimen147
\tagwidth@=\dimen148
\totwidth@=\dimen149
\lineht@=\dimen150
\@envbody=\toks21
\multlinegap=\skip51
\multlinetaggap=\skip52
\mathdisplay@stack=\toks22
LaTeX Info: Redefining \[ on input line 2859.
LaTeX Info: Redefining \] on input line 2860.
)
(/usr/share/texlive/texmf-dist/tex/latex/amsfonts/amsfonts.sty
Package: amsfonts 2013/01/14 v3.01 Basic AMSFonts support
\symAMSa=\mathgroup4
\symAMSb=\mathgroup5
LaTeX Font Info:    Redeclaring math symbol \hbar on input line 98.
LaTeX Font Info:    Overwriting math alphabet `\mathfrak' in version `bold'
(Font)                  U/euf/m/n --> U/euf/b/n on input line 106.
)
(/usr/share/texlive/texmf-dist/tex/latex/l3backend/l3backend-pdfmode.def
File: l3backend-pdfmode.def 2020-02-03 L3 backend support: PDF mode
\l__kernel_color_stack_int=\count267
\l__pdf_internal_box=\box47
)
(./tema_3_fr.aux
LaTeX Info: Redefining \. on input line 24.
LaTeX Info: Redefining \% on input line 24.
)
\openout1 = `tema_3_fr.aux'.

LaTeX Font Info:    Checking defaults for OML/cmm/m/it on input line 14.
LaTeX Font Info:    ... okay on input line 14.
LaTeX Font Info:    Checking defaults for OMS/cmsy/m/n on input line 14.
LaTeX Font Info:    ... okay on input line 14.
LaTeX Font Info:    Checking defaults for OT1/cmr/m/n on input line 14.
LaTeX Font Info:    ... okay on input line 14.
LaTeX Font Info:    Checking defaults for T1/cmr/m/n on input line 14.
LaTeX Font Info:    ... okay on input line 14.
LaTeX Font Info:    Checking defaults for TS1/cmr/m/n on input line 14.
LaTeX Font Info:    ... okay on input line 14.
LaTeX Font Info:    Checking defaults for OMX/cmex/m/n on input line 14.
LaTeX Font Info:    ... okay on input line 14.
LaTeX Font Info:    Checking defaults for U/cmr/m/n on input line 14.
LaTeX Font Info:    ... okay on input line 14.
LaTeX Font Info:    Checking defaults for PD1/pdf/m/n on input line 14.
LaTeX Font Info:    ... okay on input line 14.
LaTeX Info: Redefining \. on input line 14.
LaTeX Info: Redefining \% on input line 14.
\AtBeginShipoutBox=\box48
Package hyperref Info: Link coloring OFF on input line 14.
 (/usr/share/texlive/texmf-dist/tex/latex/hyperref/nameref.sty
Package: nameref 2019/09/16 v2.46 Cross-referencing by name of section
(/usr/share/texlive/texmf-dist/tex/latex/refcount/refcount.sty
Package: refcount 2019/12/15 v3.6 Data extraction from label references (HO)
)
(/usr/share/texlive/texmf-dist/tex/generic/gettitlestring/gettitlestring.sty
Package: gettitlestring 2019/12/15 v1.6 Cleanup title references (HO)
)
\c@section@level=\count268
)
LaTeX Info: Redefining \ref on input line 14.
LaTeX Info: Redefining \pageref on input line 14.
LaTeX Info: Redefining \nameref on input line 14.

(./tema_3_fr.out) (./tema_3_fr.out)
\@outlinefile=\write3
\openout3 = `tema_3_fr.out'.


(/usr/share/texlive/texmf-dist/tex/context/base/mkii/supp-pdf.mkii
[Loading MPS to PDF converter (version 2006.09.02).]
\scratchcounter=\count269
\scratchdimen=\dimen151
\scratchbox=\box49
\nofMPsegments=\count270
\nofMParguments=\count271
\everyMPshowfont=\toks23
\MPscratchCnt=\count272
\MPscratchDim=\dimen152
\MPnumerator=\count273
\makeMPintoPDFobject=\count274
\everyMPtoPDFconversion=\toks24
) (/usr/share/texlive/texmf-dist/tex/latex/epstopdf-pkg/epstopdf-base.sty
Package: epstopdf-base 2020-01-24 v2.11 Base part for package epstopdf
Package epstopdf-base Info: Redefining graphics rule for `.eps' on input line 4
85.

(/usr/share/texlive/texmf-dist/tex/latex/latexconfig/epstopdf-sys.cfg
File: epstopdf-sys.cfg 2010/07/13 v1.3 Configuration of (r)epstopdf for TeX Liv
e
))
<images/redes.jpg, id=68, 246.6816pt x 103.8279pt>
File: images/redes.jpg Graphic file (type jpg)
<use images/redes.jpg>
Package pdftex.def Info: images/redes.jpg  used on input line 26.
(pdftex.def)             Requested size: 426.79134pt x 179.65305pt.

Overfull \hbox (66.79134pt too wide) in paragraph at lines 26--27
 [][] 
 []

[1

{/var/lib/texmf/fonts/map/pdftex/updmap/pdftex.map} <./images/redes.jpg>]
(./tema_3_fr.toc
LaTeX Info: Redefining \. on input line 1.
LaTeX Info: Redefining \% on input line 1.
LaTeX Font Info:    Trying to load font information for U+msa on input line 4.
 (/usr/share/texlive/texmf-dist/tex/latex/amsfonts/umsa.fd
File: umsa.fd 2013/01/14 v3.01 AMS symbols A
)
LaTeX Font Info:    Trying to load font information for U+msb on input line 4.

(/usr/share/texlive/texmf-dist/tex/latex/amsfonts/umsb.fd
File: umsb.fd 2013/01/14 v3.01 AMS symbols B
))
\tf@toc=\write4
\openout4 = `tema_3_fr.toc'.

pdfTeX warning (ext4): destination with the same identifier (name{page.1}) has 
been already used, duplicate ignored
<to be read again> 
                   \relax 
l.33 \newpage
              [1]
Underfull \hbox (badness 10000) in paragraph at lines 36--37

 []


Underfull \hbox (badness 10000) in paragraph at lines 38--39

 []


Underfull \hbox (badness 10000) in paragraph at lines 40--41

 []


Overfull \hbox (67.56224pt too wide) in paragraph at lines 42--43
[]\OT1/cmr/m/n/10.95 Tanto el pro-to-co-lo TCP co-mo el UDP pro-por-cio-nan la 
mul-ti-ple-xa-ci^^Son/demultiplexaci^^Son
 []


Underfull \hbox (badness 10000) in paragraph at lines 42--43

 []


Underfull \hbox (badness 10000) in paragraph at lines 47--48

 []

[2]
<images/cabecera_udp.png, id=103, 512.91624pt x 233.87375pt>
File: images/cabecera_udp.png Graphic file (type png)
<use images/cabecera_udp.png>
Package pdftex.def Info: images/cabecera_udp.png  used on input line 66.
(pdftex.def)             Requested size: 512.915pt x 233.87315pt.

Overfull \hbox (36.0033pt too wide) in paragraph at lines 66--67
 [][] 
 []


LaTeX Warning: `h' float specifier changed to `ht'.


Underfull \hbox (badness 10000) in paragraph at lines 70--71

 []

[3]
Underfull \hbox (badness 10000) in paragraph at lines 73--74

 []

[4 <./images/cabecera_udp.png>]
Underfull \hbox (badness 10000) in paragraph at lines 77--78

 []

<images/procolos_udp.png, id=116, 837.1275pt x 499.8675pt>
File: images/procolos_udp.png Graphic file (type png)
<use images/procolos_udp.png>
Package pdftex.def Info: images/procolos_udp.png  used on input line 82.
(pdftex.def)             Requested size: 837.12546pt x 499.86627pt.

Underfull \hbox (badness 10000) in paragraph at lines 88--89

 []

[5 <./images/procolos_udp.png>]
Underfull \hbox (badness 10000) in paragraph at lines 92--93

 []

<images/buffer_emision.png, id=123, 822.07124pt x 333.245pt>
File: images/buffer_emision.png Graphic file (type png)
<use images/buffer_emision.png>
Package pdftex.def Info: images/buffer_emision.png  used on input line 99.
(pdftex.def)             Requested size: 822.06923pt x 333.24417pt.

LaTeX Warning: `h' float specifier changed to `ht'.


Underfull \hbox (badness 10000) in paragraph at lines 102--103

 []


Underfull \hbox (badness 10000) in paragraph at lines 104--105

 []

[6]
Underfull \hbox (badness 10000) in paragraph at lines 106--107

 []

<images/estructura_tcp.png, id=130, 740.7675pt x 587.19376pt>
File: images/estructura_tcp.png Graphic file (type png)
<use images/estructura_tcp.png>
Package pdftex.def Info: images/estructura_tcp.png  used on input line 114.
(pdftex.def)             Requested size: 740.76569pt x 587.19232pt.

LaTeX Warning: `h' float specifier changed to `ht'.

[7 <./images/buffer_emision.png>]
Underfull \hbox (badness 10000) in paragraph at lines 131--132

 []

[8 <./images/estructura_tcp.png>]
Underfull \hbox (badness 10000) in paragraph at lines 133--134

 []

[9]
<images/conexion_tcp.png, id=148, 801.99625pt x 703.62875pt>
File: images/conexion_tcp.png Graphic file (type png)
<use images/conexion_tcp.png>
Package pdftex.def Info: images/conexion_tcp.png  used on input line 151.
(pdftex.def)             Requested size: 801.99428pt x 703.62703pt.

Underfull \hbox (badness 10000) in paragraph at lines 154--155

 []

[10 <./images/conexion_tcp.png>]
<images/ejemplo_desconexion.png, id=155, 807.015pt x 779.91376pt>
File: images/ejemplo_desconexion.png Graphic file (type png)
<use images/ejemplo_desconexion.png>
Package pdftex.def Info: images/ejemplo_desconexion.png  used on input line 159
.
(pdftex.def)             Requested size: 807.01303pt x 779.91187pt.

Underfull \hbox (badness 10000) in paragraph at lines 162--163

 []

[11 <./images/ejemplo_desconexion.png>]
<images/diagrama_tcp.png, id=163, 657.45625pt x 428.60126pt>
File: images/diagrama_tcp.png Graphic file (type png)
<use images/diagrama_tcp.png>
Package pdftex.def Info: images/diagrama_tcp.png  used on input line 169.
(pdftex.def)             Requested size: 657.45465pt x 428.6002pt.
 [12 <./images/diagrama_tcp.png>]
Underfull \hbox (badness 10000) in paragraph at lines 183--184

 []


Underfull \hbox (badness 10000) in paragraph at lines 185--186

 []

<images/muestreo_rtt.png, id=171, 844.15375pt x 496.85625pt>
File: images/muestreo_rtt.png Graphic file (type png)
<use images/muestreo_rtt.png>
Package pdftex.def Info: images/muestreo_rtt.png  used on input line 198.
(pdftex.def)             Requested size: 844.15169pt x 496.85503pt.

Overfull \hbox (36.00523pt too wide) in paragraph at lines 198--199
 [][] 
 []


LaTeX Warning: `h' float specifier changed to `ht'.


Overfull \hbox (12.46158pt too wide) in paragraph at lines 201--202
\OML/cmm/m/it/10.95 RTTDesv$\OT1/cmr/m/n/10.95 , co-mo una es-ti-ma-ci^^Sno de 
cu^^Santo se desv^^S^^Pa t^^S^^Ppi-ca-men-te $\OML/cmm/m/it/10.95 RTTMuestra$
 []


Underfull \hbox (badness 10000) in paragraph at lines 207--208

 []

[13]
Underfull \hbox (badness 10000) in paragraph at lines 215--216

 []

<images/ejemplo_1.png, id=177, 579.16376pt x 558.085pt>
File: images/ejemplo_1.png Graphic file (type png)
<use images/ejemplo_1.png>
Package pdftex.def Info: images/ejemplo_1.png  used on input line 222.
(pdftex.def)             Requested size: 579.16234pt x 558.08365pt.

LaTeX Warning: `h' float specifier changed to `ht'.


Underfull \hbox (badness 10000) in paragraph at lines 225--226

 []

[14 <./images/muestreo_rtt.png>]
<images/ejemplo_2.png, id=184, 692.5875pt x 592.2125pt>
File: images/ejemplo_2.png Graphic file (type png)
<use images/ejemplo_2.png>
Package pdftex.def Info: images/ejemplo_2.png  used on input line 230.
(pdftex.def)             Requested size: 692.5858pt x 592.21104pt.


LaTeX Warning: `h' float specifier changed to `ht'.


Underfull \hbox (badness 10000) in paragraph at lines 233--234

 []

<images/ejemplo_3.png, id=185, 675.52374pt x 576.1525pt>
File: images/ejemplo_3.png Graphic file (type png)
<use images/ejemplo_3.png>
Package pdftex.def Info: images/ejemplo_3.png  used on input line 238.
(pdftex.def)             Requested size: 675.5221pt x 576.15108pt.

LaTeX Warning: `h' float specifier changed to `ht'.


Underfull \hbox (badness 10000) in paragraph at lines 241--242

 []

[15 <./images/ejemplo_1.png>]
<images/ejemplo_4.png, id=192, 602.25pt x 617.30624pt>
File: images/ejemplo_4.png Graphic file (type png)
<use images/ejemplo_4.png>
Package pdftex.def Info: images/ejemplo_4.png  used on input line 248.
(pdftex.def)             Requested size: 602.24852pt x 617.30473pt.
<images/tabla_ack.png, id=193, 1011.78pt x 314.17375pt>
File: images/tabla_ack.png Graphic file (type png)
<use images/tabla_ack.png>
Package pdftex.def Info: images/tabla_ack.png  used on input line 254.
(pdftex.def)             Requested size: 1011.77753pt x 314.17297pt.

Overfull \hbox (72.00009pt too wide) in paragraph at lines 254--255
 [][] 
 []


Underfull \hbox (badness 10000) in paragraph at lines 258--259

 []

[16 <./images/ejemplo_2.png>]
Overfull \hbox (24.93802pt too wide) detected at line 264
\OML/cmm/m/it/10.95 VentRecepcion \OT1/cmr/m/n/10.95 = \OML/cmm/m/it/10.95 Buff
erRecepcion \OMS/cmsy/m/n/10.95 ^^@ \OT1/cmr/m/n/10.95 [\OML/cmm/m/it/10.95 Ult
imoByteRecibido \OMS/cmsy/m/n/10.95 ^^@ \OML/cmm/m/it/10.95 UltimoByteLeido\OT1
/cmr/m/n/10.95 ]
 []

<images/ventana_recepcion.png, id=200, 750.805pt x 395.4775pt>
File: images/ventana_recepcion.png Graphic file (type png)
<use images/ventana_recepcion.png>
Package pdftex.def Info: images/ventana_recepcion.png  used on input line 269.
(pdftex.def)             Requested size: 750.80316pt x 395.47653pt.

LaTeX Warning: `h' float specifier changed to `ht'.


Underfull \hbox (badness 10000) in paragraph at lines 276--277

 []

[17 <./images/ejemplo_3.png>] [18 <./images/ejemplo_4.png> <./images/tabla_ack.
png>]
<images/escenario_1.png, id=216, 991.705pt x 444.66125pt>
File: images/escenario_1.png Graphic file (type png)
<use images/escenario_1.png>
Package pdftex.def Info: images/escenario_1.png  used on input line 281.
(pdftex.def)             Requested size: 991.70259pt x 444.66016pt.
 [19 <./images/ventana_recepcion.png> <./images/escenario_1.png>]
<images/escenario_2.png, id=226, 1269.74374pt x 444.66125pt>
File: images/escenario_2.png Graphic file (type png)
<use images/escenario_2.png>
Package pdftex.def Info: images/escenario_2.png  used on input line 292.
(pdftex.def)             Requested size: 1269.74065pt x 444.66016pt.

Underfull \hbox (badness 10000) in paragraph at lines 295--296

 []

[20 <./images/escenario_2.png>]
<images/escenario_3.png, id=234, 1046.91125pt x 878.28125pt>
File: images/escenario_3.png Graphic file (type png)
<use images/escenario_3.png>
Package pdftex.def Info: images/escenario_3.png  used on input line 305.
(pdftex.def)             Requested size: 1046.9087pt x 878.27911pt.

Underfull \hbox (badness 10000) in paragraph at lines 308--309

 []


Underfull \hbox (badness 10000) in paragraph at lines 310--311

 []

[21 <./images/escenario_3.png>]
<images/grafica_escenario_3.png, id=241, 630.355pt x 439.6425pt>
File: images/grafica_escenario_3.png Graphic file (type png)
<use images/grafica_escenario_3.png>
Package pdftex.def Info: images/grafica_escenario_3.png  used on input line 321
.
(pdftex.def)             Requested size: 630.35345pt x 439.64142pt.

Underfull \hbox (badness 10000) in paragraph at lines 326--327

 []

[22 <./images/grafica_escenario_3.png>]
Overfull \hbox (66.40254pt too wide) detected at line 332
\OML/cmm/m/it/10.95 UltimoByteEnviado \OMS/cmsy/m/n/10.95 ^^@ \OML/cmm/m/it/10.
95 UltimoByteReconocido \OMS/cmsy/m/n/10.95 ^^T \OML/cmm/m/it/10.95 min\OMS/cms
y/m/n/10.95 f\OML/cmm/m/it/10.95 VentCongestion; VentRecepcion\OMS/cmsy/m/n/10.
95 g
 []


Underfull \hbox (badness 10000) in paragraph at lines 334--335

 []


Underfull \hbox (badness 10000) in paragraph at lines 336--337

 []

[23]
<images/diagrama_estados_congestion.png, id=252, 1322.9425pt x 971.63pt>
File: images/diagrama_estados_congestion.png Graphic file (type png)
<use images/diagrama_estados_congestion.png>
Package pdftex.def Info: images/diagrama_estados_congestion.png  used on input 
line 353.
(pdftex.def)             Requested size: 1322.93929pt x 971.62764pt.

Overfull \hbox (35.9976pt too wide) in paragraph at lines 353--354
 [][] 
 []


LaTeX Warning: `h' float specifier changed to `ht'.

<images/arranque_lento.png, id=253, 582.175pt x 799.98875pt>
File: images/arranque_lento.png Graphic file (type png)
<use images/arranque_lento.png>
Package pdftex.def Info: images/arranque_lento.png  used on input line 362.
(pdftex.def)             Requested size: 582.17358pt x 799.9868pt.

LaTeX Warning: `h' float specifier changed to `ht'.

[24]
Overfull \hbox (16.22095pt too wide) in paragraph at lines 368--369
[]\OT1/cmr/m/n/10.95 Al en-trar en el es-ta-do de evi-ta-ci^^Son de con-ges-ti^
^Son, el va-lor de $\OML/cmm/m/it/10.95 VentCongestion$
 []

[25 <./images/diagrama_estados_congestion.png>]
Underfull \hbox (badness 10000) in paragraph at lines 371--372

 []

[26 <./images/arranque_lento.png>]
<images/tcp_tahoe_reno.png, id=273, 735.74875pt x 472.76625pt>
File: images/tcp_tahoe_reno.png Graphic file (type png)
<use images/tcp_tahoe_reno.png>
Package pdftex.def Info: images/tcp_tahoe_reno.png  used on input line 378.
(pdftex.def)             Requested size: 735.74695pt x 472.76509pt.

Underfull \hbox (badness 10000) in paragraph at lines 382--383

 []

[27 <./images/tcp_tahoe_reno.png>]
<images/ventana_congestion.png, id=281, 360.34625pt x 239.89626pt>
File: images/ventana_congestion.png Graphic file (type png)
<use images/ventana_congestion.png>
Package pdftex.def Info: images/ventana_congestion.png  used on input line 389.

(pdftex.def)             Requested size: 360.34537pt x 239.89566pt.

Underfull \hbox (badness 10000) in paragraph at lines 392--393

 []

<images/familias_tcp.png, id=282, 480.79625pt x 682.55pt>
File: images/familias_tcp.png Graphic file (type png)
<use images/familias_tcp.png>
Package pdftex.def Info: images/familias_tcp.png  used on input line 397.
(pdftex.def)             Requested size: 480.79506pt x 682.54834pt.

LaTeX Warning: `h' float specifier changed to `ht'.


Underfull \hbox (badness 10000) in paragraph at lines 403--404

 []


Underfull \hbox (badness 10000) in paragraph at lines 405--406

 []

[28 <./images/ventana_congestion.png>]
Underfull \hbox (badness 10000) in paragraph at lines 409--410

 []

[29]
Package atveryend Info: Empty hook `BeforeClearDocument' on input line 425.
 [30]
Missing character: There is no æ in font cmr10!
 [31

]
Missing character: There is no æ in font cmr10!
Missing character: There is no æ in font cmr10!

Overfull \vbox (11.0pt too high) has occurred while \output is active []

Package atveryend Info: Empty hook `AfterLastShipout' on input line 425.

(./tema_3_fr.aux
LaTeX Info: Redefining \. on input line 24.
LaTeX Info: Redefining \% on input line 24.
)
Package atveryend Info: Executing hook `AtVeryEndDocument' on input line 425.
Package atveryend Info: Executing hook `AtEndAfterFileList' on input line 425.
Package rerunfilecheck Info: File `tema_3_fr.out' has not changed.
(rerunfilecheck)             Checksum: 3143BBFE6E7A7FBB6A0C526688CCCA3B;1344.
Package atveryend Info: Empty hook `AtVeryVeryEnd' on input line 425.
 ) 
Here is how much of TeX's memory you used:
 7116 strings out of 481239
 106614 string characters out of 5920377
 378565 words of memory out of 5000000
 22159 multiletter control sequences out of 15000+600000
 539209 words of font info for 49 fonts, out of 8000000 for 9000
 1141 hyphenation exceptions out of 8191
 34i,6n,35p,1773b,416s stack positions out of 5000i,500n,10000p,200000b,80000s
</usr/share/texlive/texmf-dist/fonts/type1/public/amsfonts/cm/cmbx10.pfb></us
r/share/texlive/texmf-dist/fonts/type1/public/amsfonts/cm/cmbx12.pfb></usr/shar
e/texlive/texmf-dist/fonts/type1/public/amsfonts/cm/cmbxti10.pfb></usr/share/te
xlive/texmf-dist/fonts/type1/public/amsfonts/cm/cmmi10.pfb></usr/share/texlive/
texmf-dist/fonts/type1/public/amsfonts/cm/cmmi8.pfb></usr/share/texlive/texmf-d
ist/fonts/type1/public/amsfonts/cm/cmr10.pfb></usr/share/texlive/texmf-dist/fon
ts/type1/public/amsfonts/cm/cmr8.pfb></usr/share/texlive/texmf-dist/fonts/type1
/public/amsfonts/cm/cmsy10.pfb></usr/share/texlive/texmf-dist/fonts/type1/publi
c/amsfonts/cm/cmsy8.pfb></usr/share/texlive/texmf-dist/fonts/type1/public/amsfo
nts/cm/cmti10.pfb>
Output written on tema_3_fr.pdf (32 pages, 1288501 bytes).
PDF statistics:
 356 PDF objects out of 1000 (max. 8388607)
 263 compressed objects within 3 object streams
 74 named destinations out of 1000 (max. 500000)
 249 words of extra memory for PDF output out of 10000 (max. 10000000)

