

*******************************************************************************
Tue Oct  1 11:16:03 2019


FIT:    data read from "tiempos_ej3.dat"
        format = z
        #datapoints = 17
        residuals are weighted equally (unit weight)

function used for fitting: f(x)
	f(x)=a*log_2(x)
fitted parameters initialized with current variable values



*******************************************************************************
Tue Oct  1 11:16:30 2019


FIT:    data read from "tiempos_ej3.dat"
        format = z
        #datapoints = 17
        residuals are weighted equally (unit weight)

function used for fitting: f(x)
	f(x)=a*log2(x)
fitted parameters initialized with current variable values



*******************************************************************************
Tue Oct  1 11:16:41 2019


FIT:    data read from "tiempos_ej3.dat"
        format = z
        #datapoints = 17
        residuals are weighted equally (unit weight)

function used for fitting: f(x)
	f(x)=a*Log2(x)
fitted parameters initialized with current variable values



*******************************************************************************
Tue Oct  1 11:17:29 2019


FIT:    data read from "tiempos_ej3.dat"
        format = z
        #datapoints = 17
        residuals are weighted equally (unit weight)

function used for fitting: f(x)
	f(x)=a*(log(x)/log(e))
fitted parameters initialized with current variable values



*******************************************************************************
Tue Oct  1 11:17:53 2019


FIT:    data read from "tiempos_ej3.dat"
        format = z
        #datapoints = 17
        residuals are weighted equally (unit weight)

function used for fitting: f(x)
	f(x)=a*(Log10(x)/Log10(2))
fitted parameters initialized with current variable values



*******************************************************************************
Tue Oct  1 11:18:27 2019


FIT:    data read from "tiempos_ej3.dat"
        format = z
        #datapoints = 17
        residuals are weighted equally (unit weight)

function used for fitting: f(x)
	f(x)=a*(log(x)/log(2))
fitted parameters initialized with current variable values

iter      chisq       delta/lim  lambda   a            
   0 7.7549919355e+03   0.00e+00  2.14e+01    1.000000e+00
   4 1.4306971182e-10  -2.00e-01  2.14e-03    5.199529e-07

After 4 iterations the fit converged.
final sum of squares of residuals : 1.4307e-10
rel. change during last iteration : -2.00068e-06

degrees of freedom    (FIT_NDF)                        : 16
rms of residuals      (FIT_STDFIT) = sqrt(WSSR/ndf)    : 2.99029e-06
variance of residuals (reduced chisquare) = WSSR/ndf   : 8.94186e-12

Final set of parameters            Asymptotic Standard Error
=======================            ==========================
a               = 5.19953e-07      +/- 3.396e-08    (6.531%)


*******************************************************************************
Tue Oct  1 11:21:52 2019


FIT:    data read from "tiempos_ej3.dat"
        format = z
        #datapoints = 17
        residuals are weighted equally (unit weight)

function used for fitting: f(x)
	f(x)=a*x+b
fitted parameters initialized with current variable values

iter      chisq       delta/lim  lambda   a             b            
   0 3.8430716920e+17   0.00e+00  1.06e+08    1.000000e+00   1.000000e+00
   5 1.3999920829e+01  -2.48e-02  1.06e+03   -2.793821e-09   9.999999e-01

After 5 iterations the fit converged.
final sum of squares of residuals : 13.9999
rel. change during last iteration : -2.47723e-07

degrees of freedom    (FIT_NDF)                        : 15
rms of residuals      (FIT_STDFIT) = sqrt(WSSR/ndf)    : 0.966089
variance of residuals (reduced chisquare) = WSSR/ndf   : 0.933328

Final set of parameters            Asymptotic Standard Error
=======================            ==========================
a               = -2.79382e-09     +/- 1.717e-09    (61.47%)
b               = 1                +/- 0.2582       (25.82%)

correlation matrix of the fit parameters:
                a      b      
a               1.000 
b              -0.420  1.000 
