\BOOKMARK [1][-]{section.1}{Soporte hardware \( HW\) al sistema operativo}{}% 1
\BOOKMARK [2][-]{subsection.1.1}{Elementos B\341sicos}{section.1}% 2
\BOOKMARK [2][-]{subsection.1.2}{Registros del procesador}{section.1}% 3
\BOOKMARK [3][-]{subsubsection.1.2.1}{Registros visibles para el usuario}{subsection.1.2}% 4
\BOOKMARK [3][-]{subsubsection.1.2.2}{Registros de control y estado}{subsection.1.2}% 5
\BOOKMARK [2][-]{subsection.1.3}{Ejecucion de instrucciones}{section.1}% 6
\BOOKMARK [3][-]{subsubsection.1.3.1}{Busqueda y ejecucion de una instruccion}{subsection.1.3}% 7
\BOOKMARK [3][-]{subsubsection.1.3.2}{Sistema de E/S}{subsection.1.3}% 8
\BOOKMARK [2][-]{subsection.1.4}{Interrupciones}{section.1}% 9
\BOOKMARK [3][-]{subsubsection.1.4.1}{Interrupciones y el ciclo de instrucci\363n}{subsection.1.4}% 10
\BOOKMARK [3][-]{subsubsection.1.4.2}{Procesamiento de interrupciones}{subsection.1.4}% 11
\BOOKMARK [3][-]{subsubsection.1.4.3}{Multiples interrupciones}{subsection.1.4}% 12
\BOOKMARK [3][-]{subsubsection.1.4.4}{Multiprogramaci\363n}{subsection.1.4}% 13
\BOOKMARK [2][-]{subsection.1.5}{T\351cnicas de comunicaci\363n E/S}{section.1}% 14
\BOOKMARK [3][-]{subsubsection.1.5.1}{E/S programada}{subsection.1.5}% 15
\BOOKMARK [3][-]{subsubsection.1.5.2}{E/S dirigida por interrupciones}{subsection.1.5}% 16
\BOOKMARK [3][-]{subsubsection.1.5.3}{Acceso directo a memoria}{subsection.1.5}% 17
\BOOKMARK [2][-]{subsection.1.6}{Control de procedimientos}{section.1}% 18
\BOOKMARK [3][-]{subsubsection.1.6.1}{Implementaci\363n de la pila}{subsection.1.6}% 19
\BOOKMARK [3][-]{subsubsection.1.6.2}{Llamadas y retornos de procedimientos}{subsection.1.6}% 20
\BOOKMARK [3][-]{subsubsection.1.6.3}{Procedimientos reentrantes}{subsection.1.6}% 21
\BOOKMARK [1][-]{section.2}{Estructura del sistema operativo}{}% 22
\BOOKMARK [2][-]{subsection.2.1}{Objetivos y funciones de los SOs}{section.2}% 23
\BOOKMARK [3][-]{subsubsection.2.1.1}{El sistema operativo como una interfaz de usuario/computador}{subsection.2.1}% 24
\BOOKMARK [3][-]{subsubsection.2.1.2}{El SO como gestor de recursos}{subsection.2.1}% 25
\BOOKMARK [3][-]{subsubsection.2.1.3}{Facilidad de evoluci\363n de un sistema operativo}{subsection.2.1}% 26
\BOOKMARK [2][-]{subsection.2.2}{La evoluci\363n de los sistemas operativos}{section.2}% 27
\BOOKMARK [3][-]{subsubsection.2.2.1}{Procesamiento serie}{subsection.2.2}% 28
\BOOKMARK [3][-]{subsubsection.2.2.2}{Sistemas en lotes sencillos}{subsection.2.2}% 29
\BOOKMARK [3][-]{subsubsection.2.2.3}{Sistemas en lotes multiprogramados}{subsection.2.2}% 30
\BOOKMARK [3][-]{subsubsection.2.2.4}{Sistemas de tiempo compartido}{subsection.2.2}% 31
\BOOKMARK [2][-]{subsection.2.3}{Principales logros}{section.2}% 32
\BOOKMARK [3][-]{subsubsection.2.3.1}{Procesos}{subsection.2.3}% 33
\BOOKMARK [3][-]{subsubsection.2.3.2}{Gesti\363n de memoria}{subsection.2.3}% 34
\BOOKMARK [3][-]{subsubsection.2.3.3}{Protecci\363n y seguridad de informaci\363n}{subsection.2.3}% 35
\BOOKMARK [3][-]{subsubsection.2.3.4}{Planificaci\363n y gesti\363n de los recursos}{subsection.2.3}% 36
\BOOKMARK [3][-]{subsubsection.2.3.5}{Estructura del sistema}{subsection.2.3}% 37
\BOOKMARK [2][-]{subsection.2.4}{Desarrollos que han llevado a los sistemas operativos modernos}{section.2}% 38
\BOOKMARK [2][-]{subsection.2.5}{Sistemas Unix tradicionales}{section.2}% 39
\BOOKMARK [3][-]{subsubsection.2.5.1}{Descripci\363n}{subsection.2.5}% 40
\BOOKMARK [2][-]{subsection.2.6}{Sistemas unix modernos}{section.2}% 41
\BOOKMARK [3][-]{subsubsection.2.6.1}{System V relesase 4 \(SVR4\)}{subsection.2.6}% 42
\BOOKMARK [3][-]{subsubsection.2.6.2}{SOLARIS 9}{subsection.2.6}% 43
\BOOKMARK [3][-]{subsubsection.2.6.3}{4.4BSD}{subsection.2.6}% 44
\BOOKMARK [2][-]{subsection.2.7}{Linux}{section.2}% 45
\BOOKMARK [3][-]{subsubsection.2.7.1}{Estructura modular}{subsection.2.7}% 46
\BOOKMARK [3][-]{subsubsection.2.7.2}{Componentes del n\372cleo}{subsection.2.7}% 47
\BOOKMARK [1][-]{section.3}{Virtualizaci\363n}{}% 48
\BOOKMARK [2][-]{subsubsection.3.0.1}{Tipos de virtualizaci\363n}{section.3}% 49
\BOOKMARK [3][-]{subsubsection.3.0.2}{Hipervisor y m\341quinas virtuales}{subsubsection.3.0.1}% 50
\BOOKMARK [3][-]{subsubsection.3.0.3}{Tipos de hipervisor desde Popek y Goldberg}{subsubsection.3.0.1}% 51
\BOOKMARK [3][-]{subsubsection.3.0.4}{Razones para virtualizar}{subsubsection.3.0.1}% 52
\BOOKMARK [3][-]{subsubsection.3.0.5}{Implementaci\363n}{subsubsection.3.0.1}% 53
\BOOKMARK [3][-]{subsubsection.3.0.6}{Funciones del hipervisor}{subsubsection.3.0.1}% 54
\BOOKMARK [3][-]{subsubsection.3.0.7}{Comparaci\363n hipervisores tipo 1 y tipo 2}{subsubsection.3.0.1}% 55
\BOOKMARK [3][-]{subsubsection.3.0.8}{HW-assisted virtualization}{subsubsection.3.0.1}% 56
\BOOKMARK [3][-]{subsubsection.3.0.9}{Os-level virtualization}{subsubsection.3.0.1}% 57
\BOOKMARK [3][-]{subsubsection.3.0.10}{UML y KMV}{subsubsection.3.0.1}% 58
\BOOKMARK [1][-]{section.4}{Hilos,SMP y micron\372cleos}{}% 59
\BOOKMARK [2][-]{subsection.4.1}{Micron\372cleos}{section.4}% 60
\BOOKMARK [3][-]{subsubsection.4.1.1}{Arquitectura micron\372cleo}{subsection.4.1}% 61
\BOOKMARK [3][-]{subsubsection.4.1.2}{Beneficios de una organizaci\363n micron\372cleo}{subsection.4.1}% 62
\BOOKMARK [3][-]{subsubsection.4.1.3}{Rendimiento del micron\372cleo}{subsection.4.1}% 63
\BOOKMARK [3][-]{subsubsection.4.1.4}{Dise\361o del micron\372cleo}{subsection.4.1}% 64
\BOOKMARK [1][-]{section.5}{Sistemas operativos de prop\363sito espec\355fico}{}% 65
\BOOKMARK [2][-]{subsection.5.1}{Planificaci\363n de tiempo real}{section.5}% 66
\BOOKMARK [3][-]{subsubsection.5.1.1}{Antecedentes}{subsection.5.1}% 67
\BOOKMARK [3][-]{subsubsection.5.1.2}{Caracter\355sticas de los sistemas operativos de tiempo real}{subsection.5.1}% 68
\BOOKMARK [3][-]{subsubsection.5.1.3}{Planificaci\363n de tiempo real}{subsection.5.1}% 69
\BOOKMARK [2][-]{subsection.5.2}{Multiprocesamiento sim\351trico}{section.5}% 70
\BOOKMARK [3][-]{subsubsection.5.2.1}{Arquitectura SMP}{subsection.5.2}% 71
\BOOKMARK [1][-]{section.6}{Descripci\363n y control de procesos}{}% 72
\BOOKMARK [2][-]{subsection.6.1}{\277Qu\351 es un proceso?}{section.6}% 73
\BOOKMARK [3][-]{subsubsection.6.1.1}{Procesos y bloques de control de procesos}{subsection.6.1}% 74
\BOOKMARK [2][-]{subsection.6.2}{Estado de los procesos}{section.6}% 75
\BOOKMARK [3][-]{subsubsection.6.2.1}{Modelo de dos estados}{subsection.6.2}% 76
\BOOKMARK [3][-]{subsubsection.6.2.2}{Creci\363n y terminaci\363n de procesos}{subsection.6.2}% 77
\BOOKMARK [3][-]{subsubsection.6.2.3}{Modelo de proceso de cinco estados}{subsection.6.2}% 78
\BOOKMARK [3][-]{subsubsection.6.2.4}{Procesos suspendidos}{subsection.6.2}% 79
\BOOKMARK [2][-]{subsection.6.3}{Descripci\363n de procesos}{section.6}% 80
\BOOKMARK [3][-]{subsubsection.6.3.1}{Estructuras de control del SO}{subsection.6.3}% 81
\BOOKMARK [3][-]{subsubsection.6.3.2}{Estructuras de control de procesos}{subsection.6.3}% 82
\BOOKMARK [2][-]{subsection.6.4}{Control de proceso}{section.6}% 83
\BOOKMARK [3][-]{subsubsection.6.4.1}{Modos de ejecuci\363n}{subsection.6.4}% 84
\BOOKMARK [3][-]{subsubsection.6.4.2}{Creaci\363n de procesos}{subsection.6.4}% 85
\BOOKMARK [3][-]{subsubsection.6.4.3}{Cambio de proceso}{subsection.6.4}% 86
\BOOKMARK [3][-]{subsubsection.6.4.4}{Ejecuci\363n del SO}{subsection.6.4}% 87
\BOOKMARK [1][-]{section.7}{Hilos,SMP y micron\372cleos}{}% 88
\BOOKMARK [2][-]{subsection.7.1}{Procesos e hilos}{section.7}% 89
\BOOKMARK [3][-]{subsubsection.7.1.1}{Multhilo}{subsection.7.1}% 90
\BOOKMARK [3][-]{subsubsection.7.1.2}{Funcionalidades de los hilos}{subsection.7.1}% 91
\BOOKMARK [3][-]{subsubsection.7.1.3}{Hilos de nivel de usuario y de nivel de n\372cleo}{subsection.7.1}% 92
\BOOKMARK [3][-]{subsubsection.7.1.4}{Otras configuraciones}{subsection.7.1}% 93
\BOOKMARK [1][-]{section.8}{Planificaci\363n uniprocesador.}{}% 94
\BOOKMARK [2][-]{subsection.8.1}{Tipos de planificaci\363n del procesador}{section.8}% 95
\BOOKMARK [3][-]{subsubsection.8.1.1}{Planificaci\363n a largo plazo}{subsection.8.1}% 96
\BOOKMARK [3][-]{subsubsection.8.1.2}{Planificaci\363n a medio plazo}{subsection.8.1}% 97
\BOOKMARK [3][-]{subsubsection.8.1.3}{Planificaci\363n a corto plazo}{subsection.8.1}% 98
\BOOKMARK [2][-]{subsection.8.2}{Algotirmos de planificaci\363n}{section.8}% 99
\BOOKMARK [3][-]{subsubsection.8.2.1}{Criterios de la planificaci\363n a corto plazo}{subsection.8.2}% 100
\BOOKMARK [3][-]{subsubsection.8.2.2}{El uso de prioridades}{subsection.8.2}% 101
\BOOKMARK [3][-]{subsubsection.8.2.3}{Pol\355ticas de planficaci\363n alternativas}{subsection.8.2}% 102
\BOOKMARK [1][-]{section.9}{Planificaci\363n multiprocesador y tiempo real}{}% 103
\BOOKMARK [2][-]{subsection.9.1}{Panificaci\363n multiprocesador}{section.9}% 104
\BOOKMARK [3][-]{subsubsection.9.1.1}{Aspectos de dise\361o}{subsection.9.1}% 105
\BOOKMARK [3][-]{subsubsection.9.1.2}{Planificaci\363n de procesos}{subsection.9.1}% 106
\BOOKMARK [3][-]{subsubsection.9.1.3}{Planificaci\363n de hilos}{subsection.9.1}% 107
\BOOKMARK [1][-]{section.10}{Jerarqu\355a de memoria}{}% 108
\BOOKMARK [2][-]{subsection.10.1}{Jerarqu\355a de memoria y conceptos sobre cach\351s}{section.10}% 109
\BOOKMARK [2][-]{subsection.10.2}{Memoria cach\351}{section.10}% 110
\BOOKMARK [3][-]{subsubsection.10.2.1}{Motivaci\363n}{subsection.10.2}% 111
\BOOKMARK [3][-]{subsubsection.10.2.2}{Fundamentos de la cache}{subsection.10.2}% 112
\BOOKMARK [3][-]{subsubsection.10.2.3}{Dise\361o de la cach\351}{subsection.10.2}% 113
\BOOKMARK [2][-]{subsection.10.3}{Hardware y estructuras de control}{section.10}% 114
\BOOKMARK [3][-]{subsubsection.10.3.1}{Proximidad y memoria virtual}{subsection.10.3}% 115
\BOOKMARK [3][-]{subsubsection.10.3.2}{Paginaci\363n}{subsection.10.3}% 116
